a:6:{s:3:"row";i:1;s:7:"message";s:27:"User imported successfully.";s:6:"status";b:1;s:10:"status_msg";s:7:"Success";s:7:"post_id";i:5;s:9:"post_link";a:2:{s:8:"edit_url";s:49:"https://qonty.co/wp-admin/user-edit.php?user_id=5";s:5:"title";s:9:"6aruujain";}}
a:6:{s:3:"row";i:2;s:7:"message";s:27:"User imported successfully.";s:6:"status";b:1;s:10:"status_msg";s:7:"Success";s:7:"post_id";i:6;s:9:"post_link";a:2:{s:8:"edit_url";s:49:"https://qonty.co/wp-admin/user-edit.php?user_id=6";s:5:"title";s:12:"aarti.luthra";}}
a:6:{s:3:"row";i:3;s:7:"message";s:27:"User imported successfully.";s:6:"status";b:1;s:10:"status_msg";s:7:"Success";s:7:"post_id";i:7;s:9:"post_link";a:2:{s:8:"edit_url";s:49:"https://qonty.co/wp-admin/user-edit.php?user_id=7";s:5:"title";s:11:"abhay.kumar";}}
a:6:{s:3:"row";i:4;s:7:"message";s:27:"User imported successfully.";s:6:"status";b:1;s:10:"status_msg";s:7:"Success";s:7:"post_id";i:8;s:9:"post_link";a:2:{s:8:"edit_url";s:49:"https://qonty.co/wp-admin/user-edit.php?user_id=8";s:5:"title";s:12:"AdminZaxHH34";}}
a:6:{s:3:"row";i:5;s:7:"message";s:27:"User imported successfully.";s:6:"status";b:1;s:10:"status_msg";s:7:"Success";s:7:"post_id";i:9;s:9:"post_link";a:2:{s:8:"edit_url";s:49:"https://qonty.co/wp-admin/user-edit.php?user_id=9";s:5:"title";s:11:"akshay90570";}}
a:6:{s:3:"row";i:6;s:7:"message";s:27:"User imported successfully.";s:6:"status";b:1;s:10:"status_msg";s:7:"Success";s:7:"post_id";i:10;s:9:"post_link";a:2:{s:8:"edit_url";s:50:"https://qonty.co/wp-admin/user-edit.php?user_id=10";s:5:"title";s:9:"anand.r b";}}
a:6:{s:3:"row";i:7;s:7:"message";s:27:"User imported successfully.";s:6:"status";b:1;s:10:"status_msg";s:7:"Success";s:7:"post_id";i:11;s:9:"post_link";a:2:{s:8:"edit_url";s:50:"https://qonty.co/wp-admin/user-edit.php?user_id=11";s:5:"title";s:16:"ankitmahajan1203";}}
a:6:{s:3:"row";i:8;s:7:"message";s:27:"User imported successfully.";s:6:"status";b:1;s:10:"status_msg";s:7:"Success";s:7:"post_id";i:12;s:9:"post_link";a:2:{s:8:"edit_url";s:50:"https://qonty.co/wp-admin/user-edit.php?user_id=12";s:5:"title";s:13:"ankush.sharma";}}
a:6:{s:3:"row";i:9;s:7:"message";s:27:"User imported successfully.";s:6:"status";b:1;s:10:"status_msg";s:7:"Success";s:7:"post_id";i:13;s:9:"post_link";a:2:{s:8:"edit_url";s:50:"https://qonty.co/wp-admin/user-edit.php?user_id=13";s:5:"title";s:13:"anshika.verma";}}
a:6:{s:3:"row";i:10;s:7:"message";s:27:"User imported successfully.";s:6:"status";b:1;s:10:"status_msg";s:7:"Success";s:7:"post_id";i:14;s:9:"post_link";a:2:{s:8:"edit_url";s:50:"https://qonty.co/wp-admin/user-edit.php?user_id=14";s:5:"title";s:18:"anshika.verma-3811";}}
a:6:{s:3:"row";i:11;s:7:"message";s:27:"User imported successfully.";s:6:"status";b:1;s:10:"status_msg";s:7:"Success";s:7:"post_id";i:15;s:9:"post_link";a:2:{s:8:"edit_url";s:50:"https://qonty.co/wp-admin/user-edit.php?user_id=15";s:5:"title";s:8:"apqfdycj";}}
a:6:{s:3:"row";i:12;s:7:"message";s:27:"User imported successfully.";s:6:"status";b:1;s:10:"status_msg";s:7:"Success";s:7:"post_id";i:16;s:9:"post_link";a:2:{s:8:"edit_url";s:50:"https://qonty.co/wp-admin/user-edit.php?user_id=16";s:5:"title";s:23:"arihant binayakiya.jain";}}
a:6:{s:3:"row";i:13;s:7:"message";s:27:"User imported successfully.";s:6:"status";b:1;s:10:"status_msg";s:7:"Success";s:7:"post_id";i:17;s:9:"post_link";a:2:{s:8:"edit_url";s:50:"https://qonty.co/wp-admin/user-edit.php?user_id=17";s:5:"title";s:15:"arjun.kanzariya";}}
a:6:{s:3:"row";i:14;s:7:"message";s:27:"User imported successfully.";s:6:"status";b:1;s:10:"status_msg";s:7:"Success";s:7:"post_id";i:18;s:9:"post_link";a:2:{s:8:"edit_url";s:50:"https://qonty.co/wp-admin/user-edit.php?user_id=18";s:5:"title";s:11:"artygiggles";}}
a:6:{s:3:"row";i:15;s:7:"message";s:27:"User imported successfully.";s:6:"status";b:1;s:10:"status_msg";s:7:"Success";s:7:"post_id";i:19;s:9:"post_link";a:2:{s:8:"edit_url";s:50:"https://qonty.co/wp-admin/user-edit.php?user_id=19";s:5:"title";s:16:"artygiggles-3043";}}
a:6:{s:3:"row";i:16;s:7:"message";s:27:"User imported successfully.";s:6:"status";b:1;s:10:"status_msg";s:7:"Success";s:7:"post_id";i:20;s:9:"post_link";a:2:{s:8:"edit_url";s:50:"https://qonty.co/wp-admin/user-edit.php?user_id=20";s:5:"title";s:12:"ashish.jethi";}}
a:6:{s:3:"row";i:17;s:7:"message";s:27:"User imported successfully.";s:6:"status";b:1;s:10:"status_msg";s:7:"Success";s:7:"post_id";i:21;s:9:"post_link";a:2:{s:8:"edit_url";s:50:"https://qonty.co/wp-admin/user-edit.php?user_id=21";s:5:"title";s:14:"bhushanadhari3";}}
a:6:{s:3:"row";i:18;s:7:"message";s:27:"User imported successfully.";s:6:"status";b:1;s:10:"status_msg";s:7:"Success";s:7:"post_id";i:22;s:9:"post_link";a:2:{s:8:"edit_url";s:50:"https://qonty.co/wp-admin/user-edit.php?user_id=22";s:5:"title";s:22:"chakrabortybiswajit113";}}
a:6:{s:3:"row";i:19;s:7:"message";s:27:"User imported successfully.";s:6:"status";b:1;s:10:"status_msg";s:7:"Success";s:7:"post_id";i:23;s:9:"post_link";a:2:{s:8:"edit_url";s:50:"https://qonty.co/wp-admin/user-edit.php?user_id=23";s:5:"title";s:14:"chandni.sharma";}}
a:6:{s:3:"row";i:20;s:7:"message";s:27:"User imported successfully.";s:6:"status";b:1;s:10:"status_msg";s:7:"Success";s:7:"post_id";i:24;s:9:"post_link";a:2:{s:8:"edit_url";s:50:"https://qonty.co/wp-admin/user-edit.php?user_id=24";s:5:"title";s:8:"charan.s";}}
a:6:{s:3:"row";i:21;s:7:"message";s:27:"User imported successfully.";s:6:"status";b:1;s:10:"status_msg";s:7:"Success";s:7:"post_id";i:25;s:9:"post_link";a:2:{s:8:"edit_url";s:50:"https://qonty.co/wp-admin/user-edit.php?user_id=25";s:5:"title";s:13:"chaubeygds715";}}
a:6:{s:3:"row";i:22;s:7:"message";s:27:"User imported successfully.";s:6:"status";b:1;s:10:"status_msg";s:7:"Success";s:7:"post_id";i:26;s:9:"post_link";a:2:{s:8:"edit_url";s:50:"https://qonty.co/wp-admin/user-edit.php?user_id=26";s:5:"title";s:4:"demo";}}
a:6:{s:3:"row";i:23;s:7:"message";s:27:"User imported successfully.";s:6:"status";b:1;s:10:"status_msg";s:7:"Success";s:7:"post_id";i:27;s:9:"post_link";a:2:{s:8:"edit_url";s:50:"https://qonty.co/wp-admin/user-edit.php?user_id=27";s:5:"title";s:7:"diffhes";}}
a:6:{s:3:"row";i:24;s:7:"message";s:27:"User imported successfully.";s:6:"status";b:1;s:10:"status_msg";s:7:"Success";s:7:"post_id";i:28;s:9:"post_link";a:2:{s:8:"edit_url";s:50:"https://qonty.co/wp-admin/user-edit.php?user_id=28";s:5:"title";s:15:"digvijay.pandey";}}
a:6:{s:3:"row";i:25;s:7:"message";s:27:"User imported successfully.";s:6:"status";b:1;s:10:"status_msg";s:7:"Success";s:7:"post_id";i:29;s:9:"post_link";a:2:{s:8:"edit_url";s:50:"https://qonty.co/wp-admin/user-edit.php?user_id=29";s:5:"title";s:24:"dimafokin199506780tx2393";}}
a:6:{s:3:"row";i:26;s:7:"message";s:27:"User imported successfully.";s:6:"status";b:1;s:10:"status_msg";s:7:"Success";s:7:"post_id";i:30;s:9:"post_link";a:2:{s:8:"edit_url";s:50:"https://qonty.co/wp-admin/user-edit.php?user_id=30";s:5:"title";s:9:"docsri123";}}
a:6:{s:3:"row";i:27;s:7:"message";s:27:"User imported successfully.";s:6:"status";b:1;s:10:"status_msg";s:7:"Success";s:7:"post_id";i:31;s:9:"post_link";a:2:{s:8:"edit_url";s:50:"https://qonty.co/wp-admin/user-edit.php?user_id=31";s:5:"title";s:8:"docsri17";}}
a:6:{s:3:"row";i:28;s:7:"message";s:27:"User imported successfully.";s:6:"status";b:1;s:10:"status_msg";s:7:"Success";s:7:"post_id";i:32;s:9:"post_link";a:2:{s:8:"edit_url";s:50:"https://qonty.co/wp-admin/user-edit.php?user_id=32";s:5:"title";s:8:"eireyela";}}
a:6:{s:3:"row";i:29;s:7:"message";s:27:"User imported successfully.";s:6:"status";b:1;s:10:"status_msg";s:7:"Success";s:7:"post_id";i:33;s:9:"post_link";a:2:{s:8:"edit_url";s:50:"https://qonty.co/wp-admin/user-edit.php?user_id=33";s:5:"title";s:8:"gawipowe";}}
a:6:{s:3:"row";i:30;s:7:"message";s:27:"User imported successfully.";s:6:"status";b:1;s:10:"status_msg";s:7:"Success";s:7:"post_id";i:34;s:9:"post_link";a:2:{s:8:"edit_url";s:50:"https://qonty.co/wp-admin/user-edit.php?user_id=34";s:5:"title";s:10:"gkeshari49";}}
a:6:{s:3:"row";i:31;s:7:"message";s:27:"User imported successfully.";s:6:"status";b:1;s:10:"status_msg";s:7:"Success";s:7:"post_id";i:35;s:9:"post_link";a:2:{s:8:"edit_url";s:50:"https://qonty.co/wp-admin/user-edit.php?user_id=35";s:5:"title";s:10:"goel.rajat";}}
a:6:{s:3:"row";i:32;s:7:"message";s:27:"User imported successfully.";s:6:"status";b:1;s:10:"status_msg";s:7:"Success";s:7:"post_id";i:36;s:9:"post_link";a:2:{s:8:"edit_url";s:50:"https://qonty.co/wp-admin/user-edit.php?user_id=36";s:5:"title";s:14:"harshal.kamthe";}}
a:6:{s:3:"row";i:33;s:7:"message";s:66:"User with same Email already exists. Email: jalpa@innovuratech.com";s:6:"status";b:0;s:10:"status_msg";s:14:"Failed/Skipped";s:7:"post_id";s:0:"";s:9:"post_link";a:2:{s:5:"title";s:8:"Untitled";s:8:"edit_url";b:0;}}
a:6:{s:3:"row";i:34;s:7:"message";s:27:"User imported successfully.";s:6:"status";b:1;s:10:"status_msg";s:7:"Success";s:7:"post_id";i:37;s:9:"post_link";a:2:{s:8:"edit_url";s:50:"https://qonty.co/wp-admin/user-edit.php?user_id=37";s:5:"title";s:18:"jayesh.vishwakarma";}}
a:6:{s:3:"row";i:35;s:7:"message";s:27:"User imported successfully.";s:6:"status";b:1;s:10:"status_msg";s:7:"Success";s:7:"post_id";i:38;s:9:"post_link";a:2:{s:8:"edit_url";s:50:"https://qonty.co/wp-admin/user-edit.php?user_id=38";s:5:"title";s:10:"jpgheewala";}}
a:6:{s:3:"row";i:36;s:7:"message";s:27:"User imported successfully.";s:6:"status";b:1;s:10:"status_msg";s:7:"Success";s:7:"post_id";i:39;s:9:"post_link";a:2:{s:8:"edit_url";s:50:"https://qonty.co/wp-admin/user-edit.php?user_id=39";s:5:"title";s:21:"ka.ee.m.cc.oy.1.99.7.";}}
a:6:{s:3:"row";i:37;s:7:"message";s:27:"User imported successfully.";s:6:"status";b:1;s:10:"status_msg";s:7:"Success";s:7:"post_id";i:40;s:9:"post_link";a:2:{s:8:"edit_url";s:50:"https://qonty.co/wp-admin/user-edit.php?user_id=40";s:5:"title";s:10:"kajal.jain";}}
a:6:{s:3:"row";i:38;s:7:"message";s:27:"User imported successfully.";s:6:"status";b:1;s:10:"status_msg";s:7:"Success";s:7:"post_id";i:41;s:9:"post_link";a:2:{s:8:"edit_url";s:50:"https://qonty.co/wp-admin/user-edit.php?user_id=41";s:5:"title";s:9:"keshu1may";}}
a:6:{s:3:"row";i:39;s:7:"message";s:27:"User imported successfully.";s:6:"status";b:1;s:10:"status_msg";s:7:"Success";s:7:"post_id";i:42;s:9:"post_link";a:2:{s:8:"edit_url";s:50:"https://qonty.co/wp-admin/user-edit.php?user_id=42";s:5:"title";s:8:"krysgill";}}
a:6:{s:3:"row";i:40;s:7:"message";s:27:"User imported successfully.";s:6:"status";b:1;s:10:"status_msg";s:7:"Success";s:7:"post_id";i:43;s:9:"post_link";a:2:{s:8:"edit_url";s:50:"https://qonty.co/wp-admin/user-edit.php?user_id=43";s:5:"title";s:21:"ksenofontmaidanov1t7v";}}
a:6:{s:3:"row";i:41;s:7:"message";s:27:"User imported successfully.";s:6:"status";b:1;s:10:"status_msg";s:7:"Success";s:7:"post_id";i:44;s:9:"post_link";a:2:{s:8:"edit_url";s:50:"https://qonty.co/wp-admin/user-edit.php?user_id=44";s:5:"title";s:13:"lamin.andrews";}}
a:6:{s:3:"row";i:42;s:7:"message";s:27:"User imported successfully.";s:6:"status";b:1;s:10:"status_msg";s:7:"Success";s:7:"post_id";i:45;s:9:"post_link";a:2:{s:8:"edit_url";s:50:"https://qonty.co/wp-admin/user-edit.php?user_id=45";s:5:"title";s:10:"maill3.xyz";}}
a:6:{s:3:"row";i:43;s:7:"message";s:27:"User imported successfully.";s:6:"status";b:1;s:10:"status_msg";s:7:"Success";s:7:"post_id";i:46;s:9:"post_link";a:2:{s:8:"edit_url";s:50:"https://qonty.co/wp-admin/user-edit.php?user_id=46";s:5:"title";s:10:"maill6.xyz";}}
a:6:{s:3:"row";i:44;s:7:"message";s:27:"User imported successfully.";s:6:"status";b:1;s:10:"status_msg";s:7:"Success";s:7:"post_id";i:47;s:9:"post_link";a:2:{s:8:"edit_url";s:50:"https://qonty.co/wp-admin/user-edit.php?user_id=47";s:5:"title";s:12:"manisha.s219";}}
a:6:{s:3:"row";i:45;s:7:"message";s:27:"User imported successfully.";s:6:"status";b:1;s:10:"status_msg";s:7:"Success";s:7:"post_id";i:48;s:9:"post_link";a:2:{s:8:"edit_url";s:50:"https://qonty.co/wp-admin/user-edit.php?user_id=48";s:5:"title";s:19:"maucalreappplup1978";}}
a:6:{s:3:"row";i:46;s:7:"message";s:27:"User imported successfully.";s:6:"status";b:1;s:10:"status_msg";s:7:"Success";s:7:"post_id";i:49;s:9:"post_link";a:2:{s:8:"edit_url";s:50:"https://qonty.co/wp-admin/user-edit.php?user_id=49";s:5:"title";s:14:"mohinderpal469";}}
a:6:{s:3:"row";i:47;s:7:"message";s:27:"User imported successfully.";s:6:"status";b:1;s:10:"status_msg";s:7:"Success";s:7:"post_id";i:50;s:9:"post_link";a:2:{s:8:"edit_url";s:50:"https://qonty.co/wp-admin/user-edit.php?user_id=50";s:5:"title";s:19:"mohitparamvipji0786";}}
a:6:{s:3:"row";i:48;s:7:"message";s:27:"User imported successfully.";s:6:"status";b:1;s:10:"status_msg";s:7:"Success";s:7:"post_id";i:51;s:9:"post_link";a:2:{s:8:"edit_url";s:50:"https://qonty.co/wp-admin/user-edit.php?user_id=51";s:5:"title";s:14:"monica.jolly83";}}
a:6:{s:3:"row";i:49;s:7:"message";s:27:"User imported successfully.";s:6:"status";b:1;s:10:"status_msg";s:7:"Success";s:7:"post_id";i:52;s:9:"post_link";a:2:{s:8:"edit_url";s:50:"https://qonty.co/wp-admin/user-edit.php?user_id=52";s:5:"title";s:13:"mrdholekamesh";}}
a:6:{s:3:"row";i:50;s:7:"message";s:27:"User imported successfully.";s:6:"status";b:1;s:10:"status_msg";s:7:"Success";s:7:"post_id";i:53;s:9:"post_link";a:2:{s:8:"edit_url";s:50:"https://qonty.co/wp-admin/user-edit.php?user_id=53";s:5:"title";s:15:"nancygupta.work";}}
a:6:{s:3:"row";i:51;s:7:"message";s:27:"User imported successfully.";s:6:"status";b:1;s:10:"status_msg";s:7:"Success";s:7:"post_id";i:54;s:9:"post_link";a:2:{s:8:"edit_url";s:50:"https://qonty.co/wp-admin/user-edit.php?user_id=54";s:5:"title";s:13:"nikita.rungta";}}
a:6:{s:3:"row";i:52;s:7:"message";s:27:"User imported successfully.";s:6:"status";b:1;s:10:"status_msg";s:7:"Success";s:7:"post_id";i:55;s:9:"post_link";a:2:{s:8:"edit_url";s:50:"https://qonty.co/wp-admin/user-edit.php?user_id=55";s:5:"title";s:14:"parag.vasistha";}}
a:6:{s:3:"row";i:53;s:7:"message";s:27:"User imported successfully.";s:6:"status";b:1;s:10:"status_msg";s:7:"Success";s:7:"post_id";i:56;s:9:"post_link";a:2:{s:8:"edit_url";s:50:"https://qonty.co/wp-admin/user-edit.php?user_id=56";s:5:"title";s:12:"pathik.joshi";}}
a:6:{s:3:"row";i:54;s:7:"message";s:27:"User imported successfully.";s:6:"status";b:1;s:10:"status_msg";s:7:"Success";s:7:"post_id";i:57;s:9:"post_link";a:2:{s:8:"edit_url";s:50:"https://qonty.co/wp-admin/user-edit.php?user_id=57";s:5:"title";s:13:"pradeep.kumar";}}
a:6:{s:3:"row";i:55;s:7:"message";s:27:"User imported successfully.";s:6:"status";b:1;s:10:"status_msg";s:7:"Success";s:7:"post_id";i:58;s:9:"post_link";a:2:{s:8:"edit_url";s:50:"https://qonty.co/wp-admin/user-edit.php?user_id=58";s:5:"title";s:14:"pragatika.guru";}}
a:6:{s:3:"row";i:56;s:7:"message";s:27:"User imported successfully.";s:6:"status";b:1;s:10:"status_msg";s:7:"Success";s:7:"post_id";i:59;s:9:"post_link";a:2:{s:8:"edit_url";s:50:"https://qonty.co/wp-admin/user-edit.php?user_id=59";s:5:"title";s:19:"prakruthi.s.lakshmi";}}
a:6:{s:3:"row";i:57;s:7:"message";s:27:"User imported successfully.";s:6:"status";b:1;s:10:"status_msg";s:7:"Success";s:7:"post_id";i:60;s:9:"post_link";a:2:{s:8:"edit_url";s:50:"https://qonty.co/wp-admin/user-edit.php?user_id=60";s:5:"title";s:9:"pratz.016";}}
a:6:{s:3:"row";i:58;s:7:"message";s:27:"User imported successfully.";s:6:"status";b:1;s:10:"status_msg";s:7:"Success";s:7:"post_id";i:61;s:9:"post_link";a:2:{s:8:"edit_url";s:50:"https://qonty.co/wp-admin/user-edit.php?user_id=61";s:5:"title";s:18:"praveena.devagupta";}}
a:6:{s:3:"row";i:59;s:7:"message";s:27:"User imported successfully.";s:6:"status";b:1;s:10:"status_msg";s:7:"Success";s:7:"post_id";i:62;s:9:"post_link";a:2:{s:8:"edit_url";s:50:"https://qonty.co/wp-admin/user-edit.php?user_id=62";s:5:"title";s:7:"prinleo";}}
a:6:{s:3:"row";i:60;s:7:"message";s:27:"User imported successfully.";s:6:"status";b:1;s:10:"status_msg";s:7:"Success";s:7:"post_id";i:63;s:9:"post_link";a:2:{s:8:"edit_url";s:50:"https://qonty.co/wp-admin/user-edit.php?user_id=63";s:5:"title";s:18:"priyanka.singh deo";}}
a:6:{s:3:"row";i:61;s:7:"message";s:27:"User imported successfully.";s:6:"status";b:1;s:10:"status_msg";s:7:"Success";s:7:"post_id";i:64;s:9:"post_link";a:2:{s:8:"edit_url";s:50:"https://qonty.co/wp-admin/user-edit.php?user_id=64";s:5:"title";s:23:"priyanka.singh deo-5074";}}
a:6:{s:3:"row";i:62;s:7:"message";s:27:"User imported successfully.";s:6:"status";b:1;s:10:"status_msg";s:7:"Success";s:7:"post_id";i:65;s:9:"post_link";a:2:{s:8:"edit_url";s:50:"https://qonty.co/wp-admin/user-edit.php?user_id=65";s:5:"title";s:17:"puneetsankhla1999";}}
a:6:{s:3:"row";i:63;s:7:"message";s:27:"User imported successfully.";s:6:"status";b:1;s:10:"status_msg";s:7:"Success";s:7:"post_id";i:66;s:9:"post_link";a:2:{s:8:"edit_url";s:50:"https://qonty.co/wp-admin/user-edit.php?user_id=66";s:5:"title";s:14:"rahul.shirpure";}}
a:6:{s:3:"row";i:64;s:7:"message";s:27:"User imported successfully.";s:6:"status";b:1;s:10:"status_msg";s:7:"Success";s:7:"post_id";i:67;s:9:"post_link";a:2:{s:8:"edit_url";s:50:"https://qonty.co/wp-admin/user-edit.php?user_id=67";s:5:"title";s:14:"rajat.aggarwal";}}
a:6:{s:3:"row";i:65;s:7:"message";s:27:"User imported successfully.";s:6:"status";b:1;s:10:"status_msg";s:7:"Success";s:7:"post_id";i:68;s:9:"post_link";a:2:{s:8:"edit_url";s:50:"https://qonty.co/wp-admin/user-edit.php?user_id=68";s:5:"title";s:13:"rajmonachadha";}}
a:6:{s:3:"row";i:66;s:7:"message";s:27:"User imported successfully.";s:6:"status";b:1;s:10:"status_msg";s:7:"Success";s:7:"post_id";i:69;s:9:"post_link";a:2:{s:8:"edit_url";s:50:"https://qonty.co/wp-admin/user-edit.php?user_id=69";s:5:"title";s:9:"ram.joshi";}}
a:6:{s:3:"row";i:67;s:7:"message";s:27:"User imported successfully.";s:6:"status";b:1;s:10:"status_msg";s:7:"Success";s:7:"post_id";i:70;s:9:"post_link";a:2:{s:8:"edit_url";s:50:"https://qonty.co/wp-admin/user-edit.php?user_id=70";s:5:"title";s:3:"rao";}}
a:6:{s:3:"row";i:68;s:7:"message";s:27:"User imported successfully.";s:6:"status";b:1;s:10:"status_msg";s:7:"Success";s:7:"post_id";i:71;s:9:"post_link";a:2:{s:8:"edit_url";s:50:"https://qonty.co/wp-admin/user-edit.php?user_id=71";s:5:"title";s:11:"reclkrutika";}}
a:6:{s:3:"row";i:69;s:7:"message";s:27:"User imported successfully.";s:6:"status";b:1;s:10:"status_msg";s:7:"Success";s:7:"post_id";i:72;s:9:"post_link";a:2:{s:8:"edit_url";s:50:"https://qonty.co/wp-admin/user-edit.php?user_id=72";s:5:"title";s:8:"reegyord";}}
a:6:{s:3:"row";i:70;s:7:"message";s:27:"User imported successfully.";s:6:"status";b:1;s:10:"status_msg";s:7:"Success";s:7:"post_id";i:73;s:9:"post_link";a:2:{s:8:"edit_url";s:50:"https://qonty.co/wp-admin/user-edit.php?user_id=73";s:5:"title";s:17:"ritika.srivastava";}}
a:6:{s:3:"row";i:71;s:7:"message";s:27:"User imported successfully.";s:6:"status";b:1;s:10:"status_msg";s:7:"Success";s:7:"post_id";i:74;s:9:"post_link";a:2:{s:8:"edit_url";s:50:"https://qonty.co/wp-admin/user-edit.php?user_id=74";s:5:"title";s:9:"rmala2196";}}
a:6:{s:3:"row";i:72;s:7:"message";s:27:"User imported successfully.";s:6:"status";b:1;s:10:"status_msg";s:7:"Success";s:7:"post_id";i:75;s:9:"post_link";a:2:{s:8:"edit_url";s:50:"https://qonty.co/wp-admin/user-edit.php?user_id=75";s:5:"title";s:21:"rogini.arunindrakumar";}}
a:6:{s:3:"row";i:73;s:7:"message";s:27:"User imported successfully.";s:6:"status";b:1;s:10:"status_msg";s:7:"Success";s:7:"post_id";i:76;s:9:"post_link";a:2:{s:8:"edit_url";s:50:"https://qonty.co/wp-admin/user-edit.php?user_id=76";s:5:"title";s:7:"rxr1337";}}
a:6:{s:3:"row";i:74;s:7:"message";s:27:"User imported successfully.";s:6:"status";b:1;s:10:"status_msg";s:7:"Success";s:7:"post_id";i:77;s:9:"post_link";a:2:{s:8:"edit_url";s:50:"https://qonty.co/wp-admin/user-edit.php?user_id=77";s:5:"title";s:11:"rxrhack1337";}}
a:6:{s:3:"row";i:75;s:7:"message";s:27:"User imported successfully.";s:6:"status";b:1;s:10:"status_msg";s:7:"Success";s:7:"post_id";i:78;s:9:"post_link";a:2:{s:8:"edit_url";s:50:"https://qonty.co/wp-admin/user-edit.php?user_id=78";s:5:"title";s:8:"sadzyona";}}
a:6:{s:3:"row";i:76;s:7:"message";s:27:"User imported successfully.";s:6:"status";b:1;s:10:"status_msg";s:7:"Success";s:7:"post_id";i:79;s:9:"post_link";a:2:{s:8:"edit_url";s:50:"https://qonty.co/wp-admin/user-edit.php?user_id=79";s:5:"title";s:12:"sahil.kasare";}}
a:6:{s:3:"row";i:77;s:7:"message";s:27:"User imported successfully.";s:6:"status";b:1;s:10:"status_msg";s:7:"Success";s:7:"post_id";i:80;s:9:"post_link";a:2:{s:8:"edit_url";s:50:"https://qonty.co/wp-admin/user-edit.php?user_id=80";s:5:"title";s:11:"sakshi.jain";}}
a:6:{s:3:"row";i:78;s:7:"message";s:27:"User imported successfully.";s:6:"status";b:1;s:10:"status_msg";s:7:"Success";s:7:"post_id";i:81;s:9:"post_link";a:2:{s:8:"edit_url";s:50:"https://qonty.co/wp-admin/user-edit.php?user_id=81";s:5:"title";s:13:"sandeep.dogra";}}
a:6:{s:3:"row";i:79;s:7:"message";s:27:"User imported successfully.";s:6:"status";b:1;s:10:"status_msg";s:7:"Success";s:7:"post_id";i:82;s:9:"post_link";a:2:{s:8:"edit_url";s:50:"https://qonty.co/wp-admin/user-edit.php?user_id=82";s:5:"title";s:14:"sangeethmkumar";}}
a:6:{s:3:"row";i:80;s:7:"message";s:27:"User imported successfully.";s:6:"status";b:1;s:10:"status_msg";s:7:"Success";s:7:"post_id";i:83;s:9:"post_link";a:2:{s:8:"edit_url";s:50:"https://qonty.co/wp-admin/user-edit.php?user_id=83";s:5:"title";s:17:"shalin.khandelwal";}}
a:6:{s:3:"row";i:81;s:7:"message";s:27:"User imported successfully.";s:6:"status";b:1;s:10:"status_msg";s:7:"Success";s:7:"post_id";i:84;s:9:"post_link";a:2:{s:8:"edit_url";s:50:"https://qonty.co/wp-admin/user-edit.php?user_id=84";s:5:"title";s:9:"sheikfine";}}
a:6:{s:3:"row";i:82;s:7:"message";s:27:"User imported successfully.";s:6:"status";b:1;s:10:"status_msg";s:7:"Success";s:7:"post_id";i:85;s:9:"post_link";a:2:{s:8:"edit_url";s:50:"https://qonty.co/wp-admin/user-edit.php?user_id=85";s:5:"title";s:17:"shivkumar15101995";}}
a:6:{s:3:"row";i:83;s:7:"message";s:27:"User imported successfully.";s:6:"status";b:1;s:10:"status_msg";s:7:"Success";s:7:"post_id";i:86;s:9:"post_link";a:2:{s:8:"edit_url";s:50:"https://qonty.co/wp-admin/user-edit.php?user_id=86";s:5:"title";s:15:"shravan.k bimal";}}
a:6:{s:3:"row";i:84;s:7:"message";s:27:"User imported successfully.";s:6:"status";b:1;s:10:"status_msg";s:7:"Success";s:7:"post_id";i:87;s:9:"post_link";a:2:{s:8:"edit_url";s:50:"https://qonty.co/wp-admin/user-edit.php?user_id=87";s:5:"title";s:12:"shubham.more";}}
a:6:{s:3:"row";i:85;s:7:"message";s:27:"User imported successfully.";s:6:"status";b:1;s:10:"status_msg";s:7:"Success";s:7:"post_id";i:88;s:9:"post_link";a:2:{s:8:"edit_url";s:50:"https://qonty.co/wp-admin/user-edit.php?user_id=88";s:5:"title";s:19:"shyamalvakharia2002";}}
a:6:{s:3:"row";i:86;s:7:"message";s:27:"User imported successfully.";s:6:"status";b:1;s:10:"status_msg";s:7:"Success";s:7:"post_id";i:89;s:9:"post_link";a:2:{s:8:"edit_url";s:50:"https://qonty.co/wp-admin/user-edit.php?user_id=89";s:5:"title";s:7:"sid21in";}}
a:6:{s:3:"row";i:87;s:7:"message";s:27:"User imported successfully.";s:6:"status";b:1;s:10:"status_msg";s:7:"Success";s:7:"post_id";i:90;s:9:"post_link";a:2:{s:8:"edit_url";s:50:"https://qonty.co/wp-admin/user-edit.php?user_id=90";s:5:"title";s:10:"sksh.goyal";}}
a:6:{s:3:"row";i:88;s:7:"message";s:27:"User imported successfully.";s:6:"status";b:1;s:10:"status_msg";s:7:"Success";s:7:"post_id";i:91;s:9:"post_link";a:2:{s:8:"edit_url";s:50:"https://qonty.co/wp-admin/user-edit.php?user_id=91";s:5:"title";s:10:"somi.singh";}}
a:6:{s:3:"row";i:89;s:7:"message";s:27:"User imported successfully.";s:6:"status";b:1;s:10:"status_msg";s:7:"Success";s:7:"post_id";i:92;s:9:"post_link";a:2:{s:8:"edit_url";s:50:"https://qonty.co/wp-admin/user-edit.php?user_id=92";s:5:"title";s:17:"srinath.amaravadi";}}
a:6:{s:3:"row";i:90;s:7:"message";s:27:"User imported successfully.";s:6:"status";b:1;s:10:"status_msg";s:7:"Success";s:7:"post_id";i:93;s:9:"post_link";a:2:{s:8:"edit_url";s:50:"https://qonty.co/wp-admin/user-edit.php?user_id=93";s:5:"title";s:12:"sujata.patel";}}
a:6:{s:3:"row";i:91;s:7:"message";s:27:"User imported successfully.";s:6:"status";b:1;s:10:"status_msg";s:7:"Success";s:7:"post_id";i:94;s:9:"post_link";a:2:{s:8:"edit_url";s:50:"https://qonty.co/wp-admin/user-edit.php?user_id=94";s:5:"title";s:13:"sumitarh20121";}}
a:6:{s:3:"row";i:92;s:7:"message";s:27:"User imported successfully.";s:6:"status";b:1;s:10:"status_msg";s:7:"Success";s:7:"post_id";i:95;s:9:"post_link";a:2:{s:8:"edit_url";s:50:"https://qonty.co/wp-admin/user-edit.php?user_id=95";s:5:"title";s:20:"suprabhath.kalahasti";}}
a:6:{s:3:"row";i:93;s:7:"message";s:27:"User imported successfully.";s:6:"status";b:1;s:10:"status_msg";s:7:"Success";s:7:"post_id";i:96;s:9:"post_link";a:2:{s:8:"edit_url";s:50:"https://qonty.co/wp-admin/user-edit.php?user_id=96";s:5:"title";s:12:"taniasanduja";}}
a:6:{s:3:"row";i:94;s:7:"message";s:27:"User imported successfully.";s:6:"status";b:1;s:10:"status_msg";s:7:"Success";s:7:"post_id";i:97;s:9:"post_link";a:2:{s:8:"edit_url";s:50:"https://qonty.co/wp-admin/user-edit.php?user_id=97";s:5:"title";s:15:"tanmayroy742123";}}
a:6:{s:3:"row";i:95;s:7:"message";s:27:"User imported successfully.";s:6:"status";b:1;s:10:"status_msg";s:7:"Success";s:7:"post_id";i:98;s:9:"post_link";a:2:{s:8:"edit_url";s:50:"https://qonty.co/wp-admin/user-edit.php?user_id=98";s:5:"title";s:12:"tarunbala608";}}
a:6:{s:3:"row";i:96;s:7:"message";s:27:"User imported successfully.";s:6:"status";b:1;s:10:"status_msg";s:7:"Success";s:7:"post_id";i:99;s:9:"post_link";a:2:{s:8:"edit_url";s:50:"https://qonty.co/wp-admin/user-edit.php?user_id=99";s:5:"title";s:12:"test10218346";}}
a:6:{s:3:"row";i:97;s:7:"message";s:27:"User imported successfully.";s:6:"status";b:1;s:10:"status_msg";s:7:"Success";s:7:"post_id";i:100;s:9:"post_link";a:2:{s:8:"edit_url";s:51:"https://qonty.co/wp-admin/user-edit.php?user_id=100";s:5:"title";s:12:"test10701188";}}
a:6:{s:3:"row";i:98;s:7:"message";s:27:"User imported successfully.";s:6:"status";b:1;s:10:"status_msg";s:7:"Success";s:7:"post_id";i:101;s:9:"post_link";a:2:{s:8:"edit_url";s:51:"https://qonty.co/wp-admin/user-edit.php?user_id=101";s:5:"title";s:12:"test13472225";}}
a:6:{s:3:"row";i:99;s:7:"message";s:27:"User imported successfully.";s:6:"status";b:1;s:10:"status_msg";s:7:"Success";s:7:"post_id";i:102;s:9:"post_link";a:2:{s:8:"edit_url";s:51:"https://qonty.co/wp-admin/user-edit.php?user_id=102";s:5:"title";s:12:"test15378166";}}
a:6:{s:3:"row";i:100;s:7:"message";s:27:"User imported successfully.";s:6:"status";b:1;s:10:"status_msg";s:7:"Success";s:7:"post_id";i:103;s:9:"post_link";a:2:{s:8:"edit_url";s:51:"https://qonty.co/wp-admin/user-edit.php?user_id=103";s:5:"title";s:12:"test17002914";}}
a:6:{s:3:"row";i:101;s:7:"message";s:27:"User imported successfully.";s:6:"status";b:1;s:10:"status_msg";s:7:"Success";s:7:"post_id";i:104;s:9:"post_link";a:2:{s:8:"edit_url";s:51:"https://qonty.co/wp-admin/user-edit.php?user_id=104";s:5:"title";s:12:"test18531722";}}
a:6:{s:3:"row";i:102;s:7:"message";s:27:"User imported successfully.";s:6:"status";b:1;s:10:"status_msg";s:7:"Success";s:7:"post_id";i:105;s:9:"post_link";a:2:{s:8:"edit_url";s:51:"https://qonty.co/wp-admin/user-edit.php?user_id=105";s:5:"title";s:12:"test20816049";}}
a:6:{s:3:"row";i:103;s:7:"message";s:27:"User imported successfully.";s:6:"status";b:1;s:10:"status_msg";s:7:"Success";s:7:"post_id";i:106;s:9:"post_link";a:2:{s:8:"edit_url";s:51:"https://qonty.co/wp-admin/user-edit.php?user_id=106";s:5:"title";s:12:"test21679760";}}
a:6:{s:3:"row";i:104;s:7:"message";s:27:"User imported successfully.";s:6:"status";b:1;s:10:"status_msg";s:7:"Success";s:7:"post_id";i:107;s:9:"post_link";a:2:{s:8:"edit_url";s:51:"https://qonty.co/wp-admin/user-edit.php?user_id=107";s:5:"title";s:12:"test29470101";}}
a:6:{s:3:"row";i:105;s:7:"message";s:27:"User imported successfully.";s:6:"status";b:1;s:10:"status_msg";s:7:"Success";s:7:"post_id";i:108;s:9:"post_link";a:2:{s:8:"edit_url";s:51:"https://qonty.co/wp-admin/user-edit.php?user_id=108";s:5:"title";s:12:"test30705435";}}
a:6:{s:3:"row";i:106;s:7:"message";s:27:"User imported successfully.";s:6:"status";b:1;s:10:"status_msg";s:7:"Success";s:7:"post_id";i:109;s:9:"post_link";a:2:{s:8:"edit_url";s:51:"https://qonty.co/wp-admin/user-edit.php?user_id=109";s:5:"title";s:12:"test35793324";}}
a:6:{s:3:"row";i:107;s:7:"message";s:27:"User imported successfully.";s:6:"status";b:1;s:10:"status_msg";s:7:"Success";s:7:"post_id";i:110;s:9:"post_link";a:2:{s:8:"edit_url";s:51:"https://qonty.co/wp-admin/user-edit.php?user_id=110";s:5:"title";s:11:"test3764617";}}
a:6:{s:3:"row";i:108;s:7:"message";s:27:"User imported successfully.";s:6:"status";b:1;s:10:"status_msg";s:7:"Success";s:7:"post_id";i:111;s:9:"post_link";a:2:{s:8:"edit_url";s:51:"https://qonty.co/wp-admin/user-edit.php?user_id=111";s:5:"title";s:12:"test40354779";}}
a:6:{s:3:"row";i:109;s:7:"message";s:27:"User imported successfully.";s:6:"status";b:1;s:10:"status_msg";s:7:"Success";s:7:"post_id";i:112;s:9:"post_link";a:2:{s:8:"edit_url";s:51:"https://qonty.co/wp-admin/user-edit.php?user_id=112";s:5:"title";s:12:"test44772901";}}
a:6:{s:3:"row";i:110;s:7:"message";s:27:"User imported successfully.";s:6:"status";b:1;s:10:"status_msg";s:7:"Success";s:7:"post_id";i:113;s:9:"post_link";a:2:{s:8:"edit_url";s:51:"https://qonty.co/wp-admin/user-edit.php?user_id=113";s:5:"title";s:12:"test45003429";}}
a:6:{s:3:"row";i:111;s:7:"message";s:27:"User imported successfully.";s:6:"status";b:1;s:10:"status_msg";s:7:"Success";s:7:"post_id";i:114;s:9:"post_link";a:2:{s:8:"edit_url";s:51:"https://qonty.co/wp-admin/user-edit.php?user_id=114";s:5:"title";s:12:"test46001703";}}
a:6:{s:3:"row";i:112;s:7:"message";s:27:"User imported successfully.";s:6:"status";b:1;s:10:"status_msg";s:7:"Success";s:7:"post_id";i:115;s:9:"post_link";a:2:{s:8:"edit_url";s:51:"https://qonty.co/wp-admin/user-edit.php?user_id=115";s:5:"title";s:12:"test46896595";}}
a:6:{s:3:"row";i:113;s:7:"message";s:27:"User imported successfully.";s:6:"status";b:1;s:10:"status_msg";s:7:"Success";s:7:"post_id";i:116;s:9:"post_link";a:2:{s:8:"edit_url";s:51:"https://qonty.co/wp-admin/user-edit.php?user_id=116";s:5:"title";s:12:"test49333077";}}
a:6:{s:3:"row";i:114;s:7:"message";s:27:"User imported successfully.";s:6:"status";b:1;s:10:"status_msg";s:7:"Success";s:7:"post_id";i:117;s:9:"post_link";a:2:{s:8:"edit_url";s:51:"https://qonty.co/wp-admin/user-edit.php?user_id=117";s:5:"title";s:11:"test7486167";}}
a:6:{s:3:"row";i:115;s:7:"message";s:27:"User imported successfully.";s:6:"status";b:1;s:10:"status_msg";s:7:"Success";s:7:"post_id";i:118;s:9:"post_link";a:2:{s:8:"edit_url";s:51:"https://qonty.co/wp-admin/user-edit.php?user_id=118";s:5:"title";s:11:"test7801687";}}
a:6:{s:3:"row";i:116;s:7:"message";s:27:"User imported successfully.";s:6:"status";b:1;s:10:"status_msg";s:7:"Success";s:7:"post_id";i:119;s:9:"post_link";a:2:{s:8:"edit_url";s:51:"https://qonty.co/wp-admin/user-edit.php?user_id=119";s:5:"title";s:11:"test7852417";}}
a:6:{s:3:"row";i:117;s:7:"message";s:27:"User imported successfully.";s:6:"status";b:1;s:10:"status_msg";s:7:"Success";s:7:"post_id";i:120;s:9:"post_link";a:2:{s:8:"edit_url";s:51:"https://qonty.co/wp-admin/user-edit.php?user_id=120";s:5:"title";s:11:"test8299777";}}
a:6:{s:3:"row";i:118;s:7:"message";s:27:"User imported successfully.";s:6:"status";b:1;s:10:"status_msg";s:7:"Success";s:7:"post_id";i:121;s:9:"post_link";a:2:{s:8:"edit_url";s:51:"https://qonty.co/wp-admin/user-edit.php?user_id=121";s:5:"title";s:11:"test8514758";}}
a:6:{s:3:"row";i:119;s:7:"message";s:27:"User imported successfully.";s:6:"status";b:1;s:10:"status_msg";s:7:"Success";s:7:"post_id";i:122;s:9:"post_link";a:2:{s:8:"edit_url";s:51:"https://qonty.co/wp-admin/user-edit.php?user_id=122";s:5:"title";s:11:"test8540432";}}
a:6:{s:3:"row";i:120;s:7:"message";s:27:"User imported successfully.";s:6:"status";b:1;s:10:"status_msg";s:7:"Success";s:7:"post_id";i:123;s:9:"post_link";a:2:{s:8:"edit_url";s:51:"https://qonty.co/wp-admin/user-edit.php?user_id=123";s:5:"title";s:8:"ulekdehl";}}
a:6:{s:3:"row";i:121;s:7:"message";s:27:"User imported successfully.";s:6:"status";b:1;s:10:"status_msg";s:7:"Success";s:7:"post_id";i:124;s:9:"post_link";a:2:{s:8:"edit_url";s:51:"https://qonty.co/wp-admin/user-edit.php?user_id=124";s:5:"title";s:8:"vandvern";}}
a:6:{s:3:"row";i:122;s:7:"message";s:27:"User imported successfully.";s:6:"status";b:1;s:10:"status_msg";s:7:"Success";s:7:"post_id";i:125;s:9:"post_link";a:2:{s:8:"edit_url";s:51:"https://qonty.co/wp-admin/user-edit.php?user_id=125";s:5:"title";s:11:"vansh.gupta";}}
a:6:{s:3:"row";i:123;s:7:"message";s:64:"User with same Email already exists. Email: vijayaggar@gmail.com";s:6:"status";b:0;s:10:"status_msg";s:14:"Failed/Skipped";s:7:"post_id";s:0:"";s:9:"post_link";a:2:{s:5:"title";s:8:"Untitled";s:8:"edit_url";b:0;}}
a:6:{s:3:"row";i:124;s:7:"message";s:27:"User imported successfully.";s:6:"status";b:1;s:10:"status_msg";s:7:"Success";s:7:"post_id";i:126;s:9:"post_link";a:2:{s:8:"edit_url";s:51:"https://qonty.co/wp-admin/user-edit.php?user_id=126";s:5:"title";s:14:"vijay_aggarwal";}}
a:6:{s:3:"row";i:125;s:7:"message";s:27:"User imported successfully.";s:6:"status";b:1;s:10:"status_msg";s:7:"Success";s:7:"post_id";i:127;s:9:"post_link";a:2:{s:8:"edit_url";s:51:"https://qonty.co/wp-admin/user-edit.php?user_id=127";s:5:"title";s:5:"vipul";}}
a:6:{s:3:"row";i:126;s:7:"message";s:27:"User imported successfully.";s:6:"status";b:1;s:10:"status_msg";s:7:"Success";s:7:"post_id";i:128;s:9:"post_link";a:2:{s:8:"edit_url";s:51:"https://qonty.co/wp-admin/user-edit.php?user_id=128";s:5:"title";s:7:"yashtbh";}}
a:6:{s:3:"row";i:127;s:7:"message";s:27:"User imported successfully.";s:6:"status";b:1;s:10:"status_msg";s:7:"Success";s:7:"post_id";i:129;s:9:"post_link";a:2:{s:8:"edit_url";s:51:"https://qonty.co/wp-admin/user-edit.php?user_id=129";s:5:"title";s:14:"yawar.siddiqui";}}
a:6:{s:3:"row";i:128;s:7:"message";s:27:"User imported successfully.";s:6:"status";b:1;s:10:"status_msg";s:7:"Success";s:7:"post_id";i:130;s:9:"post_link";a:2:{s:8:"edit_url";s:51:"https://qonty.co/wp-admin/user-edit.php?user_id=130";s:5:"title";s:9:"yvssvijay";}}
a:6:{s:3:"row";i:129;s:7:"message";s:27:"User imported successfully.";s:6:"status";b:1;s:10:"status_msg";s:7:"Success";s:7:"post_id";i:131;s:9:"post_link";a:2:{s:8:"edit_url";s:51:"https://qonty.co/wp-admin/user-edit.php?user_id=131";s:5:"title";s:15:"rachyitakhurana";}}
a:6:{s:3:"row";i:130;s:7:"message";s:27:"User imported successfully.";s:6:"status";b:1;s:10:"status_msg";s:7:"Success";s:7:"post_id";i:132;s:9:"post_link";a:2:{s:8:"edit_url";s:51:"https://qonty.co/wp-admin/user-edit.php?user_id=132";s:5:"title";s:14:"ermanishagoyal";}}
a:6:{s:3:"row";i:131;s:7:"message";s:27:"User imported successfully.";s:6:"status";b:1;s:10:"status_msg";s:7:"Success";s:7:"post_id";i:133;s:9:"post_link";a:2:{s:8:"edit_url";s:51:"https://qonty.co/wp-admin/user-edit.php?user_id=133";s:5:"title";s:11:"s.chirag.08";}}
a:6:{s:3:"row";i:132;s:7:"message";s:27:"User imported successfully.";s:6:"status";b:1;s:10:"status_msg";s:7:"Success";s:7:"post_id";i:134;s:9:"post_link";a:2:{s:8:"edit_url";s:51:"https://qonty.co/wp-admin/user-edit.php?user_id=134";s:5:"title";s:16:"kirtika.singh.in";}}
a:6:{s:3:"row";i:133;s:7:"message";s:27:"User imported successfully.";s:6:"status";b:1;s:10:"status_msg";s:7:"Success";s:7:"post_id";i:135;s:9:"post_link";a:2:{s:8:"edit_url";s:51:"https://qonty.co/wp-admin/user-edit.php?user_id=135";s:5:"title";s:16:"naveensonofsurya";}}
a:6:{s:3:"row";i:134;s:7:"message";s:27:"User imported successfully.";s:6:"status";b:1;s:10:"status_msg";s:7:"Success";s:7:"post_id";i:136;s:9:"post_link";a:2:{s:8:"edit_url";s:51:"https://qonty.co/wp-admin/user-edit.php?user_id=136";s:5:"title";s:12:"hitesh.vshnv";}}
a:6:{s:3:"row";i:135;s:7:"message";s:27:"User imported successfully.";s:6:"status";b:1;s:10:"status_msg";s:7:"Success";s:7:"post_id";i:137;s:9:"post_link";a:2:{s:8:"edit_url";s:51:"https://qonty.co/wp-admin/user-edit.php?user_id=137";s:5:"title";s:13:"karthikhn1994";}}
a:6:{s:3:"row";i:136;s:7:"message";s:27:"User imported successfully.";s:6:"status";b:1;s:10:"status_msg";s:7:"Success";s:7:"post_id";i:138;s:9:"post_link";a:2:{s:8:"edit_url";s:51:"https://qonty.co/wp-admin/user-edit.php?user_id=138";s:5:"title";s:15:"adarsh.nair2011";}}
a:6:{s:3:"row";i:137;s:7:"message";s:27:"User imported successfully.";s:6:"status";b:1;s:10:"status_msg";s:7:"Success";s:7:"post_id";i:139;s:9:"post_link";a:2:{s:8:"edit_url";s:51:"https://qonty.co/wp-admin/user-edit.php?user_id=139";s:5:"title";s:17:"chillarwarshrew98";}}
a:6:{s:3:"row";i:138;s:7:"message";s:27:"User imported successfully.";s:6:"status";b:1;s:10:"status_msg";s:7:"Success";s:7:"post_id";i:140;s:9:"post_link";a:2:{s:8:"edit_url";s:51:"https://qonty.co/wp-admin/user-edit.php?user_id=140";s:5:"title";s:4:"test";}}
a:6:{s:3:"row";i:139;s:7:"message";s:27:"User imported successfully.";s:6:"status";b:1;s:10:"status_msg";s:7:"Success";s:7:"post_id";i:141;s:9:"post_link";a:2:{s:8:"edit_url";s:51:"https://qonty.co/wp-admin/user-edit.php?user_id=141";s:5:"title";s:10:"priyudolls";}}
a:6:{s:3:"row";i:140;s:7:"message";s:27:"User imported successfully.";s:6:"status";b:1;s:10:"status_msg";s:7:"Success";s:7:"post_id";i:142;s:9:"post_link";a:2:{s:8:"edit_url";s:51:"https://qonty.co/wp-admin/user-edit.php?user_id=142";s:5:"title";s:14:"sharmaanmol899";}}
a:6:{s:3:"row";i:141;s:7:"message";s:27:"User imported successfully.";s:6:"status";b:1;s:10:"status_msg";s:7:"Success";s:7:"post_id";i:143;s:9:"post_link";a:2:{s:8:"edit_url";s:51:"https://qonty.co/wp-admin/user-edit.php?user_id=143";s:5:"title";s:13:"nitesh.baheti";}}
a:6:{s:3:"row";i:142;s:7:"message";s:27:"User imported successfully.";s:6:"status";b:1;s:10:"status_msg";s:7:"Success";s:7:"post_id";i:144;s:9:"post_link";a:2:{s:8:"edit_url";s:51:"https://qonty.co/wp-admin/user-edit.php?user_id=144";s:5:"title";s:12:"deepak_14825";}}
a:6:{s:3:"row";i:143;s:7:"message";s:27:"User imported successfully.";s:6:"status";b:1;s:10:"status_msg";s:7:"Success";s:7:"post_id";i:145;s:9:"post_link";a:2:{s:8:"edit_url";s:51:"https://qonty.co/wp-admin/user-edit.php?user_id=145";s:5:"title";s:9:"eashu2807";}}
a:6:{s:3:"row";i:144;s:7:"message";s:27:"User imported successfully.";s:6:"status";b:1;s:10:"status_msg";s:7:"Success";s:7:"post_id";i:146;s:9:"post_link";a:2:{s:8:"edit_url";s:51:"https://qonty.co/wp-admin/user-edit.php?user_id=146";s:5:"title";s:14:"singh9harpreet";}}
a:6:{s:3:"row";i:145;s:7:"message";s:27:"User imported successfully.";s:6:"status";b:1;s:10:"status_msg";s:7:"Success";s:7:"post_id";i:147;s:9:"post_link";a:2:{s:8:"edit_url";s:51:"https://qonty.co/wp-admin/user-edit.php?user_id=147";s:5:"title";s:11:"mamtakhemka";}}
a:6:{s:3:"row";i:146;s:7:"message";s:27:"User imported successfully.";s:6:"status";b:1;s:10:"status_msg";s:7:"Success";s:7:"post_id";i:148;s:9:"post_link";a:2:{s:8:"edit_url";s:51:"https://qonty.co/wp-admin/user-edit.php?user_id=148";s:5:"title";s:14:"gosavisugandha";}}
a:6:{s:3:"row";i:147;s:7:"message";s:27:"User imported successfully.";s:6:"status";b:1;s:10:"status_msg";s:7:"Success";s:7:"post_id";i:149;s:9:"post_link";a:2:{s:8:"edit_url";s:51:"https://qonty.co/wp-admin/user-edit.php?user_id=149";s:5:"title";s:10:"himalradia";}}
a:6:{s:3:"row";i:148;s:7:"message";s:27:"User imported successfully.";s:6:"status";b:1;s:10:"status_msg";s:7:"Success";s:7:"post_id";i:150;s:9:"post_link";a:2:{s:8:"edit_url";s:51:"https://qonty.co/wp-admin/user-edit.php?user_id=150";s:5:"title";s:13:"windshield998";}}
a:6:{s:3:"row";i:149;s:7:"message";s:27:"User imported successfully.";s:6:"status";b:1;s:10:"status_msg";s:7:"Success";s:7:"post_id";i:151;s:9:"post_link";a:2:{s:8:"edit_url";s:51:"https://qonty.co/wp-admin/user-edit.php?user_id=151";s:5:"title";s:11:"beingswetaa";}}
a:6:{s:3:"row";i:150;s:7:"message";s:27:"User imported successfully.";s:6:"status";b:1;s:10:"status_msg";s:7:"Success";s:7:"post_id";i:152;s:9:"post_link";a:2:{s:8:"edit_url";s:51:"https://qonty.co/wp-admin/user-edit.php?user_id=152";s:5:"title";s:13:"deeparamesh69";}}
a:6:{s:3:"row";i:151;s:7:"message";s:27:"User imported successfully.";s:6:"status";b:1;s:10:"status_msg";s:7:"Success";s:7:"post_id";i:153;s:9:"post_link";a:2:{s:8:"edit_url";s:51:"https://qonty.co/wp-admin/user-edit.php?user_id=153";s:5:"title";s:19:"surendra.godavarthy";}}
a:6:{s:3:"row";i:152;s:7:"message";s:27:"User imported successfully.";s:6:"status";b:1;s:10:"status_msg";s:7:"Success";s:7:"post_id";i:154;s:9:"post_link";a:2:{s:8:"edit_url";s:51:"https://qonty.co/wp-admin/user-edit.php?user_id=154";s:5:"title";s:15:"param.infospire";}}
a:6:{s:3:"row";i:153;s:7:"message";s:27:"User imported successfully.";s:6:"status";b:1;s:10:"status_msg";s:7:"Success";s:7:"post_id";i:155;s:9:"post_link";a:2:{s:8:"edit_url";s:51:"https://qonty.co/wp-admin/user-edit.php?user_id=155";s:5:"title";s:12:"jontyarora89";}}
a:6:{s:3:"row";i:154;s:7:"message";s:27:"User imported successfully.";s:6:"status";b:1;s:10:"status_msg";s:7:"Success";s:7:"post_id";i:156;s:9:"post_link";a:2:{s:8:"edit_url";s:51:"https://qonty.co/wp-admin/user-edit.php?user_id=156";s:5:"title";s:11:"vishch00737";}}
a:6:{s:3:"row";i:155;s:7:"message";s:27:"User imported successfully.";s:6:"status";b:1;s:10:"status_msg";s:7:"Success";s:7:"post_id";i:157;s:9:"post_link";a:2:{s:8:"edit_url";s:51:"https://qonty.co/wp-admin/user-edit.php?user_id=157";s:5:"title";s:15:"ankitaagarwal07";}}
a:6:{s:3:"row";i:156;s:7:"message";s:27:"User imported successfully.";s:6:"status";b:1;s:10:"status_msg";s:7:"Success";s:7:"post_id";i:158;s:9:"post_link";a:2:{s:8:"edit_url";s:51:"https://qonty.co/wp-admin/user-edit.php?user_id=158";s:5:"title";s:14:"therohithswamy";}}
a:6:{s:3:"row";i:157;s:7:"message";s:27:"User imported successfully.";s:6:"status";b:1;s:10:"status_msg";s:7:"Success";s:7:"post_id";i:159;s:9:"post_link";a:2:{s:8:"edit_url";s:51:"https://qonty.co/wp-admin/user-edit.php?user_id=159";s:5:"title";s:13:"windshield999";}}
a:6:{s:3:"row";i:158;s:7:"message";s:27:"User imported successfully.";s:6:"status";b:1;s:10:"status_msg";s:7:"Success";s:7:"post_id";i:160;s:9:"post_link";a:2:{s:8:"edit_url";s:51:"https://qonty.co/wp-admin/user-edit.php?user_id=160";s:5:"title";s:11:"yamini.modi";}}
a:6:{s:3:"row";i:159;s:7:"message";s:27:"User imported successfully.";s:6:"status";b:1;s:10:"status_msg";s:7:"Success";s:7:"post_id";i:161;s:9:"post_link";a:2:{s:8:"edit_url";s:51:"https://qonty.co/wp-admin/user-edit.php?user_id=161";s:5:"title";s:15:"anuragreddy1998";}}
a:6:{s:3:"row";i:160;s:7:"message";s:27:"User imported successfully.";s:6:"status";b:1;s:10:"status_msg";s:7:"Success";s:7:"post_id";i:162;s:9:"post_link";a:2:{s:8:"edit_url";s:51:"https://qonty.co/wp-admin/user-edit.php?user_id=162";s:5:"title";s:13:"avinashkmr632";}}
a:6:{s:3:"row";i:161;s:7:"message";s:27:"User imported successfully.";s:6:"status";b:1;s:10:"status_msg";s:7:"Success";s:7:"post_id";i:163;s:9:"post_link";a:2:{s:8:"edit_url";s:51:"https://qonty.co/wp-admin/user-edit.php?user_id=163";s:5:"title";s:11:"subhasis611";}}
a:6:{s:3:"row";i:162;s:7:"message";s:27:"User imported successfully.";s:6:"status";b:1;s:10:"status_msg";s:7:"Success";s:7:"post_id";i:164;s:9:"post_link";a:2:{s:8:"edit_url";s:51:"https://qonty.co/wp-admin/user-edit.php?user_id=164";s:5:"title";s:15:"shashwatsagar11";}}
a:6:{s:3:"row";i:163;s:7:"message";s:27:"User imported successfully.";s:6:"status";b:1;s:10:"status_msg";s:7:"Success";s:7:"post_id";i:165;s:9:"post_link";a:2:{s:8:"edit_url";s:51:"https://qonty.co/wp-admin/user-edit.php?user_id=165";s:5:"title";s:16:"ajaypalarjun1992";}}
a:6:{s:3:"row";i:164;s:7:"message";s:27:"User imported successfully.";s:6:"status";b:1;s:10:"status_msg";s:7:"Success";s:7:"post_id";i:166;s:9:"post_link";a:2:{s:8:"edit_url";s:51:"https://qonty.co/wp-admin/user-edit.php?user_id=166";s:5:"title";s:13:"priyasweety38";}}
a:6:{s:3:"row";i:165;s:7:"message";s:27:"User imported successfully.";s:6:"status";b:1;s:10:"status_msg";s:7:"Success";s:7:"post_id";i:167;s:9:"post_link";a:2:{s:8:"edit_url";s:51:"https://qonty.co/wp-admin/user-edit.php?user_id=167";s:5:"title";s:10:"faklukira1";}}
a:6:{s:3:"row";i:166;s:7:"message";s:27:"User imported successfully.";s:6:"status";b:1;s:10:"status_msg";s:7:"Success";s:7:"post_id";i:168;s:9:"post_link";a:2:{s:8:"edit_url";s:51:"https://qonty.co/wp-admin/user-edit.php?user_id=168";s:5:"title";s:11:"harismdster";}}
a:6:{s:3:"row";i:167;s:7:"message";s:27:"User imported successfully.";s:6:"status";b:1;s:10:"status_msg";s:7:"Success";s:7:"post_id";i:169;s:9:"post_link";a:2:{s:8:"edit_url";s:51:"https://qonty.co/wp-admin/user-edit.php?user_id=169";s:5:"title";s:10:"anuragc711";}}
a:6:{s:3:"row";i:168;s:7:"message";s:27:"User imported successfully.";s:6:"status";b:1;s:10:"status_msg";s:7:"Success";s:7:"post_id";i:170;s:9:"post_link";a:2:{s:8:"edit_url";s:51:"https://qonty.co/wp-admin/user-edit.php?user_id=170";s:5:"title";s:10:"mayank2322";}}
a:6:{s:3:"row";i:169;s:7:"message";s:27:"User imported successfully.";s:6:"status";b:1;s:10:"status_msg";s:7:"Success";s:7:"post_id";i:171;s:9:"post_link";a:2:{s:8:"edit_url";s:51:"https://qonty.co/wp-admin/user-edit.php?user_id=171";s:5:"title";s:10:"victor6876";}}
a:6:{s:3:"row";i:170;s:7:"message";s:27:"User imported successfully.";s:6:"status";b:1;s:10:"status_msg";s:7:"Success";s:7:"post_id";i:172;s:9:"post_link";a:2:{s:8:"edit_url";s:51:"https://qonty.co/wp-admin/user-edit.php?user_id=172";s:5:"title";s:9:"mshivnath";}}
a:6:{s:3:"row";i:171;s:7:"message";s:27:"User imported successfully.";s:6:"status";b:1;s:10:"status_msg";s:7:"Success";s:7:"post_id";i:173;s:9:"post_link";a:2:{s:8:"edit_url";s:51:"https://qonty.co/wp-admin/user-edit.php?user_id=173";s:5:"title";s:12:"ushakhanal93";}}
a:6:{s:3:"row";i:172;s:7:"message";s:27:"User imported successfully.";s:6:"status";b:1;s:10:"status_msg";s:7:"Success";s:7:"post_id";i:174;s:9:"post_link";a:2:{s:8:"edit_url";s:51:"https://qonty.co/wp-admin/user-edit.php?user_id=174";s:5:"title";s:13:"systoearn.nse";}}
a:6:{s:3:"row";i:173;s:7:"message";s:27:"User imported successfully.";s:6:"status";b:1;s:10:"status_msg";s:7:"Success";s:7:"post_id";i:175;s:9:"post_link";a:2:{s:8:"edit_url";s:51:"https://qonty.co/wp-admin/user-edit.php?user_id=175";s:5:"title";s:13:"adijumnake123";}}
a:6:{s:3:"row";i:174;s:7:"message";s:27:"User imported successfully.";s:6:"status";b:1;s:10:"status_msg";s:7:"Success";s:7:"post_id";i:176;s:9:"post_link";a:2:{s:8:"edit_url";s:51:"https://qonty.co/wp-admin/user-edit.php?user_id=176";s:5:"title";s:18:"krishnatulasi13189";}}
a:6:{s:3:"row";i:175;s:7:"message";s:27:"User imported successfully.";s:6:"status";b:1;s:10:"status_msg";s:7:"Success";s:7:"post_id";i:177;s:9:"post_link";a:2:{s:8:"edit_url";s:51:"https://qonty.co/wp-admin/user-edit.php?user_id=177";s:5:"title";s:14:"taneja.sumit14";}}
a:6:{s:3:"row";i:176;s:7:"message";s:27:"User imported successfully.";s:6:"status";b:1;s:10:"status_msg";s:7:"Success";s:7:"post_id";i:178;s:9:"post_link";a:2:{s:8:"edit_url";s:51:"https://qonty.co/wp-admin/user-edit.php?user_id=178";s:5:"title";s:12:"kalekavita15";}}
a:6:{s:3:"row";i:177;s:7:"message";s:27:"User imported successfully.";s:6:"status";b:1;s:10:"status_msg";s:7:"Success";s:7:"post_id";i:179;s:9:"post_link";a:2:{s:8:"edit_url";s:51:"https://qonty.co/wp-admin/user-edit.php?user_id=179";s:5:"title";s:11:"devdhiman01";}}
a:6:{s:3:"row";i:178;s:7:"message";s:27:"User imported successfully.";s:6:"status";b:1;s:10:"status_msg";s:7:"Success";s:7:"post_id";i:180;s:9:"post_link";a:2:{s:8:"edit_url";s:51:"https://qonty.co/wp-admin/user-edit.php?user_id=180";s:5:"title";s:13:"aqibmushtaq22";}}
a:6:{s:3:"row";i:179;s:7:"message";s:27:"User imported successfully.";s:6:"status";b:1;s:10:"status_msg";s:7:"Success";s:7:"post_id";i:181;s:9:"post_link";a:2:{s:8:"edit_url";s:51:"https://qonty.co/wp-admin/user-edit.php?user_id=181";s:5:"title";s:13:"mridulakamath";}}
a:6:{s:3:"row";i:180;s:7:"message";s:27:"User imported successfully.";s:6:"status";b:1;s:10:"status_msg";s:7:"Success";s:7:"post_id";i:182;s:9:"post_link";a:2:{s:8:"edit_url";s:51:"https://qonty.co/wp-admin/user-edit.php?user_id=182";s:5:"title";s:11:"arshdeepgym";}}
a:6:{s:3:"row";i:181;s:7:"message";s:27:"User imported successfully.";s:6:"status";b:1;s:10:"status_msg";s:7:"Success";s:7:"post_id";i:183;s:9:"post_link";a:2:{s:8:"edit_url";s:51:"https://qonty.co/wp-admin/user-edit.php?user_id=183";s:5:"title";s:9:"pallavi.u";}}
a:6:{s:3:"row";i:182;s:7:"message";s:27:"User imported successfully.";s:6:"status";b:1;s:10:"status_msg";s:7:"Success";s:7:"post_id";i:184;s:9:"post_link";a:2:{s:8:"edit_url";s:51:"https://qonty.co/wp-admin/user-edit.php?user_id=184";s:5:"title";s:10:"mr11081992";}}
a:6:{s:3:"row";i:183;s:7:"message";s:27:"User imported successfully.";s:6:"status";b:1;s:10:"status_msg";s:7:"Success";s:7:"post_id";i:185;s:9:"post_link";a:2:{s:8:"edit_url";s:51:"https://qonty.co/wp-admin/user-edit.php?user_id=185";s:5:"title";s:11:"kanhasona28";}}
a:6:{s:3:"row";i:184;s:7:"message";s:27:"User imported successfully.";s:6:"status";b:1;s:10:"status_msg";s:7:"Success";s:7:"post_id";i:186;s:9:"post_link";a:2:{s:8:"edit_url";s:51:"https://qonty.co/wp-admin/user-edit.php?user_id=186";s:5:"title";s:13:"divinemathew1";}}
a:6:{s:3:"row";i:185;s:7:"message";s:27:"User imported successfully.";s:6:"status";b:1;s:10:"status_msg";s:7:"Success";s:7:"post_id";i:187;s:9:"post_link";a:2:{s:8:"edit_url";s:51:"https://qonty.co/wp-admin/user-edit.php?user_id=187";s:5:"title";s:10:"ADITIVER02";}}
a:6:{s:3:"row";i:186;s:7:"message";s:27:"User imported successfully.";s:6:"status";b:1;s:10:"status_msg";s:7:"Success";s:7:"post_id";i:188;s:9:"post_link";a:2:{s:8:"edit_url";s:51:"https://qonty.co/wp-admin/user-edit.php?user_id=188";s:5:"title";s:15:"bablukhan0786su";}}
a:6:{s:3:"row";i:187;s:7:"message";s:27:"User imported successfully.";s:6:"status";b:1;s:10:"status_msg";s:7:"Success";s:7:"post_id";i:189;s:9:"post_link";a:2:{s:8:"edit_url";s:51:"https://qonty.co/wp-admin/user-edit.php?user_id=189";s:5:"title";s:13:"pammupatel121";}}
a:6:{s:3:"row";i:188;s:7:"message";s:27:"User imported successfully.";s:6:"status";b:1;s:10:"status_msg";s:7:"Success";s:7:"post_id";i:190;s:9:"post_link";a:2:{s:8:"edit_url";s:51:"https://qonty.co/wp-admin/user-edit.php?user_id=190";s:5:"title";s:15:"sasmitapatanaik";}}
a:6:{s:3:"row";i:189;s:7:"message";s:27:"User imported successfully.";s:6:"status";b:1;s:10:"status_msg";s:7:"Success";s:7:"post_id";i:191;s:9:"post_link";a:2:{s:8:"edit_url";s:51:"https://qonty.co/wp-admin/user-edit.php?user_id=191";s:5:"title";s:13:"hsdhillonster";}}
a:6:{s:3:"row";i:190;s:7:"message";s:27:"User imported successfully.";s:6:"status";b:1;s:10:"status_msg";s:7:"Success";s:7:"post_id";i:192;s:9:"post_link";a:2:{s:8:"edit_url";s:51:"https://qonty.co/wp-admin/user-edit.php?user_id=192";s:5:"title";s:24:"sultaanashfaqueahmed7767";}}
a:6:{s:3:"row";i:191;s:7:"message";s:27:"User imported successfully.";s:6:"status";b:1;s:10:"status_msg";s:7:"Success";s:7:"post_id";i:193;s:9:"post_link";a:2:{s:8:"edit_url";s:51:"https://qonty.co/wp-admin/user-edit.php?user_id=193";s:5:"title";s:6:"danish";}}
a:6:{s:3:"row";i:192;s:7:"message";s:27:"User imported successfully.";s:6:"status";b:1;s:10:"status_msg";s:7:"Success";s:7:"post_id";i:194;s:9:"post_link";a:2:{s:8:"edit_url";s:51:"https://qonty.co/wp-admin/user-edit.php?user_id=194";s:5:"title";s:14:"dhananjay.kar5";}}
a:6:{s:3:"row";i:193;s:7:"message";s:27:"User imported successfully.";s:6:"status";b:1;s:10:"status_msg";s:7:"Success";s:7:"post_id";i:195;s:9:"post_link";a:2:{s:8:"edit_url";s:51:"https://qonty.co/wp-admin/user-edit.php?user_id=195";s:5:"title";s:18:"abhishekthakur3149";}}
a:6:{s:3:"row";i:194;s:7:"message";s:27:"User imported successfully.";s:6:"status";b:1;s:10:"status_msg";s:7:"Success";s:7:"post_id";i:196;s:9:"post_link";a:2:{s:8:"edit_url";s:51:"https://qonty.co/wp-admin/user-edit.php?user_id=196";s:5:"title";s:15:"chawla_prashant";}}
a:6:{s:3:"row";i:195;s:7:"message";s:27:"User imported successfully.";s:6:"status";b:1;s:10:"status_msg";s:7:"Success";s:7:"post_id";i:197;s:9:"post_link";a:2:{s:8:"edit_url";s:51:"https://qonty.co/wp-admin/user-edit.php?user_id=197";s:5:"title";s:11:"sharmajison";}}
a:6:{s:3:"row";i:196;s:7:"message";s:27:"User imported successfully.";s:6:"status";b:1;s:10:"status_msg";s:7:"Success";s:7:"post_id";i:198;s:9:"post_link";a:2:{s:8:"edit_url";s:51:"https://qonty.co/wp-admin/user-edit.php?user_id=198";s:5:"title";s:9:"joe619999";}}
a:6:{s:3:"row";i:197;s:7:"message";s:27:"User imported successfully.";s:6:"status";b:1;s:10:"status_msg";s:7:"Success";s:7:"post_id";i:199;s:9:"post_link";a:2:{s:8:"edit_url";s:51:"https://qonty.co/wp-admin/user-edit.php?user_id=199";s:5:"title";s:13:"namratagiri93";}}
a:6:{s:3:"row";i:198;s:7:"message";s:27:"User imported successfully.";s:6:"status";b:1;s:10:"status_msg";s:7:"Success";s:7:"post_id";i:200;s:9:"post_link";a:2:{s:8:"edit_url";s:51:"https://qonty.co/wp-admin/user-edit.php?user_id=200";s:5:"title";s:13:"nishant52rana";}}
a:6:{s:3:"row";i:199;s:7:"message";s:27:"User imported successfully.";s:6:"status";b:1;s:10:"status_msg";s:7:"Success";s:7:"post_id";i:201;s:9:"post_link";a:2:{s:8:"edit_url";s:51:"https://qonty.co/wp-admin/user-edit.php?user_id=201";s:5:"title";s:16:"adv.ameyabhagwat";}}
a:6:{s:3:"row";i:200;s:7:"message";s:27:"User imported successfully.";s:6:"status";b:1;s:10:"status_msg";s:7:"Success";s:7:"post_id";i:202;s:9:"post_link";a:2:{s:8:"edit_url";s:51:"https://qonty.co/wp-admin/user-edit.php?user_id=202";s:5:"title";s:13:"dangigovind77";}}
a:6:{s:3:"row";i:201;s:7:"message";s:27:"User imported successfully.";s:6:"status";b:1;s:10:"status_msg";s:7:"Success";s:7:"post_id";i:203;s:9:"post_link";a:2:{s:8:"edit_url";s:51:"https://qonty.co/wp-admin/user-edit.php?user_id=203";s:5:"title";s:17:"vikaschaudhury136";}}
a:6:{s:3:"row";i:202;s:7:"message";s:27:"User imported successfully.";s:6:"status";b:1;s:10:"status_msg";s:7:"Success";s:7:"post_id";i:204;s:9:"post_link";a:2:{s:8:"edit_url";s:51:"https://qonty.co/wp-admin/user-edit.php?user_id=204";s:5:"title";s:14:"das.suprava280";}}
a:6:{s:3:"row";i:203;s:7:"message";s:27:"User imported successfully.";s:6:"status";b:1;s:10:"status_msg";s:7:"Success";s:7:"post_id";i:205;s:9:"post_link";a:2:{s:8:"edit_url";s:51:"https://qonty.co/wp-admin/user-edit.php?user_id=205";s:5:"title";s:14:"sumit.grover07";}}
a:6:{s:3:"row";i:204;s:7:"message";s:27:"User imported successfully.";s:6:"status";b:1;s:10:"status_msg";s:7:"Success";s:7:"post_id";i:206;s:9:"post_link";a:2:{s:8:"edit_url";s:51:"https://qonty.co/wp-admin/user-edit.php?user_id=206";s:5:"title";s:13:"athwani.kumar";}}
a:6:{s:3:"row";i:205;s:7:"message";s:27:"User imported successfully.";s:6:"status";b:1;s:10:"status_msg";s:7:"Success";s:7:"post_id";i:207;s:9:"post_link";a:2:{s:8:"edit_url";s:51:"https://qonty.co/wp-admin/user-edit.php?user_id=207";s:5:"title";s:8:"ajxlewis";}}
a:6:{s:3:"row";i:206;s:7:"message";s:27:"User imported successfully.";s:6:"status";b:1;s:10:"status_msg";s:7:"Success";s:7:"post_id";i:208;s:9:"post_link";a:2:{s:8:"edit_url";s:51:"https://qonty.co/wp-admin/user-edit.php?user_id=208";s:5:"title";s:12:"sud.deepta27";}}
a:6:{s:3:"row";i:207;s:7:"message";s:27:"User imported successfully.";s:6:"status";b:1;s:10:"status_msg";s:7:"Success";s:7:"post_id";i:209;s:9:"post_link";a:2:{s:8:"edit_url";s:51:"https://qonty.co/wp-admin/user-edit.php?user_id=209";s:5:"title";s:12:"vipulvaidya8";}}
a:6:{s:3:"row";i:208;s:7:"message";s:27:"User imported successfully.";s:6:"status";b:1;s:10:"status_msg";s:7:"Success";s:7:"post_id";i:210;s:9:"post_link";a:2:{s:8:"edit_url";s:51:"https://qonty.co/wp-admin/user-edit.php?user_id=210";s:5:"title";s:14:"gudavarthiajay";}}
a:6:{s:3:"row";i:209;s:7:"message";s:27:"User imported successfully.";s:6:"status";b:1;s:10:"status_msg";s:7:"Success";s:7:"post_id";i:211;s:9:"post_link";a:2:{s:8:"edit_url";s:51:"https://qonty.co/wp-admin/user-edit.php?user_id=211";s:5:"title";s:14:"mehtabahmed586";}}
a:6:{s:3:"row";i:210;s:7:"message";s:27:"User imported successfully.";s:6:"status";b:1;s:10:"status_msg";s:7:"Success";s:7:"post_id";i:212;s:9:"post_link";a:2:{s:8:"edit_url";s:51:"https://qonty.co/wp-admin/user-edit.php?user_id=212";s:5:"title";s:14:"gaur.abhilash7";}}
a:6:{s:3:"row";i:211;s:7:"message";s:27:"User imported successfully.";s:6:"status";b:1;s:10:"status_msg";s:7:"Success";s:7:"post_id";i:213;s:9:"post_link";a:2:{s:8:"edit_url";s:51:"https://qonty.co/wp-admin/user-edit.php?user_id=213";s:5:"title";s:12:"sureshcrown6";}}
a:6:{s:3:"row";i:212;s:7:"message";s:27:"User imported successfully.";s:6:"status";b:1;s:10:"status_msg";s:7:"Success";s:7:"post_id";i:214;s:9:"post_link";a:2:{s:8:"edit_url";s:51:"https://qonty.co/wp-admin/user-edit.php?user_id=214";s:5:"title";s:20:"ravishankarmishra248";}}
a:6:{s:3:"row";i:213;s:7:"message";s:27:"User imported successfully.";s:6:"status";b:1;s:10:"status_msg";s:7:"Success";s:7:"post_id";i:215;s:9:"post_link";a:2:{s:8:"edit_url";s:51:"https://qonty.co/wp-admin/user-edit.php?user_id=215";s:5:"title";s:10:"puneetsh27";}}
a:6:{s:3:"row";i:214;s:7:"message";s:27:"User imported successfully.";s:6:"status";b:1;s:10:"status_msg";s:7:"Success";s:7:"post_id";i:216;s:9:"post_link";a:2:{s:8:"edit_url";s:51:"https://qonty.co/wp-admin/user-edit.php?user_id=216";s:5:"title";s:12:"pandupanti16";}}
a:6:{s:3:"row";i:215;s:7:"message";s:27:"User imported successfully.";s:6:"status";b:1;s:10:"status_msg";s:7:"Success";s:7:"post_id";i:217;s:9:"post_link";a:2:{s:8:"edit_url";s:51:"https://qonty.co/wp-admin/user-edit.php?user_id=217";s:5:"title";s:10:"ruqaiyahkd";}}
a:6:{s:3:"row";i:216;s:7:"message";s:27:"User imported successfully.";s:6:"status";b:1;s:10:"status_msg";s:7:"Success";s:7:"post_id";i:218;s:9:"post_link";a:2:{s:8:"edit_url";s:51:"https://qonty.co/wp-admin/user-edit.php?user_id=218";s:5:"title";s:3:"111";}}
a:6:{s:3:"row";i:217;s:7:"message";s:27:"User imported successfully.";s:6:"status";b:1;s:10:"status_msg";s:7:"Success";s:7:"post_id";i:219;s:9:"post_link";a:2:{s:8:"edit_url";s:51:"https://qonty.co/wp-admin/user-edit.php?user_id=219";s:5:"title";s:5:"atika";}}
a:6:{s:3:"row";i:218;s:7:"message";s:27:"User imported successfully.";s:6:"status";b:1;s:10:"status_msg";s:7:"Success";s:7:"post_id";i:220;s:9:"post_link";a:2:{s:8:"edit_url";s:51:"https://qonty.co/wp-admin/user-edit.php?user_id=220";s:5:"title";s:8:"mgmehtaa";}}
a:6:{s:3:"row";i:219;s:7:"message";s:27:"User imported successfully.";s:6:"status";b:1;s:10:"status_msg";s:7:"Success";s:7:"post_id";i:221;s:9:"post_link";a:2:{s:8:"edit_url";s:51:"https://qonty.co/wp-admin/user-edit.php?user_id=221";s:5:"title";s:5:"test1";}}
a:6:{s:3:"row";i:220;s:7:"message";s:27:"User imported successfully.";s:6:"status";b:1;s:10:"status_msg";s:7:"Success";s:7:"post_id";i:222;s:9:"post_link";a:2:{s:8:"edit_url";s:51:"https://qonty.co/wp-admin/user-edit.php?user_id=222";s:5:"title";s:3:"53w";}}
a:6:{s:3:"row";i:221;s:7:"message";s:27:"User imported successfully.";s:6:"status";b:1;s:10:"status_msg";s:7:"Success";s:7:"post_id";i:223;s:9:"post_link";a:2:{s:8:"edit_url";s:51:"https://qonty.co/wp-admin/user-edit.php?user_id=223";s:5:"title";s:15:"priya.chinna001";}}
a:6:{s:3:"row";i:222;s:7:"message";s:27:"User imported successfully.";s:6:"status";b:1;s:10:"status_msg";s:7:"Success";s:7:"post_id";i:224;s:9:"post_link";a:2:{s:8:"edit_url";s:51:"https://qonty.co/wp-admin/user-edit.php?user_id=224";s:5:"title";s:4:"1111";}}
a:6:{s:3:"row";i:223;s:7:"message";s:27:"User imported successfully.";s:6:"status";b:1;s:10:"status_msg";s:7:"Success";s:7:"post_id";i:225;s:9:"post_link";a:2:{s:8:"edit_url";s:51:"https://qonty.co/wp-admin/user-edit.php?user_id=225";s:5:"title";s:6:"lovely";}}
a:6:{s:3:"row";i:224;s:7:"message";s:27:"User imported successfully.";s:6:"status";b:1;s:10:"status_msg";s:7:"Success";s:7:"post_id";i:226;s:9:"post_link";a:2:{s:8:"edit_url";s:51:"https://qonty.co/wp-admin/user-edit.php?user_id=226";s:5:"title";s:12:"testeasyecom";}}
a:6:{s:3:"row";i:225;s:7:"message";s:27:"User imported successfully.";s:6:"status";b:1;s:10:"status_msg";s:7:"Success";s:7:"post_id";i:227;s:9:"post_link";a:2:{s:8:"edit_url";s:51:"https://qonty.co/wp-admin/user-edit.php?user_id=227";s:5:"title";s:5:"test2";}}
a:6:{s:3:"row";i:226;s:7:"message";s:27:"User imported successfully.";s:6:"status";b:1;s:10:"status_msg";s:7:"Success";s:7:"post_id";i:228;s:9:"post_link";a:2:{s:8:"edit_url";s:51:"https://qonty.co/wp-admin/user-edit.php?user_id=228";s:5:"title";s:3:"abz";}}
a:6:{s:3:"row";i:227;s:7:"message";s:27:"User imported successfully.";s:6:"status";b:1;s:10:"status_msg";s:7:"Success";s:7:"post_id";i:229;s:9:"post_link";a:2:{s:8:"edit_url";s:51:"https://qonty.co/wp-admin/user-edit.php?user_id=229";s:5:"title";s:16:"shashankbaskaran";}}
a:6:{s:3:"row";i:228;s:7:"message";s:27:"User imported successfully.";s:6:"status";b:1;s:10:"status_msg";s:7:"Success";s:7:"post_id";i:230;s:9:"post_link";a:2:{s:8:"edit_url";s:51:"https://qonty.co/wp-admin/user-edit.php?user_id=230";s:5:"title";s:10:"shafali100";}}
a:6:{s:3:"row";i:229;s:7:"message";s:27:"User imported successfully.";s:6:"status";b:1;s:10:"status_msg";s:7:"Success";s:7:"post_id";i:231;s:9:"post_link";a:2:{s:8:"edit_url";s:51:"https://qonty.co/wp-admin/user-edit.php?user_id=231";s:5:"title";s:15:"riniagarwal1996";}}
a:6:{s:3:"row";i:230;s:7:"message";s:27:"User imported successfully.";s:6:"status";b:1;s:10:"status_msg";s:7:"Success";s:7:"post_id";i:232;s:9:"post_link";a:2:{s:8:"edit_url";s:51:"https://qonty.co/wp-admin/user-edit.php?user_id=232";s:5:"title";s:20:"kunmun.solideogloria";}}
a:6:{s:3:"row";i:231;s:7:"message";s:27:"User imported successfully.";s:6:"status";b:1;s:10:"status_msg";s:7:"Success";s:7:"post_id";i:233;s:9:"post_link";a:2:{s:8:"edit_url";s:51:"https://qonty.co/wp-admin/user-edit.php?user_id=233";s:5:"title";s:7:"cut.yar";}}
a:6:{s:3:"row";i:232;s:7:"message";s:27:"User imported successfully.";s:6:"status";b:1;s:10:"status_msg";s:7:"Success";s:7:"post_id";i:234;s:9:"post_link";a:2:{s:8:"edit_url";s:51:"https://qonty.co/wp-admin/user-edit.php?user_id=234";s:5:"title";s:14:"drsheetalaggar";}}
