2022-10-31T06:38:21+00:00 CRITICAL Uncaught ArgumentCountError: Too few arguments to function empty_wc_add_to_cart_message(), 1 passed in /home/853753.cloudwaysapps.com/vncrekttab/public_html/wp-includes/class-wp-hook.php on line 309 and exactly 2 expected in /home/853753.cloudwaysapps.com/vncrekttab/public_html/wp-content/themes/farmart/functions.php:367
Stack trace:
#0 /home/853753.cloudwaysapps.com/vncrekttab/public_html/wp-includes/class-wp-hook.php(309): empty_wc_add_to_cart_message()
#1 /home/853753.cloudwaysapps.com/vncrekttab/public_html/wp-includes/plugin.php(191): WP_Hook->apply_filters()
#2 /home/853753.cloudwaysapps.com/vncrekttab/public_html/wp-content/plugins/woocommerce/includes/wc-cart-functions.php(133): apply_filters()
#3 /home/853753.cloudwaysapps.com/vncrekttab/public_html/wp-content/plugins/woocommerce/includes/class-wc-form-handler.php(919): wc_add_to_cart_message()
#4 /home/853753.cloudwaysapps.com/vncrekttab/public_html/wp-content/plugins/woocommerce/includes/class-wc-form-handler.php(790): WC_Form_Handler::add_to_cart_ in /home/853753.cloudwaysapps.com/vncrekttab/public_html/wp-content/themes/farmart/functions.php on line 367

2022-10-31T06:52:25+00:00 CRITICAL Uncaught ArgumentCountError: Too few arguments to function empty_wc_add_to_cart_message(), 1 passed in /home/853753.cloudwaysapps.com/vncrekttab/public_html/wp-includes/class-wp-hook.php on line 309 and exactly 2 expected in /home/853753.cloudwaysapps.com/vncrekttab/public_html/wp-content/themes/farmart/functions.php:367
Stack trace:
#0 /home/853753.cloudwaysapps.com/vncrekttab/public_html/wp-includes/class-wp-hook.php(309): empty_wc_add_to_cart_message()
#1 /home/853753.cloudwaysapps.com/vncrekttab/public_html/wp-includes/plugin.php(191): WP_Hook->apply_filters()
#2 /home/853753.cloudwaysapps.com/vncrekttab/public_html/wp-content/plugins/woocommerce/includes/wc-cart-functions.php(133): apply_filters()
#3 /home/853753.cloudwaysapps.com/vncrekttab/public_html/wp-content/plugins/woocommerce/includes/class-wc-form-handler.php(919): wc_add_to_cart_message()
#4 /home/853753.cloudwaysapps.com/vncrekttab/public_html/wp-content/plugins/woocommerce/includes/class-wc-form-handler.php(790): WC_Form_Handler::add_to_cart_ in /home/853753.cloudwaysapps.com/vncrekttab/public_html/wp-content/themes/farmart/functions.php on line 367

2022-10-31T06:54:41+00:00 CRITICAL Uncaught ArgumentCountError: Too few arguments to function empty_wc_add_to_cart_message(), 1 passed in /home/853753.cloudwaysapps.com/vncrekttab/public_html/wp-includes/class-wp-hook.php on line 309 and exactly 2 expected in /home/853753.cloudwaysapps.com/vncrekttab/public_html/wp-content/themes/farmart/functions.php:367
Stack trace:
#0 /home/853753.cloudwaysapps.com/vncrekttab/public_html/wp-includes/class-wp-hook.php(309): empty_wc_add_to_cart_message()
#1 /home/853753.cloudwaysapps.com/vncrekttab/public_html/wp-includes/plugin.php(191): WP_Hook->apply_filters()
#2 /home/853753.cloudwaysapps.com/vncrekttab/public_html/wp-content/plugins/woocommerce/includes/wc-cart-functions.php(133): apply_filters()
#3 /home/853753.cloudwaysapps.com/vncrekttab/public_html/wp-content/plugins/woocommerce/includes/class-wc-form-handler.php(919): wc_add_to_cart_message()
#4 /home/853753.cloudwaysapps.com/vncrekttab/public_html/wp-content/plugins/woocommerce/includes/class-wc-form-handler.php(790): WC_Form_Handler::add_to_cart_ in /home/853753.cloudwaysapps.com/vncrekttab/public_html/wp-content/themes/farmart/functions.php on line 367

2022-10-31T07:05:22+00:00 CRITICAL syntax error, unexpected '<', expecting end of file in /home/853753.cloudwaysapps.com/vncrekttab/public_html/wp-content/themes/farmart/functions.php on line 416

2022-10-31T07:06:17+00:00 CRITICAL syntax error, unexpected '<', expecting end of file in /home/853753.cloudwaysapps.com/vncrekttab/public_html/wp-content/themes/farmart/functions.php on line 416

2022-10-31T07:06:30+00:00 CRITICAL syntax error, unexpected '<' in /home/853753.cloudwaysapps.com/vncrekttab/public_html/wp-content/themes/farmart/functions.php on line 422

2022-10-31T07:06:31+00:00 CRITICAL syntax error, unexpected '<' in /home/853753.cloudwaysapps.com/vncrekttab/public_html/wp-content/themes/farmart/functions.php on line 422

2022-10-31T07:07:46+00:00 CRITICAL Uncaught ArgumentCountError: Too few arguments to function empty_wc_add_to_cart_message(), 1 passed in /home/853753.cloudwaysapps.com/vncrekttab/public_html/wp-includes/class-wp-hook.php on line 309 and exactly 2 expected in /home/853753.cloudwaysapps.com/vncrekttab/public_html/wp-content/themes/farmart/functions.php:367
Stack trace:
#0 /home/853753.cloudwaysapps.com/vncrekttab/public_html/wp-includes/class-wp-hook.php(309): empty_wc_add_to_cart_message()
#1 /home/853753.cloudwaysapps.com/vncrekttab/public_html/wp-includes/plugin.php(191): WP_Hook->apply_filters()
#2 /home/853753.cloudwaysapps.com/vncrekttab/public_html/wp-content/plugins/woocommerce/includes/wc-cart-functions.php(133): apply_filters()
#3 /home/853753.cloudwaysapps.com/vncrekttab/public_html/wp-content/plugins/woocommerce/includes/class-wc-form-handler.php(919): wc_add_to_cart_message()
#4 /home/853753.cloudwaysapps.com/vncrekttab/public_html/wp-content/plugins/woocommerce/includes/class-wc-form-handler.php(790): WC_Form_Handler::add_to_cart_ in /home/853753.cloudwaysapps.com/vncrekttab/public_html/wp-content/themes/farmart/functions.php on line 367

2022-10-31T07:45:45+00:00 CRITICAL Allowed memory size of 268435456 bytes exhausted (tried to allocate 692224 bytes) in /home/853753.cloudwaysapps.com/vncrekttab/public_html/wp-includes/wp-db.php on line 2169

2022-10-31T07:45:54+00:00 CRITICAL Allowed memory size of 268435456 bytes exhausted (tried to allocate 692224 bytes) in /home/853753.cloudwaysapps.com/vncrekttab/public_html/wp-includes/wp-db.php on line 2169

2022-10-31T10:31:20+00:00 CRITICAL Uncaught TypeError: Argument 2 passed to Elementor\TemplateLibrary\Source_Local::on_save_post() must be an instance of WP_Post, instance of stdClass given, called in /home/853753.cloudwaysapps.com/vncrekttab/public_html/wp-includes/class-wp-hook.php on line 309 and defined in /home/853753.cloudwaysapps.com/vncrekttab/public_html/wp-content/plugins/elementor/includes/template-library/sources/local.php:1089
Stack trace:
#0 /home/853753.cloudwaysapps.com/vncrekttab/public_html/wp-includes/class-wp-hook.php(309): Elementor\TemplateLibrary\Source_Local->on_save_post()
#1 /home/853753.cloudwaysapps.com/vncrekttab/public_html/wp-includes/class-wp-hook.php(331): WP_Hook->apply_filters()
#2 /home/853753.cloudwaysapps.com/vncrekttab/public_html/wp-includes/plugin.php(476): WP_Hook->do_action()
#3 /home/853753.cloudwaysapps.com/vncrekttab/public_html/wp-includes/post.php(4673): do_action()
#4 /home/853753.cloudwaysapps.com/vncrekttab/public_html/wp-includes/post.php(4775): wp_insert_post()
#5 /home/853753.cloudwaysapps. in /home/853753.cloudwaysapps.com/vncrekttab/public_html/wp-content/plugins/elementor/includes/template-library/sources/local.php on line 1089

2022-10-31T10:41:02+00:00 CRITICAL Uncaught Error: Call to a member function get_cart_contents_count() on null in /home/853753.cloudwaysapps.com/vncrekttab/public_html/wp-content/plugins/wp-bottom-menu/wp-bottom-menu.php:271
Stack trace:
#0 /home/853753.cloudwaysapps.com/vncrekttab/public_html/wp-includes/class-wp-hook.php(307): WPBottomMenu->wp_bottom_menu()
#1 /home/853753.cloudwaysapps.com/vncrekttab/public_html/wp-includes/class-wp-hook.php(331): WP_Hook->apply_filters()
#2 /home/853753.cloudwaysapps.com/vncrekttab/public_html/wp-includes/plugin.php(476): WP_Hook->do_action()
#3 /home/853753.cloudwaysapps.com/vncrekttab/public_html/wp-includes/general-template.php(3058): do_action()
#4 /home/853753.cloudwaysapps.com/vncrekttab/public_html/wp-includes/rest-api/endpoints/class-wp-rest-widget-types-controller.php(650): wp_footer()
#5 /home/853753.cloudwaysapps.com/vncrekttab/public_html/wp-includes/rest-api/endpoints/class-wp-rest-widget-types-controller.php(598): WP_REST_Widget_Types_Controller->render_legacy_widget_preview_iframe()
#6 /home in /home/853753.cloudwaysapps.com/vncrekttab/public_html/wp-content/plugins/wp-bottom-menu/wp-bottom-menu.php on line 271

2022-10-31T10:41:06+00:00 CRITICAL Uncaught Error: Call to a member function get_cart_contents_count() on null in /home/853753.cloudwaysapps.com/vncrekttab/public_html/wp-content/plugins/wp-bottom-menu/wp-bottom-menu.php:271
Stack trace:
#0 /home/853753.cloudwaysapps.com/vncrekttab/public_html/wp-includes/class-wp-hook.php(307): WPBottomMenu->wp_bottom_menu()
#1 /home/853753.cloudwaysapps.com/vncrekttab/public_html/wp-includes/class-wp-hook.php(331): WP_Hook->apply_filters()
#2 /home/853753.cloudwaysapps.com/vncrekttab/public_html/wp-includes/plugin.php(476): WP_Hook->do_action()
#3 /home/853753.cloudwaysapps.com/vncrekttab/public_html/wp-includes/general-template.php(3058): do_action()
#4 /home/853753.cloudwaysapps.com/vncrekttab/public_html/wp-includes/rest-api/endpoints/class-wp-rest-widget-types-controller.php(650): wp_footer()
#5 /home/853753.cloudwaysapps.com/vncrekttab/public_html/wp-includes/rest-api/endpoints/class-wp-rest-widget-types-controller.php(598): WP_REST_Widget_Types_Controller->render_legacy_widget_preview_iframe()
#6 /home in /home/853753.cloudwaysapps.com/vncrekttab/public_html/wp-content/plugins/wp-bottom-menu/wp-bottom-menu.php on line 271

2022-10-31T10:41:11+00:00 CRITICAL Uncaught Error: Call to a member function get_cart_contents_count() on null in /home/853753.cloudwaysapps.com/vncrekttab/public_html/wp-content/plugins/wp-bottom-menu/wp-bottom-menu.php:271
Stack trace:
#0 /home/853753.cloudwaysapps.com/vncrekttab/public_html/wp-includes/class-wp-hook.php(307): WPBottomMenu->wp_bottom_menu()
#1 /home/853753.cloudwaysapps.com/vncrekttab/public_html/wp-includes/class-wp-hook.php(331): WP_Hook->apply_filters()
#2 /home/853753.cloudwaysapps.com/vncrekttab/public_html/wp-includes/plugin.php(476): WP_Hook->do_action()
#3 /home/853753.cloudwaysapps.com/vncrekttab/public_html/wp-includes/general-template.php(3058): do_action()
#4 /home/853753.cloudwaysapps.com/vncrekttab/public_html/wp-includes/rest-api/endpoints/class-wp-rest-widget-types-controller.php(650): wp_footer()
#5 /home/853753.cloudwaysapps.com/vncrekttab/public_html/wp-includes/rest-api/endpoints/class-wp-rest-widget-types-controller.php(598): WP_REST_Widget_Types_Controller->render_legacy_widget_preview_iframe()
#6 /home in /home/853753.cloudwaysapps.com/vncrekttab/public_html/wp-content/plugins/wp-bottom-menu/wp-bottom-menu.php on line 271

2022-10-31T10:41:12+00:00 CRITICAL Uncaught Error: Call to a member function get_cart_contents_count() on null in /home/853753.cloudwaysapps.com/vncrekttab/public_html/wp-content/plugins/wp-bottom-menu/wp-bottom-menu.php:271
Stack trace:
#0 /home/853753.cloudwaysapps.com/vncrekttab/public_html/wp-includes/class-wp-hook.php(307): WPBottomMenu->wp_bottom_menu()
#1 /home/853753.cloudwaysapps.com/vncrekttab/public_html/wp-includes/class-wp-hook.php(331): WP_Hook->apply_filters()
#2 /home/853753.cloudwaysapps.com/vncrekttab/public_html/wp-includes/plugin.php(476): WP_Hook->do_action()
#3 /home/853753.cloudwaysapps.com/vncrekttab/public_html/wp-includes/general-template.php(3058): do_action()
#4 /home/853753.cloudwaysapps.com/vncrekttab/public_html/wp-includes/rest-api/endpoints/class-wp-rest-widget-types-controller.php(650): wp_footer()
#5 /home/853753.cloudwaysapps.com/vncrekttab/public_html/wp-includes/rest-api/endpoints/class-wp-rest-widget-types-controller.php(598): WP_REST_Widget_Types_Controller->render_legacy_widget_preview_iframe()
#6 /home in /home/853753.cloudwaysapps.com/vncrekttab/public_html/wp-content/plugins/wp-bottom-menu/wp-bottom-menu.php on line 271

2022-10-31T12:55:15+00:00 CRITICAL Uncaught Error: Call to a member function get_gallery_image_ids() on null in /home/853753.cloudwaysapps.com/vncrekttab/public_html/wp-content/themes/farmart/functions.php:423
Stack trace:
#0 /home/853753.cloudwaysapps.com/vncrekttab/public_html/wp-includes/class-wp-hook.php(307): rm_woocommerce_remove_featured_image()
#1 /home/853753.cloudwaysapps.com/vncrekttab/public_html/wp-includes/plugin.php(191): WP_Hook->apply_filters()
#2 /home/853753.cloudwaysapps.com/vncrekttab/public_html/wp-content/plugins/woo-variation-gallery/includes/slider-template-js.php(22): apply_filters()
#3 /home/853753.cloudwaysapps.com/vncrekttab/public_html/wp-content/plugins/woo-variation-gallery/includes/class-woo-variation-gallery-frontend.php(669): require_once('/home/853753.cl...')
#4 /home/853753.cloudwaysapps.com/vncrekttab/public_html/wp-includes/class-wp-hook.php(307): Woo_Variation_Gallery_Frontend->slider_template_js()
#5 /home/853753.cloudwaysapps.com/vncrekttab/public_html/wp-includes/class-wp-hook.php(331): WP_Hook->apply in /home/853753.cloudwaysapps.com/vncrekttab/public_html/wp-content/themes/farmart/functions.php on line 423

2022-10-31T13:04:37+00:00 CRITICAL Uncaught Error: Call to a member function get_gallery_image_ids() on null in /home/853753.cloudwaysapps.com/vncrekttab/public_html/wp-content/themes/farmart/functions.php:418
Stack trace:
#0 /home/853753.cloudwaysapps.com/vncrekttab/public_html/wp-includes/class-wp-hook.php(307): rm_woocommerce_remove_featured_image()
#1 /home/853753.cloudwaysapps.com/vncrekttab/public_html/wp-includes/plugin.php(191): WP_Hook->apply_filters()
#2 /home/853753.cloudwaysapps.com/vncrekttab/public_html/wp-content/plugins/woo-variation-gallery/includes/slider-template-js.php(22): apply_filters()
#3 /home/853753.cloudwaysapps.com/vncrekttab/public_html/wp-content/plugins/woo-variation-gallery/includes/class-woo-variation-gallery-frontend.php(669): require_once('/home/853753.cl...')
#4 /home/853753.cloudwaysapps.com/vncrekttab/public_html/wp-includes/class-wp-hook.php(307): Woo_Variation_Gallery_Frontend->slider_template_js()
#5 /home/853753.cloudwaysapps.com/vncrekttab/public_html/wp-includes/class-wp-hook.php(331): WP_Hook->apply in /home/853753.cloudwaysapps.com/vncrekttab/public_html/wp-content/themes/farmart/functions.php on line 418

2022-10-31T13:11:14+00:00 CRITICAL Uncaught ArgumentCountError: Too few arguments to function empty_wc_add_to_cart_message(), 1 passed in /home/853753.cloudwaysapps.com/vncrekttab/public_html/wp-includes/class-wp-hook.php on line 309 and exactly 2 expected in /home/853753.cloudwaysapps.com/vncrekttab/public_html/wp-content/themes/farmart/functions.php:367
Stack trace:
#0 /home/853753.cloudwaysapps.com/vncrekttab/public_html/wp-includes/class-wp-hook.php(309): empty_wc_add_to_cart_message()
#1 /home/853753.cloudwaysapps.com/vncrekttab/public_html/wp-includes/plugin.php(191): WP_Hook->apply_filters()
#2 /home/853753.cloudwaysapps.com/vncrekttab/public_html/wp-content/plugins/woocommerce/includes/wc-cart-functions.php(133): apply_filters()
#3 /home/853753.cloudwaysapps.com/vncrekttab/public_html/wp-content/plugins/woocommerce/includes/class-wc-form-handler.php(919): wc_add_to_cart_message()
#4 /home/853753.cloudwaysapps.com/vncrekttab/public_html/wp-content/plugins/woocommerce/includes/class-wc-form-handler.php(790): WC_Form_Handler::add_to_cart_ in /home/853753.cloudwaysapps.com/vncrekttab/public_html/wp-content/themes/farmart/functions.php on line 367

