2022-10-21T06:07:33+00:00 CRITICAL Allowed memory size of 268435456 bytes exhausted (tried to allocate 532480 bytes) in /home/853753.cloudwaysapps.com/vncrekttab/public_html/wp-includes/wp-db.php on line 2135

2022-10-21T06:07:50+00:00 CRITICAL Allowed memory size of 268435456 bytes exhausted (tried to allocate 532480 bytes) in /home/853753.cloudwaysapps.com/vncrekttab/public_html/wp-includes/wp-db.php on line 2135

2022-10-21T06:08:01+00:00 CRITICAL Allowed memory size of 268435456 bytes exhausted (tried to allocate 532480 bytes) in /home/853753.cloudwaysapps.com/vncrekttab/public_html/wp-includes/wp-db.php on line 2135

2022-10-21T06:24:25+00:00 CRITICAL Allowed memory size of 268435456 bytes exhausted (tried to allocate 532480 bytes) in /home/853753.cloudwaysapps.com/vncrekttab/public_html/wp-includes/wp-db.php on line 2135

2022-10-21T06:24:33+00:00 CRITICAL Allowed memory size of 268435456 bytes exhausted (tried to allocate 532480 bytes) in /home/853753.cloudwaysapps.com/vncrekttab/public_html/wp-includes/wp-db.php on line 2135

2022-10-21T06:24:38+00:00 CRITICAL Allowed memory size of 268435456 bytes exhausted (tried to allocate 532480 bytes) in /home/853753.cloudwaysapps.com/vncrekttab/public_html/wp-includes/wp-db.php on line 2135

2022-10-21T06:24:44+00:00 CRITICAL Allowed memory size of 268435456 bytes exhausted (tried to allocate 532480 bytes) in /home/853753.cloudwaysapps.com/vncrekttab/public_html/wp-includes/wp-db.php on line 2135

2022-10-21T06:25:30+00:00 CRITICAL Allowed memory size of 268435456 bytes exhausted (tried to allocate 532480 bytes) in /home/853753.cloudwaysapps.com/vncrekttab/public_html/wp-includes/wp-db.php on line 2135

2022-10-21T06:27:25+00:00 CRITICAL Allowed memory size of 268435456 bytes exhausted (tried to allocate 536576 bytes) in /home/853753.cloudwaysapps.com/vncrekttab/public_html/wp-includes/wp-db.php on line 2135

2022-10-21T06:27:33+00:00 CRITICAL Allowed memory size of 268435456 bytes exhausted (tried to allocate 536576 bytes) in /home/853753.cloudwaysapps.com/vncrekttab/public_html/wp-includes/wp-db.php on line 2135

2022-10-21T06:27:41+00:00 CRITICAL Allowed memory size of 268435456 bytes exhausted (tried to allocate 536576 bytes) in /home/853753.cloudwaysapps.com/vncrekttab/public_html/wp-includes/wp-db.php on line 2135

2022-10-21T08:18:42+00:00 CRITICAL Allowed memory size of 268435456 bytes exhausted (tried to allocate 536576 bytes) in /home/853753.cloudwaysapps.com/vncrekttab/public_html/wp-includes/wp-db.php on line 2135

2022-10-21T08:18:50+00:00 CRITICAL Allowed memory size of 268435456 bytes exhausted (tried to allocate 536576 bytes) in /home/853753.cloudwaysapps.com/vncrekttab/public_html/wp-includes/wp-db.php on line 2135

2022-10-21T08:18:55+00:00 CRITICAL Allowed memory size of 268435456 bytes exhausted (tried to allocate 532480 bytes) in /home/853753.cloudwaysapps.com/vncrekttab/public_html/wp-includes/wp-db.php on line 2135

2022-10-21T08:22:11+00:00 CRITICAL Allowed memory size of 268435456 bytes exhausted (tried to allocate 487424 bytes) in /home/853753.cloudwaysapps.com/vncrekttab/public_html/wp-includes/wp-db.php on line 2135

2022-10-21T10:16:25+00:00 CRITICAL Allowed memory size of 268435456 bytes exhausted (tried to allocate 491520 bytes) in /home/853753.cloudwaysapps.com/vncrekttab/public_html/wp-includes/wp-db.php on line 2135

2022-10-21T10:16:40+00:00 CRITICAL Allowed memory size of 268435456 bytes exhausted (tried to allocate 491520 bytes) in /home/853753.cloudwaysapps.com/vncrekttab/public_html/wp-includes/wp-db.php on line 2135

2022-10-21T10:16:51+00:00 CRITICAL Allowed memory size of 268435456 bytes exhausted (tried to allocate 491520 bytes) in /home/853753.cloudwaysapps.com/vncrekttab/public_html/wp-includes/wp-db.php on line 2135

2022-10-21T10:16:59+00:00 CRITICAL Allowed memory size of 268435456 bytes exhausted (tried to allocate 491520 bytes) in /home/853753.cloudwaysapps.com/vncrekttab/public_html/wp-includes/wp-db.php on line 2135

2022-10-21T10:17:10+00:00 CRITICAL Allowed memory size of 268435456 bytes exhausted (tried to allocate 491520 bytes) in /home/853753.cloudwaysapps.com/vncrekttab/public_html/wp-includes/wp-db.php on line 2135

2022-10-21T10:17:20+00:00 CRITICAL Allowed memory size of 268435456 bytes exhausted (tried to allocate 491520 bytes) in /home/853753.cloudwaysapps.com/vncrekttab/public_html/wp-includes/wp-db.php on line 2135

2022-10-21T10:17:26+00:00 CRITICAL Allowed memory size of 268435456 bytes exhausted (tried to allocate 491520 bytes) in /home/853753.cloudwaysapps.com/vncrekttab/public_html/wp-includes/wp-db.php on line 2135

2022-10-21T10:17:36+00:00 CRITICAL Allowed memory size of 268435456 bytes exhausted (tried to allocate 491520 bytes) in /home/853753.cloudwaysapps.com/vncrekttab/public_html/wp-includes/wp-db.php on line 2135

2022-10-21T10:17:44+00:00 CRITICAL Allowed memory size of 268435456 bytes exhausted (tried to allocate 491520 bytes) in /home/853753.cloudwaysapps.com/vncrekttab/public_html/wp-includes/wp-db.php on line 2135

2022-10-21T10:17:57+00:00 CRITICAL Allowed memory size of 268435456 bytes exhausted (tried to allocate 491520 bytes) in /home/853753.cloudwaysapps.com/vncrekttab/public_html/wp-includes/wp-db.php on line 2135

2022-10-21T10:18:05+00:00 CRITICAL Allowed memory size of 268435456 bytes exhausted (tried to allocate 491520 bytes) in /home/853753.cloudwaysapps.com/vncrekttab/public_html/wp-includes/wp-db.php on line 2135

2022-10-21T10:18:17+00:00 CRITICAL Allowed memory size of 268435456 bytes exhausted (tried to allocate 491520 bytes) in /home/853753.cloudwaysapps.com/vncrekttab/public_html/wp-includes/wp-db.php on line 2135

2022-10-21T10:42:31+00:00 CRITICAL Allowed memory size of 268435456 bytes exhausted (tried to allocate 491520 bytes) in /home/853753.cloudwaysapps.com/vncrekttab/public_html/wp-includes/wp-db.php on line 2135

2022-10-21T11:28:42+00:00 CRITICAL Allowed memory size of 268435456 bytes exhausted (tried to allocate 491520 bytes) in /home/853753.cloudwaysapps.com/vncrekttab/public_html/wp-includes/wp-db.php on line 2135

2022-10-21T11:28:51+00:00 CRITICAL Allowed memory size of 268435456 bytes exhausted (tried to allocate 491520 bytes) in /home/853753.cloudwaysapps.com/vncrekttab/public_html/wp-includes/wp-db.php on line 2135

2022-10-21T11:28:59+00:00 CRITICAL Allowed memory size of 268435456 bytes exhausted (tried to allocate 491520 bytes) in /home/853753.cloudwaysapps.com/vncrekttab/public_html/wp-includes/wp-db.php on line 2135

2022-10-21T13:23:26+00:00 CRITICAL Uncaught ArgumentCountError: Too few arguments to function empty_wc_add_to_cart_message(), 1 passed in /home/853753.cloudwaysapps.com/vncrekttab/public_html/wp-includes/class-wp-hook.php on line 309 and exactly 2 expected in /home/853753.cloudwaysapps.com/vncrekttab/public_html/wp-content/themes/farmart/functions.php:367
Stack trace:
#0 /home/853753.cloudwaysapps.com/vncrekttab/public_html/wp-includes/class-wp-hook.php(309): empty_wc_add_to_cart_message()
#1 /home/853753.cloudwaysapps.com/vncrekttab/public_html/wp-includes/plugin.php(191): WP_Hook->apply_filters()
#2 /home/853753.cloudwaysapps.com/vncrekttab/public_html/wp-content/plugins/woocommerce/includes/wc-cart-functions.php(133): apply_filters()
#3 /home/853753.cloudwaysapps.com/vncrekttab/public_html/wp-content/plugins/woocommerce/includes/class-wc-form-handler.php(919): wc_add_to_cart_message()
#4 /home/853753.cloudwaysapps.com/vncrekttab/public_html/wp-content/plugins/woocommerce/includes/class-wc-form-handler.php(790): WC_Form_Handler::add_to_cart_ in /home/853753.cloudwaysapps.com/vncrekttab/public_html/wp-content/themes/farmart/functions.php on line 367

2022-10-21T13:26:59+00:00 CRITICAL Uncaught ArgumentCountError: Too few arguments to function empty_wc_add_to_cart_message(), 1 passed in /home/853753.cloudwaysapps.com/vncrekttab/public_html/wp-includes/class-wp-hook.php on line 309 and exactly 2 expected in /home/853753.cloudwaysapps.com/vncrekttab/public_html/wp-content/themes/farmart/functions.php:367
Stack trace:
#0 /home/853753.cloudwaysapps.com/vncrekttab/public_html/wp-includes/class-wp-hook.php(309): empty_wc_add_to_cart_message()
#1 /home/853753.cloudwaysapps.com/vncrekttab/public_html/wp-includes/plugin.php(191): WP_Hook->apply_filters()
#2 /home/853753.cloudwaysapps.com/vncrekttab/public_html/wp-content/plugins/woocommerce/includes/wc-cart-functions.php(133): apply_filters()
#3 /home/853753.cloudwaysapps.com/vncrekttab/public_html/wp-content/plugins/woocommerce/includes/class-wc-form-handler.php(919): wc_add_to_cart_message()
#4 /home/853753.cloudwaysapps.com/vncrekttab/public_html/wp-content/plugins/woocommerce/includes/class-wc-form-handler.php(790): WC_Form_Handler::add_to_cart_ in /home/853753.cloudwaysapps.com/vncrekttab/public_html/wp-content/themes/farmart/functions.php on line 367

2022-10-21T13:31:39+00:00 CRITICAL Uncaught ArgumentCountError: Too few arguments to function empty_wc_add_to_cart_message(), 1 passed in /home/853753.cloudwaysapps.com/vncrekttab/public_html/wp-includes/class-wp-hook.php on line 309 and exactly 2 expected in /home/853753.cloudwaysapps.com/vncrekttab/public_html/wp-content/themes/farmart/functions.php:367
Stack trace:
#0 /home/853753.cloudwaysapps.com/vncrekttab/public_html/wp-includes/class-wp-hook.php(309): empty_wc_add_to_cart_message()
#1 /home/853753.cloudwaysapps.com/vncrekttab/public_html/wp-includes/plugin.php(191): WP_Hook->apply_filters()
#2 /home/853753.cloudwaysapps.com/vncrekttab/public_html/wp-content/plugins/woocommerce/includes/wc-cart-functions.php(133): apply_filters()
#3 /home/853753.cloudwaysapps.com/vncrekttab/public_html/wp-content/plugins/woocommerce/includes/class-wc-form-handler.php(919): wc_add_to_cart_message()
#4 /home/853753.cloudwaysapps.com/vncrekttab/public_html/wp-content/plugins/woocommerce/includes/class-wc-form-handler.php(790): WC_Form_Handler::add_to_cart_ in /home/853753.cloudwaysapps.com/vncrekttab/public_html/wp-content/themes/farmart/functions.php on line 367

2022-10-21T13:31:49+00:00 CRITICAL Uncaught ArgumentCountError: Too few arguments to function empty_wc_add_to_cart_message(), 1 passed in /home/853753.cloudwaysapps.com/vncrekttab/public_html/wp-includes/class-wp-hook.php on line 309 and exactly 2 expected in /home/853753.cloudwaysapps.com/vncrekttab/public_html/wp-content/themes/farmart/functions.php:367
Stack trace:
#0 /home/853753.cloudwaysapps.com/vncrekttab/public_html/wp-includes/class-wp-hook.php(309): empty_wc_add_to_cart_message()
#1 /home/853753.cloudwaysapps.com/vncrekttab/public_html/wp-includes/plugin.php(191): WP_Hook->apply_filters()
#2 /home/853753.cloudwaysapps.com/vncrekttab/public_html/wp-content/plugins/woocommerce/includes/wc-cart-functions.php(133): apply_filters()
#3 /home/853753.cloudwaysapps.com/vncrekttab/public_html/wp-content/plugins/woocommerce/includes/class-wc-form-handler.php(919): wc_add_to_cart_message()
#4 /home/853753.cloudwaysapps.com/vncrekttab/public_html/wp-content/plugins/woocommerce/includes/class-wc-form-handler.php(790): WC_Form_Handler::add_to_cart_ in /home/853753.cloudwaysapps.com/vncrekttab/public_html/wp-content/themes/farmart/functions.php on line 367

