2022-10-07T05:21:19+00:00 INFO Called process_payment with params order_id 11527
2022-10-07T05:21:19+00:00 INFO Set transient with key razorpay_wc_order_id params order_id 11527
2022-10-07T05:21:23+00:00 INFO Updating razorpay webhook
2022-10-07T05:21:24+00:00 INFO getRazorpayPaymentParams 11527
2022-10-07T05:21:24+00:00 INFO createOrGetRazorpayOrderId 11527 and is1ccCheckout is set to no
2022-10-07T05:21:24+00:00 INFO Called createOrGetRazorpayOrderId with params orderId 11527 and is_magic_checkout_order is set to no
2022-10-07T05:21:24+00:00 INFO razorpayOrderId  | sessionKey razorpay_order_id11527
2022-10-07T05:21:24+00:00 INFO Called createRazorpayOrderId with params orderId 11527 and sessionKey razorpay_order_id11527
2022-10-07T05:21:24+00:00 INFO Called getOrderCreationData with params orderId 11527
2022-10-07T05:21:24+00:00 INFO Called getOrderCreationData with params orderId 11527 and is1ccOrder is set to no
2022-10-07T05:21:24+00:00 INFO For order 11527
2022-10-07T05:21:24+00:00 INFO {"receipt":11527,"amount":88700,"currency":"INR","payment_capture":1,"app_offer":0,"notes":{"woocommerce_order_number":"11527"}}
2022-10-07T05:21:26+00:00 INFO For order session key razorpay_order_id11527
2022-10-07T05:21:45+00:00 INFO Called check_razorpay_response: wc_order_wnkNcLylRnO0b
2022-10-07T05:21:45+00:00 INFO Get order id in check_razorpay_response: orderId 11527
2022-10-07T05:21:45+00:00 INFO handleErrorCase
2022-10-07T05:21:45+00:00 INFO getErrorMessage orderId: 11527
2022-10-07T05:21:45+00:00 INFO returning An error occured. Please contact administrator for assistance
2022-10-07T05:21:45+00:00 INFO updateOrder orderId: 11527 , razorpayPaymentId:  , success: 
2022-10-07T05:21:45+00:00 INFO Woocommerce orderId: 11527 processed through callback
