2022-10-20T06:00:05+00:00 ERROR cURL error 77: error setting certificate verify locations:
  CAfile: phar:///usr/local/bin/wp/vendor/rmccue/requests/library/Requests/Transport/cacert.pem
  CApath: /etc/ssl/certs
2022-10-20T06:00:08+00:00 ERROR cURL error 77: error setting certificate verify locations:
  CAfile: phar:///usr/local/bin/wp/vendor/rmccue/requests/library/Requests/Transport/cacert.pem
  CApath: /etc/ssl/certs
2022-10-20T06:25:07+00:00 ERROR cURL error 77: error setting certificate verify locations:
  CAfile: phar:///usr/local/bin/wp/vendor/rmccue/requests/library/Requests/Transport/cacert.pem
  CApath: /etc/ssl/certs
2022-10-20T06:25:10+00:00 ERROR cURL error 77: error setting certificate verify locations:
  CAfile: phar:///usr/local/bin/wp/vendor/rmccue/requests/library/Requests/Transport/cacert.pem
  CApath: /etc/ssl/certs
2022-10-20T14:46:50+00:00 INFO Called process_payment with params order_id 12306
2022-10-20T14:46:50+00:00 INFO Set transient with key razorpay_wc_order_id params order_id 12306
2022-10-20T14:46:52+00:00 INFO Updating razorpay webhook
2022-10-20T14:46:53+00:00 INFO getRazorpayPaymentParams 12306
2022-10-20T14:46:53+00:00 INFO createOrGetRazorpayOrderId 12306 and is1ccCheckout is set to no
2022-10-20T14:46:53+00:00 INFO Called createOrGetRazorpayOrderId with params orderId 12306 and is_magic_checkout_order is set to no
2022-10-20T14:46:53+00:00 INFO razorpayOrderId  | sessionKey razorpay_order_id12306
2022-10-20T14:46:53+00:00 INFO Called createRazorpayOrderId with params orderId 12306 and sessionKey razorpay_order_id12306
2022-10-20T14:46:53+00:00 INFO Called getOrderCreationData with params orderId 12306
2022-10-20T14:46:53+00:00 INFO Called getOrderCreationData with params orderId 12306 and is1ccOrder is set to no
2022-10-20T14:46:53+00:00 INFO For order 12306
2022-10-20T14:46:53+00:00 INFO {"receipt":12306,"amount":61800,"currency":"INR","payment_capture":1,"app_offer":0,"notes":{"woocommerce_order_number":"12306"}}
2022-10-20T14:46:54+00:00 INFO For order session key razorpay_order_id12306
2022-10-20T14:47:53+00:00 INFO Called check_razorpay_response: wc_order_nUL4W466lmILe
2022-10-20T14:47:53+00:00 INFO Get order id in check_razorpay_response: orderId 12306
2022-10-20T14:47:53+00:00 INFO handleErrorCase
2022-10-20T14:47:53+00:00 INFO getErrorMessage orderId: 12306
2022-10-20T14:47:53+00:00 INFO returning An error occured. Please contact administrator for assistance
2022-10-20T14:47:53+00:00 INFO updateOrder orderId: 12306 , razorpayPaymentId:  , success: 
2022-10-20T14:47:53+00:00 INFO Woocommerce orderId: 12306 processed through callback
