10-19-2022 @ 12:04:38 - ---[ New import started at 2022-10-19 12:04:38 ] PHP Memory: 256 MB, WP Memory: 40 MB
10-19-2022 @ 12:04:38 - Preparing for import.
10-19-2022 @ 12:04:38 - Row :1 - Parsing item.
10-19-2022 @ 12:04:38 - Row :1 - Processing item.
10-19-2022 @ 12:04:38 - Processing users.
10-19-2022 @ 12:04:38 - > &#8220;5&#8221;User imported successfully. ID:5
10-19-2022 @ 12:04:38 - > Finished importing user 5
10-19-2022 @ 12:04:38 - Row :1 - User imported successfully.
10-19-2022 @ 12:04:38 - Row :2 - Parsing item.
10-19-2022 @ 12:04:38 - Row :2 - Processing item.
10-19-2022 @ 12:04:38 - Processing users.
10-19-2022 @ 12:04:38 - > &#8220;6&#8221;User imported successfully. ID:6
10-19-2022 @ 12:04:38 - > Finished importing user 6
10-19-2022 @ 12:04:38 - Row :2 - User imported successfully.
10-19-2022 @ 12:04:38 - Row :3 - Parsing item.
10-19-2022 @ 12:04:38 - Row :3 - Processing item.
10-19-2022 @ 12:04:38 - Processing users.
10-19-2022 @ 12:04:38 - > &#8220;7&#8221;User imported successfully. ID:7
10-19-2022 @ 12:04:38 - > Finished importing user 7
10-19-2022 @ 12:04:38 - Row :3 - User imported successfully.
10-19-2022 @ 12:04:38 - Row :4 - Parsing item.
10-19-2022 @ 12:04:38 - Row :4 - Processing item.
10-19-2022 @ 12:04:38 - Processing users.
10-19-2022 @ 12:04:39 - > &#8220;8&#8221;User imported successfully. ID:8
10-19-2022 @ 12:04:39 - > Finished importing user 8
10-19-2022 @ 12:04:39 - Row :4 - User imported successfully.
10-19-2022 @ 12:04:39 - Row :5 - Parsing item.
10-19-2022 @ 12:04:39 - Row :5 - Processing item.
10-19-2022 @ 12:04:39 - Processing users.
10-19-2022 @ 12:04:39 - > &#8220;9&#8221;User imported successfully. ID:9
10-19-2022 @ 12:04:39 - > Finished importing user 9
10-19-2022 @ 12:04:39 - Row :5 - User imported successfully.
10-19-2022 @ 12:04:39 - Row :6 - Parsing item.
10-19-2022 @ 12:04:39 - Row :6 - Processing item.
10-19-2022 @ 12:04:39 - Processing users.
10-19-2022 @ 12:04:39 - > &#8220;10&#8221;User imported successfully. ID:10
10-19-2022 @ 12:04:39 - > Finished importing user 10
10-19-2022 @ 12:04:39 - Row :6 - User imported successfully.
10-19-2022 @ 12:04:39 - Row :7 - Parsing item.
10-19-2022 @ 12:04:39 - Row :7 - Processing item.
10-19-2022 @ 12:04:39 - Processing users.
10-19-2022 @ 12:04:39 - > &#8220;11&#8221;User imported successfully. ID:11
10-19-2022 @ 12:04:39 - > Finished importing user 11
10-19-2022 @ 12:04:39 - Row :7 - User imported successfully.
10-19-2022 @ 12:04:39 - Row :8 - Parsing item.
10-19-2022 @ 12:04:39 - Row :8 - Processing item.
10-19-2022 @ 12:04:39 - Processing users.
10-19-2022 @ 12:04:39 - > &#8220;12&#8221;User imported successfully. ID:12
10-19-2022 @ 12:04:39 - > Finished importing user 12
10-19-2022 @ 12:04:39 - Row :8 - User imported successfully.
10-19-2022 @ 12:04:39 - Row :9 - Parsing item.
10-19-2022 @ 12:04:39 - Row :9 - Processing item.
10-19-2022 @ 12:04:39 - Processing users.
10-19-2022 @ 12:04:39 - > &#8220;13&#8221;User imported successfully. ID:13
10-19-2022 @ 12:04:39 - > Finished importing user 13
10-19-2022 @ 12:04:39 - Row :9 - User imported successfully.
10-19-2022 @ 12:04:39 - Row :10 - Parsing item.
10-19-2022 @ 12:04:39 - Row :10 - Processing item.
10-19-2022 @ 12:04:39 - Processing users.
10-19-2022 @ 12:04:39 - > &#8220;14&#8221;User imported successfully. ID:14
10-19-2022 @ 12:04:39 - > Finished importing user 14
10-19-2022 @ 12:04:39 - Row :10 - User imported successfully.
10-19-2022 @ 12:04:39 - Row :11 - Parsing item.
10-19-2022 @ 12:04:39 - Row :11 - Processing item.
10-19-2022 @ 12:04:39 - Processing users.
10-19-2022 @ 12:04:39 - > &#8220;15&#8221;User imported successfully. ID:15
10-19-2022 @ 12:04:39 - > Finished importing user 15
10-19-2022 @ 12:04:39 - Row :11 - User imported successfully.
10-19-2022 @ 12:04:39 - Row :12 - Parsing item.
10-19-2022 @ 12:04:39 - Row :12 - Processing item.
10-19-2022 @ 12:04:39 - Processing users.
10-19-2022 @ 12:04:39 - > &#8220;16&#8221;User imported successfully. ID:16
10-19-2022 @ 12:04:39 - > Finished importing user 16
10-19-2022 @ 12:04:39 - Row :12 - User imported successfully.
10-19-2022 @ 12:04:39 - Row :13 - Parsing item.
10-19-2022 @ 12:04:39 - Row :13 - Processing item.
10-19-2022 @ 12:04:39 - Processing users.
10-19-2022 @ 12:04:40 - > &#8220;17&#8221;User imported successfully. ID:17
10-19-2022 @ 12:04:40 - > Finished importing user 17
10-19-2022 @ 12:04:40 - Row :13 - User imported successfully.
10-19-2022 @ 12:04:40 - Row :14 - Parsing item.
10-19-2022 @ 12:04:40 - Row :14 - Processing item.
10-19-2022 @ 12:04:40 - Processing users.
10-19-2022 @ 12:04:40 - > &#8220;18&#8221;User imported successfully. ID:18
10-19-2022 @ 12:04:40 - > Finished importing user 18
10-19-2022 @ 12:04:40 - Row :14 - User imported successfully.
10-19-2022 @ 12:04:40 - Row :15 - Parsing item.
10-19-2022 @ 12:04:40 - Row :15 - Processing item.
10-19-2022 @ 12:04:40 - Processing users.
10-19-2022 @ 12:04:40 - > &#8220;19&#8221;User imported successfully. ID:19
10-19-2022 @ 12:04:40 - > Finished importing user 19
10-19-2022 @ 12:04:40 - Row :15 - User imported successfully.
10-19-2022 @ 12:04:40 - Row :16 - Parsing item.
10-19-2022 @ 12:04:40 - Row :16 - Processing item.
10-19-2022 @ 12:04:40 - Processing users.
10-19-2022 @ 12:04:40 - > &#8220;20&#8221;User imported successfully. ID:20
10-19-2022 @ 12:04:40 - > Finished importing user 20
10-19-2022 @ 12:04:40 - Row :16 - User imported successfully.
10-19-2022 @ 12:04:40 - Row :17 - Parsing item.
10-19-2022 @ 12:04:40 - Row :17 - Processing item.
10-19-2022 @ 12:04:40 - Processing users.
10-19-2022 @ 12:04:40 - > &#8220;21&#8221;User imported successfully. ID:21
10-19-2022 @ 12:04:40 - > Finished importing user 21
10-19-2022 @ 12:04:40 - Row :17 - User imported successfully.
10-19-2022 @ 12:04:40 - Row :18 - Parsing item.
10-19-2022 @ 12:04:40 - Row :18 - Processing item.
10-19-2022 @ 12:04:40 - Processing users.
10-19-2022 @ 12:04:40 - > &#8220;22&#8221;User imported successfully. ID:22
10-19-2022 @ 12:04:40 - > Finished importing user 22
10-19-2022 @ 12:04:40 - Row :18 - User imported successfully.
10-19-2022 @ 12:04:40 - Row :19 - Parsing item.
10-19-2022 @ 12:04:40 - Row :19 - Processing item.
10-19-2022 @ 12:04:40 - Processing users.
10-19-2022 @ 12:04:40 - > &#8220;23&#8221;User imported successfully. ID:23
10-19-2022 @ 12:04:40 - > Finished importing user 23
10-19-2022 @ 12:04:40 - Row :19 - User imported successfully.
10-19-2022 @ 12:04:40 - Row :20 - Parsing item.
10-19-2022 @ 12:04:40 - Row :20 - Processing item.
10-19-2022 @ 12:04:40 - Processing users.
10-19-2022 @ 12:04:40 - > &#8220;24&#8221;User imported successfully. ID:24
10-19-2022 @ 12:04:40 - > Finished importing user 24
10-19-2022 @ 12:04:40 - Row :20 - User imported successfully.
10-19-2022 @ 12:04:40 - Row :21 - Parsing item.
10-19-2022 @ 12:04:40 - Row :21 - Processing item.
10-19-2022 @ 12:04:40 - Processing users.
10-19-2022 @ 12:04:40 - > &#8220;25&#8221;User imported successfully. ID:25
10-19-2022 @ 12:04:40 - > Finished importing user 25
10-19-2022 @ 12:04:40 - Row :21 - User imported successfully.
10-19-2022 @ 12:04:40 - Row :22 - Parsing item.
10-19-2022 @ 12:04:40 - Row :22 - Processing item.
10-19-2022 @ 12:04:40 - Processing users.
10-19-2022 @ 12:04:40 - > &#8220;26&#8221;User imported successfully. ID:26
10-19-2022 @ 12:04:40 - > Finished importing user 26
10-19-2022 @ 12:04:40 - Row :22 - User imported successfully.
10-19-2022 @ 12:04:40 - Row :23 - Parsing item.
10-19-2022 @ 12:04:40 - Row :23 - Processing item.
10-19-2022 @ 12:04:40 - Processing users.
10-19-2022 @ 12:04:40 - > &#8220;27&#8221;User imported successfully. ID:27
10-19-2022 @ 12:04:40 - > Finished importing user 27
10-19-2022 @ 12:04:40 - Row :23 - User imported successfully.
10-19-2022 @ 12:04:40 - Row :24 - Parsing item.
10-19-2022 @ 12:04:40 - Row :24 - Processing item.
10-19-2022 @ 12:04:40 - Processing users.
10-19-2022 @ 12:04:41 - > &#8220;28&#8221;User imported successfully. ID:28
10-19-2022 @ 12:04:41 - > Finished importing user 28
10-19-2022 @ 12:04:41 - Row :24 - User imported successfully.
10-19-2022 @ 12:04:41 - Row :25 - Parsing item.
10-19-2022 @ 12:04:41 - Row :25 - Processing item.
10-19-2022 @ 12:04:41 - Processing users.
10-19-2022 @ 12:04:41 - > &#8220;29&#8221;User imported successfully. ID:29
10-19-2022 @ 12:04:41 - > Finished importing user 29
10-19-2022 @ 12:04:41 - Row :25 - User imported successfully.
10-19-2022 @ 12:04:41 - Row :26 - Parsing item.
10-19-2022 @ 12:04:41 - Row :26 - Processing item.
10-19-2022 @ 12:04:41 - Processing users.
10-19-2022 @ 12:04:41 - > &#8220;30&#8221;User imported successfully. ID:30
10-19-2022 @ 12:04:41 - > Finished importing user 30
10-19-2022 @ 12:04:41 - Row :26 - User imported successfully.
10-19-2022 @ 12:04:41 - Row :27 - Parsing item.
10-19-2022 @ 12:04:41 - Row :27 - Processing item.
10-19-2022 @ 12:04:41 - Processing users.
10-19-2022 @ 12:04:41 - > &#8220;31&#8221;User imported successfully. ID:31
10-19-2022 @ 12:04:41 - > Finished importing user 31
10-19-2022 @ 12:04:41 - Row :27 - User imported successfully.
10-19-2022 @ 12:04:41 - Row :28 - Parsing item.
10-19-2022 @ 12:04:41 - Row :28 - Processing item.
10-19-2022 @ 12:04:41 - Processing users.
10-19-2022 @ 12:04:41 - > &#8220;32&#8221;User imported successfully. ID:32
10-19-2022 @ 12:04:41 - > Finished importing user 32
10-19-2022 @ 12:04:41 - Row :28 - User imported successfully.
10-19-2022 @ 12:04:41 - Row :29 - Parsing item.
10-19-2022 @ 12:04:41 - Row :29 - Processing item.
10-19-2022 @ 12:04:41 - Processing users.
10-19-2022 @ 12:04:41 - > &#8220;33&#8221;User imported successfully. ID:33
10-19-2022 @ 12:04:41 - > Finished importing user 33
10-19-2022 @ 12:04:41 - Row :29 - User imported successfully.
10-19-2022 @ 12:04:41 - Row :30 - Parsing item.
10-19-2022 @ 12:04:41 - Row :30 - Processing item.
10-19-2022 @ 12:04:41 - Processing users.
10-19-2022 @ 12:04:41 - > &#8220;34&#8221;User imported successfully. ID:34
10-19-2022 @ 12:04:41 - > Finished importing user 34
10-19-2022 @ 12:04:41 - Row :30 - User imported successfully.
10-19-2022 @ 12:04:42 - Preparing for import.
10-19-2022 @ 12:04:42 - Row :31 - Parsing item.
10-19-2022 @ 12:04:42 - Row :31 - Processing item.
10-19-2022 @ 12:04:42 - Processing users.
10-19-2022 @ 12:04:42 - > &#8220;35&#8221;User imported successfully. ID:35
10-19-2022 @ 12:04:42 - > Finished importing user 35
10-19-2022 @ 12:04:42 - Row :31 - User imported successfully.
10-19-2022 @ 12:04:42 - Row :32 - Parsing item.
10-19-2022 @ 12:04:42 - Row :32 - Processing item.
10-19-2022 @ 12:04:42 - Processing users.
10-19-2022 @ 12:04:42 - > &#8220;36&#8221;User imported successfully. ID:36
10-19-2022 @ 12:04:42 - > Finished importing user 36
10-19-2022 @ 12:04:42 - Row :32 - User imported successfully.
10-19-2022 @ 12:04:42 - Row :33 - Parsing item.
10-19-2022 @ 12:04:42 - Row :33 - Parsing failed. Reason: User with same Email already exists. Email: jalpa@innovuratech.com
10-19-2022 @ 12:04:42 - Row :34 - Parsing item.
10-19-2022 @ 12:04:42 - Row :34 - Processing item.
10-19-2022 @ 12:04:42 - Processing users.
10-19-2022 @ 12:04:42 - > &#8220;37&#8221;User imported successfully. ID:37
10-19-2022 @ 12:04:42 - > Finished importing user 37
10-19-2022 @ 12:04:42 - Row :34 - User imported successfully.
10-19-2022 @ 12:04:42 - Row :35 - Parsing item.
10-19-2022 @ 12:04:42 - Row :35 - Processing item.
10-19-2022 @ 12:04:42 - Processing users.
10-19-2022 @ 12:04:42 - > &#8220;38&#8221;User imported successfully. ID:38
10-19-2022 @ 12:04:42 - > Finished importing user 38
10-19-2022 @ 12:04:42 - Row :35 - User imported successfully.
10-19-2022 @ 12:04:42 - Row :36 - Parsing item.
10-19-2022 @ 12:04:42 - Row :36 - Processing item.
10-19-2022 @ 12:04:42 - Processing users.
10-19-2022 @ 12:04:42 - > &#8220;39&#8221;User imported successfully. ID:39
10-19-2022 @ 12:04:42 - > Finished importing user 39
10-19-2022 @ 12:04:42 - Row :36 - User imported successfully.
10-19-2022 @ 12:04:42 - Row :37 - Parsing item.
10-19-2022 @ 12:04:42 - Row :37 - Processing item.
10-19-2022 @ 12:04:42 - Processing users.
10-19-2022 @ 12:04:43 - > &#8220;40&#8221;User imported successfully. ID:40
10-19-2022 @ 12:04:43 - > Finished importing user 40
10-19-2022 @ 12:04:43 - Row :37 - User imported successfully.
10-19-2022 @ 12:04:43 - Row :38 - Parsing item.
10-19-2022 @ 12:04:43 - Row :38 - Processing item.
10-19-2022 @ 12:04:43 - Processing users.
10-19-2022 @ 12:04:43 - > &#8220;41&#8221;User imported successfully. ID:41
10-19-2022 @ 12:04:43 - > Finished importing user 41
10-19-2022 @ 12:04:43 - Row :38 - User imported successfully.
10-19-2022 @ 12:04:43 - Row :39 - Parsing item.
10-19-2022 @ 12:04:43 - Row :39 - Processing item.
10-19-2022 @ 12:04:43 - Processing users.
10-19-2022 @ 12:04:43 - > &#8220;42&#8221;User imported successfully. ID:42
10-19-2022 @ 12:04:43 - > Finished importing user 42
10-19-2022 @ 12:04:43 - Row :39 - User imported successfully.
10-19-2022 @ 12:04:43 - Row :40 - Parsing item.
10-19-2022 @ 12:04:43 - Row :40 - Processing item.
10-19-2022 @ 12:04:43 - Processing users.
10-19-2022 @ 12:04:43 - > &#8220;43&#8221;User imported successfully. ID:43
10-19-2022 @ 12:04:43 - > Finished importing user 43
10-19-2022 @ 12:04:43 - Row :40 - User imported successfully.
10-19-2022 @ 12:04:43 - Row :41 - Parsing item.
10-19-2022 @ 12:04:43 - Row :41 - Processing item.
10-19-2022 @ 12:04:43 - Processing users.
10-19-2022 @ 12:04:43 - > &#8220;44&#8221;User imported successfully. ID:44
10-19-2022 @ 12:04:43 - > Finished importing user 44
10-19-2022 @ 12:04:43 - Row :41 - User imported successfully.
10-19-2022 @ 12:04:43 - Row :42 - Parsing item.
10-19-2022 @ 12:04:43 - Row :42 - Processing item.
10-19-2022 @ 12:04:43 - Processing users.
10-19-2022 @ 12:04:43 - > &#8220;45&#8221;User imported successfully. ID:45
10-19-2022 @ 12:04:43 - > Finished importing user 45
10-19-2022 @ 12:04:43 - Row :42 - User imported successfully.
10-19-2022 @ 12:04:43 - Row :43 - Parsing item.
10-19-2022 @ 12:04:43 - Row :43 - Processing item.
10-19-2022 @ 12:04:43 - Processing users.
10-19-2022 @ 12:04:43 - > &#8220;46&#8221;User imported successfully. ID:46
10-19-2022 @ 12:04:43 - > Finished importing user 46
10-19-2022 @ 12:04:43 - Row :43 - User imported successfully.
10-19-2022 @ 12:04:43 - Row :44 - Parsing item.
10-19-2022 @ 12:04:43 - Row :44 - Processing item.
10-19-2022 @ 12:04:43 - Processing users.
10-19-2022 @ 12:04:43 - > &#8220;47&#8221;User imported successfully. ID:47
10-19-2022 @ 12:04:43 - > Finished importing user 47
10-19-2022 @ 12:04:43 - Row :44 - User imported successfully.
10-19-2022 @ 12:04:43 - Row :45 - Parsing item.
10-19-2022 @ 12:04:43 - Row :45 - Processing item.
10-19-2022 @ 12:04:43 - Processing users.
10-19-2022 @ 12:04:43 - > &#8220;48&#8221;User imported successfully. ID:48
10-19-2022 @ 12:04:43 - > Finished importing user 48
10-19-2022 @ 12:04:43 - Row :45 - User imported successfully.
10-19-2022 @ 12:04:43 - Row :46 - Parsing item.
10-19-2022 @ 12:04:43 - Row :46 - Processing item.
10-19-2022 @ 12:04:43 - Processing users.
10-19-2022 @ 12:04:43 - > &#8220;49&#8221;User imported successfully. ID:49
10-19-2022 @ 12:04:43 - > Finished importing user 49
10-19-2022 @ 12:04:43 - Row :46 - User imported successfully.
10-19-2022 @ 12:04:43 - Row :47 - Parsing item.
10-19-2022 @ 12:04:43 - Row :47 - Processing item.
10-19-2022 @ 12:04:43 - Processing users.
10-19-2022 @ 12:04:43 - > &#8220;50&#8221;User imported successfully. ID:50
10-19-2022 @ 12:04:43 - > Finished importing user 50
10-19-2022 @ 12:04:43 - Row :47 - User imported successfully.
10-19-2022 @ 12:04:43 - Row :48 - Parsing item.
10-19-2022 @ 12:04:43 - Row :48 - Processing item.
10-19-2022 @ 12:04:43 - Processing users.
10-19-2022 @ 12:04:43 - > &#8220;51&#8221;User imported successfully. ID:51
10-19-2022 @ 12:04:43 - > Finished importing user 51
10-19-2022 @ 12:04:43 - Row :48 - User imported successfully.
10-19-2022 @ 12:04:43 - Row :49 - Parsing item.
10-19-2022 @ 12:04:43 - Row :49 - Processing item.
10-19-2022 @ 12:04:43 - Processing users.
10-19-2022 @ 12:04:44 - > &#8220;52&#8221;User imported successfully. ID:52
10-19-2022 @ 12:04:44 - > Finished importing user 52
10-19-2022 @ 12:04:44 - Row :49 - User imported successfully.
10-19-2022 @ 12:04:44 - Row :50 - Parsing item.
10-19-2022 @ 12:04:44 - Row :50 - Processing item.
10-19-2022 @ 12:04:44 - Processing users.
10-19-2022 @ 12:04:44 - > &#8220;53&#8221;User imported successfully. ID:53
10-19-2022 @ 12:04:44 - > Finished importing user 53
10-19-2022 @ 12:04:44 - Row :50 - User imported successfully.
10-19-2022 @ 12:04:44 - Row :51 - Parsing item.
10-19-2022 @ 12:04:44 - Row :51 - Processing item.
10-19-2022 @ 12:04:44 - Processing users.
10-19-2022 @ 12:04:44 - > &#8220;54&#8221;User imported successfully. ID:54
10-19-2022 @ 12:04:44 - > Finished importing user 54
10-19-2022 @ 12:04:44 - Row :51 - User imported successfully.
10-19-2022 @ 12:04:44 - Row :52 - Parsing item.
10-19-2022 @ 12:04:44 - Row :52 - Processing item.
10-19-2022 @ 12:04:44 - Processing users.
10-19-2022 @ 12:04:44 - > &#8220;55&#8221;User imported successfully. ID:55
10-19-2022 @ 12:04:44 - > Finished importing user 55
10-19-2022 @ 12:04:44 - Row :52 - User imported successfully.
10-19-2022 @ 12:04:44 - Row :53 - Parsing item.
10-19-2022 @ 12:04:44 - Row :53 - Processing item.
10-19-2022 @ 12:04:44 - Processing users.
10-19-2022 @ 12:04:44 - > &#8220;56&#8221;User imported successfully. ID:56
10-19-2022 @ 12:04:44 - > Finished importing user 56
10-19-2022 @ 12:04:44 - Row :53 - User imported successfully.
10-19-2022 @ 12:04:44 - Row :54 - Parsing item.
10-19-2022 @ 12:04:44 - Row :54 - Processing item.
10-19-2022 @ 12:04:44 - Processing users.
10-19-2022 @ 12:04:44 - > &#8220;57&#8221;User imported successfully. ID:57
10-19-2022 @ 12:04:44 - > Finished importing user 57
10-19-2022 @ 12:04:44 - Row :54 - User imported successfully.
10-19-2022 @ 12:04:44 - Row :55 - Parsing item.
10-19-2022 @ 12:04:44 - Row :55 - Processing item.
10-19-2022 @ 12:04:44 - Processing users.
10-19-2022 @ 12:04:44 - > &#8220;58&#8221;User imported successfully. ID:58
10-19-2022 @ 12:04:44 - > Finished importing user 58
10-19-2022 @ 12:04:44 - Row :55 - User imported successfully.
10-19-2022 @ 12:04:44 - Row :56 - Parsing item.
10-19-2022 @ 12:04:44 - Row :56 - Processing item.
10-19-2022 @ 12:04:44 - Processing users.
10-19-2022 @ 12:04:44 - > &#8220;59&#8221;User imported successfully. ID:59
10-19-2022 @ 12:04:44 - > Finished importing user 59
10-19-2022 @ 12:04:44 - Row :56 - User imported successfully.
10-19-2022 @ 12:04:44 - Row :57 - Parsing item.
10-19-2022 @ 12:04:44 - Row :57 - Processing item.
10-19-2022 @ 12:04:44 - Processing users.
10-19-2022 @ 12:04:45 - > &#8220;60&#8221;User imported successfully. ID:60
10-19-2022 @ 12:04:45 - > Finished importing user 60
10-19-2022 @ 12:04:45 - Row :57 - User imported successfully.
10-19-2022 @ 12:04:45 - Row :58 - Parsing item.
10-19-2022 @ 12:04:45 - Row :58 - Processing item.
10-19-2022 @ 12:04:45 - Processing users.
10-19-2022 @ 12:04:45 - > &#8220;61&#8221;User imported successfully. ID:61
10-19-2022 @ 12:04:45 - > Finished importing user 61
10-19-2022 @ 12:04:45 - Row :58 - User imported successfully.
10-19-2022 @ 12:04:45 - Row :59 - Parsing item.
10-19-2022 @ 12:04:45 - Row :59 - Processing item.
10-19-2022 @ 12:04:45 - Processing users.
10-19-2022 @ 12:04:45 - > &#8220;62&#8221;User imported successfully. ID:62
10-19-2022 @ 12:04:45 - > Finished importing user 62
10-19-2022 @ 12:04:45 - Row :59 - User imported successfully.
10-19-2022 @ 12:04:45 - Row :60 - Parsing item.
10-19-2022 @ 12:04:45 - Row :60 - Processing item.
10-19-2022 @ 12:04:45 - Processing users.
10-19-2022 @ 12:04:45 - > &#8220;63&#8221;User imported successfully. ID:63
10-19-2022 @ 12:04:45 - > Finished importing user 63
10-19-2022 @ 12:04:45 - Row :60 - User imported successfully.
10-19-2022 @ 12:04:46 - Preparing for import.
10-19-2022 @ 12:04:46 - Row :61 - Parsing item.
10-19-2022 @ 12:04:46 - Row :61 - Processing item.
10-19-2022 @ 12:04:46 - Processing users.
10-19-2022 @ 12:04:46 - > &#8220;64&#8221;User imported successfully. ID:64
10-19-2022 @ 12:04:46 - > Finished importing user 64
10-19-2022 @ 12:04:46 - Row :61 - User imported successfully.
10-19-2022 @ 12:04:46 - Row :62 - Parsing item.
10-19-2022 @ 12:04:46 - Row :62 - Processing item.
10-19-2022 @ 12:04:46 - Processing users.
10-19-2022 @ 12:04:46 - > &#8220;65&#8221;User imported successfully. ID:65
10-19-2022 @ 12:04:46 - > Finished importing user 65
10-19-2022 @ 12:04:46 - Row :62 - User imported successfully.
10-19-2022 @ 12:04:46 - Row :63 - Parsing item.
10-19-2022 @ 12:04:46 - Row :63 - Processing item.
10-19-2022 @ 12:04:46 - Processing users.
10-19-2022 @ 12:04:46 - > &#8220;66&#8221;User imported successfully. ID:66
10-19-2022 @ 12:04:46 - > Finished importing user 66
10-19-2022 @ 12:04:46 - Row :63 - User imported successfully.
10-19-2022 @ 12:04:46 - Row :64 - Parsing item.
10-19-2022 @ 12:04:46 - Row :64 - Processing item.
10-19-2022 @ 12:04:46 - Processing users.
10-19-2022 @ 12:04:46 - > &#8220;67&#8221;User imported successfully. ID:67
10-19-2022 @ 12:04:46 - > Finished importing user 67
10-19-2022 @ 12:04:46 - Row :64 - User imported successfully.
10-19-2022 @ 12:04:46 - Row :65 - Parsing item.
10-19-2022 @ 12:04:46 - Row :65 - Processing item.
10-19-2022 @ 12:04:46 - Processing users.
10-19-2022 @ 12:04:47 - > &#8220;68&#8221;User imported successfully. ID:68
10-19-2022 @ 12:04:47 - > Finished importing user 68
10-19-2022 @ 12:04:47 - Row :65 - User imported successfully.
10-19-2022 @ 12:04:47 - Row :66 - Parsing item.
10-19-2022 @ 12:04:47 - Row :66 - Processing item.
10-19-2022 @ 12:04:47 - Processing users.
10-19-2022 @ 12:04:47 - > &#8220;69&#8221;User imported successfully. ID:69
10-19-2022 @ 12:04:47 - > Finished importing user 69
10-19-2022 @ 12:04:47 - Row :66 - User imported successfully.
10-19-2022 @ 12:04:47 - Row :67 - Parsing item.
10-19-2022 @ 12:04:47 - Row :67 - Processing item.
10-19-2022 @ 12:04:47 - Processing users.
10-19-2022 @ 12:04:47 - > &#8220;70&#8221;User imported successfully. ID:70
10-19-2022 @ 12:04:47 - > Finished importing user 70
10-19-2022 @ 12:04:47 - Row :67 - User imported successfully.
10-19-2022 @ 12:04:47 - Row :68 - Parsing item.
10-19-2022 @ 12:04:47 - Row :68 - Processing item.
10-19-2022 @ 12:04:47 - Processing users.
10-19-2022 @ 12:04:47 - > &#8220;71&#8221;User imported successfully. ID:71
10-19-2022 @ 12:04:47 - > Finished importing user 71
10-19-2022 @ 12:04:47 - Row :68 - User imported successfully.
10-19-2022 @ 12:04:47 - Row :69 - Parsing item.
10-19-2022 @ 12:04:47 - Row :69 - Processing item.
10-19-2022 @ 12:04:47 - Processing users.
10-19-2022 @ 12:04:47 - > &#8220;72&#8221;User imported successfully. ID:72
10-19-2022 @ 12:04:47 - > Finished importing user 72
10-19-2022 @ 12:04:47 - Row :69 - User imported successfully.
10-19-2022 @ 12:04:47 - Row :70 - Parsing item.
10-19-2022 @ 12:04:47 - Row :70 - Processing item.
10-19-2022 @ 12:04:47 - Processing users.
10-19-2022 @ 12:04:47 - > &#8220;73&#8221;User imported successfully. ID:73
10-19-2022 @ 12:04:47 - > Finished importing user 73
10-19-2022 @ 12:04:47 - Row :70 - User imported successfully.
10-19-2022 @ 12:04:47 - Row :71 - Parsing item.
10-19-2022 @ 12:04:47 - Row :71 - Processing item.
10-19-2022 @ 12:04:47 - Processing users.
10-19-2022 @ 12:04:47 - > &#8220;74&#8221;User imported successfully. ID:74
10-19-2022 @ 12:04:47 - > Finished importing user 74
10-19-2022 @ 12:04:47 - Row :71 - User imported successfully.
10-19-2022 @ 12:04:47 - Row :72 - Parsing item.
10-19-2022 @ 12:04:47 - Row :72 - Processing item.
10-19-2022 @ 12:04:47 - Processing users.
10-19-2022 @ 12:04:47 - > &#8220;75&#8221;User imported successfully. ID:75
10-19-2022 @ 12:04:47 - > Finished importing user 75
10-19-2022 @ 12:04:47 - Row :72 - User imported successfully.
10-19-2022 @ 12:04:47 - Row :73 - Parsing item.
10-19-2022 @ 12:04:47 - Row :73 - Processing item.
10-19-2022 @ 12:04:47 - Processing users.
10-19-2022 @ 12:04:47 - > &#8220;76&#8221;User imported successfully. ID:76
10-19-2022 @ 12:04:47 - > Finished importing user 76
10-19-2022 @ 12:04:47 - Row :73 - User imported successfully.
10-19-2022 @ 12:04:47 - Row :74 - Parsing item.
10-19-2022 @ 12:04:47 - Row :74 - Processing item.
10-19-2022 @ 12:04:47 - Processing users.
10-19-2022 @ 12:04:48 - > &#8220;77&#8221;User imported successfully. ID:77
10-19-2022 @ 12:04:48 - > Finished importing user 77
10-19-2022 @ 12:04:48 - Row :74 - User imported successfully.
10-19-2022 @ 12:04:48 - Row :75 - Parsing item.
10-19-2022 @ 12:04:48 - Row :75 - Processing item.
10-19-2022 @ 12:04:48 - Processing users.
10-19-2022 @ 12:04:48 - > &#8220;78&#8221;User imported successfully. ID:78
10-19-2022 @ 12:04:48 - > Finished importing user 78
10-19-2022 @ 12:04:48 - Row :75 - User imported successfully.
10-19-2022 @ 12:04:48 - Row :76 - Parsing item.
10-19-2022 @ 12:04:48 - Row :76 - Processing item.
10-19-2022 @ 12:04:48 - Processing users.
10-19-2022 @ 12:04:48 - > &#8220;79&#8221;User imported successfully. ID:79
10-19-2022 @ 12:04:48 - > Finished importing user 79
10-19-2022 @ 12:04:48 - Row :76 - User imported successfully.
10-19-2022 @ 12:04:48 - Row :77 - Parsing item.
10-19-2022 @ 12:04:48 - Row :77 - Processing item.
10-19-2022 @ 12:04:48 - Processing users.
10-19-2022 @ 12:04:48 - > &#8220;80&#8221;User imported successfully. ID:80
10-19-2022 @ 12:04:48 - > Finished importing user 80
10-19-2022 @ 12:04:48 - Row :77 - User imported successfully.
10-19-2022 @ 12:04:48 - Row :78 - Parsing item.
10-19-2022 @ 12:04:48 - Row :78 - Processing item.
10-19-2022 @ 12:04:48 - Processing users.
10-19-2022 @ 12:04:48 - > &#8220;81&#8221;User imported successfully. ID:81
10-19-2022 @ 12:04:48 - > Finished importing user 81
10-19-2022 @ 12:04:48 - Row :78 - User imported successfully.
10-19-2022 @ 12:04:48 - Row :79 - Parsing item.
10-19-2022 @ 12:04:48 - Row :79 - Processing item.
10-19-2022 @ 12:04:48 - Processing users.
10-19-2022 @ 12:04:48 - > &#8220;82&#8221;User imported successfully. ID:82
10-19-2022 @ 12:04:48 - > Finished importing user 82
10-19-2022 @ 12:04:48 - Row :79 - User imported successfully.
10-19-2022 @ 12:04:48 - Row :80 - Parsing item.
10-19-2022 @ 12:04:48 - Row :80 - Processing item.
10-19-2022 @ 12:04:48 - Processing users.
10-19-2022 @ 12:04:48 - > &#8220;83&#8221;User imported successfully. ID:83
10-19-2022 @ 12:04:48 - > Finished importing user 83
10-19-2022 @ 12:04:48 - Row :80 - User imported successfully.
10-19-2022 @ 12:04:48 - Row :81 - Parsing item.
10-19-2022 @ 12:04:48 - Row :81 - Processing item.
10-19-2022 @ 12:04:48 - Processing users.
10-19-2022 @ 12:04:48 - > &#8220;84&#8221;User imported successfully. ID:84
10-19-2022 @ 12:04:48 - > Finished importing user 84
10-19-2022 @ 12:04:48 - Row :81 - User imported successfully.
10-19-2022 @ 12:04:48 - Row :82 - Parsing item.
10-19-2022 @ 12:04:48 - Row :82 - Processing item.
10-19-2022 @ 12:04:48 - Processing users.
10-19-2022 @ 12:04:48 - > &#8220;85&#8221;User imported successfully. ID:85
10-19-2022 @ 12:04:48 - > Finished importing user 85
10-19-2022 @ 12:04:48 - Row :82 - User imported successfully.
10-19-2022 @ 12:04:48 - Row :83 - Parsing item.
10-19-2022 @ 12:04:48 - Row :83 - Processing item.
10-19-2022 @ 12:04:48 - Processing users.
10-19-2022 @ 12:04:48 - > &#8220;86&#8221;User imported successfully. ID:86
10-19-2022 @ 12:04:48 - > Finished importing user 86
10-19-2022 @ 12:04:48 - Row :83 - User imported successfully.
10-19-2022 @ 12:04:48 - Row :84 - Parsing item.
10-19-2022 @ 12:04:48 - Row :84 - Processing item.
10-19-2022 @ 12:04:48 - Processing users.
10-19-2022 @ 12:04:48 - > &#8220;87&#8221;User imported successfully. ID:87
10-19-2022 @ 12:04:48 - > Finished importing user 87
10-19-2022 @ 12:04:48 - Row :84 - User imported successfully.
10-19-2022 @ 12:04:48 - Row :85 - Parsing item.
10-19-2022 @ 12:04:48 - Row :85 - Processing item.
10-19-2022 @ 12:04:48 - Processing users.
10-19-2022 @ 12:04:49 - > &#8220;88&#8221;User imported successfully. ID:88
10-19-2022 @ 12:04:49 - > Finished importing user 88
10-19-2022 @ 12:04:49 - Row :85 - User imported successfully.
10-19-2022 @ 12:04:49 - Row :86 - Parsing item.
10-19-2022 @ 12:04:49 - Row :86 - Processing item.
10-19-2022 @ 12:04:49 - Processing users.
10-19-2022 @ 12:04:49 - > &#8220;89&#8221;User imported successfully. ID:89
10-19-2022 @ 12:04:49 - > Finished importing user 89
10-19-2022 @ 12:04:49 - Row :86 - User imported successfully.
10-19-2022 @ 12:04:49 - Row :87 - Parsing item.
10-19-2022 @ 12:04:49 - Row :87 - Processing item.
10-19-2022 @ 12:04:49 - Processing users.
10-19-2022 @ 12:04:49 - > &#8220;90&#8221;User imported successfully. ID:90
10-19-2022 @ 12:04:49 - > Finished importing user 90
10-19-2022 @ 12:04:49 - Row :87 - User imported successfully.
10-19-2022 @ 12:04:49 - Row :88 - Parsing item.
10-19-2022 @ 12:04:49 - Row :88 - Processing item.
10-19-2022 @ 12:04:49 - Processing users.
10-19-2022 @ 12:04:49 - > &#8220;91&#8221;User imported successfully. ID:91
10-19-2022 @ 12:04:49 - > Finished importing user 91
10-19-2022 @ 12:04:49 - Row :88 - User imported successfully.
10-19-2022 @ 12:04:49 - Row :89 - Parsing item.
10-19-2022 @ 12:04:49 - Row :89 - Processing item.
10-19-2022 @ 12:04:49 - Processing users.
10-19-2022 @ 12:04:49 - > &#8220;92&#8221;User imported successfully. ID:92
10-19-2022 @ 12:04:49 - > Finished importing user 92
10-19-2022 @ 12:04:49 - Row :89 - User imported successfully.
10-19-2022 @ 12:04:49 - Row :90 - Parsing item.
10-19-2022 @ 12:04:49 - Row :90 - Processing item.
10-19-2022 @ 12:04:49 - Processing users.
10-19-2022 @ 12:04:49 - > &#8220;93&#8221;User imported successfully. ID:93
10-19-2022 @ 12:04:49 - > Finished importing user 93
10-19-2022 @ 12:04:49 - Row :90 - User imported successfully.
10-19-2022 @ 12:04:50 - Preparing for import.
10-19-2022 @ 12:04:50 - Row :91 - Parsing item.
10-19-2022 @ 12:04:50 - Row :91 - Processing item.
10-19-2022 @ 12:04:50 - Processing users.
10-19-2022 @ 12:04:50 - > &#8220;94&#8221;User imported successfully. ID:94
10-19-2022 @ 12:04:50 - > Finished importing user 94
10-19-2022 @ 12:04:50 - Row :91 - User imported successfully.
10-19-2022 @ 12:04:50 - Row :92 - Parsing item.
10-19-2022 @ 12:04:50 - Row :92 - Processing item.
10-19-2022 @ 12:04:50 - Processing users.
10-19-2022 @ 12:04:50 - > &#8220;95&#8221;User imported successfully. ID:95
10-19-2022 @ 12:04:50 - > Finished importing user 95
10-19-2022 @ 12:04:50 - Row :92 - User imported successfully.
10-19-2022 @ 12:04:50 - Row :93 - Parsing item.
10-19-2022 @ 12:04:50 - Row :93 - Processing item.
10-19-2022 @ 12:04:50 - Processing users.
10-19-2022 @ 12:04:50 - > &#8220;96&#8221;User imported successfully. ID:96
10-19-2022 @ 12:04:50 - > Finished importing user 96
10-19-2022 @ 12:04:50 - Row :93 - User imported successfully.
10-19-2022 @ 12:04:50 - Row :94 - Parsing item.
10-19-2022 @ 12:04:50 - Row :94 - Processing item.
10-19-2022 @ 12:04:50 - Processing users.
10-19-2022 @ 12:04:50 - > &#8220;97&#8221;User imported successfully. ID:97
10-19-2022 @ 12:04:50 - > Finished importing user 97
10-19-2022 @ 12:04:50 - Row :94 - User imported successfully.
10-19-2022 @ 12:04:50 - Row :95 - Parsing item.
10-19-2022 @ 12:04:50 - Row :95 - Processing item.
10-19-2022 @ 12:04:50 - Processing users.
10-19-2022 @ 12:04:51 - > &#8220;98&#8221;User imported successfully. ID:98
10-19-2022 @ 12:04:51 - > Finished importing user 98
10-19-2022 @ 12:04:51 - Row :95 - User imported successfully.
10-19-2022 @ 12:04:51 - Row :96 - Parsing item.
10-19-2022 @ 12:04:51 - Row :96 - Processing item.
10-19-2022 @ 12:04:51 - Processing users.
10-19-2022 @ 12:04:51 - > &#8220;99&#8221;User imported successfully. ID:99
10-19-2022 @ 12:04:51 - > Finished importing user 99
10-19-2022 @ 12:04:51 - Row :96 - User imported successfully.
10-19-2022 @ 12:04:51 - Row :97 - Parsing item.
10-19-2022 @ 12:04:51 - Row :97 - Processing item.
10-19-2022 @ 12:04:51 - Processing users.
10-19-2022 @ 12:04:51 - > &#8220;100&#8221;User imported successfully. ID:100
10-19-2022 @ 12:04:51 - > Finished importing user 100
10-19-2022 @ 12:04:51 - Row :97 - User imported successfully.
10-19-2022 @ 12:04:51 - Row :98 - Parsing item.
10-19-2022 @ 12:04:51 - Row :98 - Processing item.
10-19-2022 @ 12:04:51 - Processing users.
10-19-2022 @ 12:04:51 - > &#8220;101&#8221;User imported successfully. ID:101
10-19-2022 @ 12:04:51 - > Finished importing user 101
10-19-2022 @ 12:04:51 - Row :98 - User imported successfully.
10-19-2022 @ 12:04:51 - Row :99 - Parsing item.
10-19-2022 @ 12:04:51 - Row :99 - Processing item.
10-19-2022 @ 12:04:51 - Processing users.
10-19-2022 @ 12:04:51 - > &#8220;102&#8221;User imported successfully. ID:102
10-19-2022 @ 12:04:51 - > Finished importing user 102
10-19-2022 @ 12:04:51 - Row :99 - User imported successfully.
10-19-2022 @ 12:04:51 - Row :100 - Parsing item.
10-19-2022 @ 12:04:51 - Row :100 - Processing item.
10-19-2022 @ 12:04:51 - Processing users.
10-19-2022 @ 12:04:51 - > &#8220;103&#8221;User imported successfully. ID:103
10-19-2022 @ 12:04:51 - > Finished importing user 103
10-19-2022 @ 12:04:51 - Row :100 - User imported successfully.
10-19-2022 @ 12:04:51 - Row :101 - Parsing item.
10-19-2022 @ 12:04:51 - Row :101 - Processing item.
10-19-2022 @ 12:04:51 - Processing users.
10-19-2022 @ 12:04:51 - > &#8220;104&#8221;User imported successfully. ID:104
10-19-2022 @ 12:04:51 - > Finished importing user 104
10-19-2022 @ 12:04:51 - Row :101 - User imported successfully.
10-19-2022 @ 12:04:51 - Row :102 - Parsing item.
10-19-2022 @ 12:04:51 - Row :102 - Processing item.
10-19-2022 @ 12:04:51 - Processing users.
10-19-2022 @ 12:04:51 - > &#8220;105&#8221;User imported successfully. ID:105
10-19-2022 @ 12:04:51 - > Finished importing user 105
10-19-2022 @ 12:04:51 - Row :102 - User imported successfully.
10-19-2022 @ 12:04:51 - Row :103 - Parsing item.
10-19-2022 @ 12:04:51 - Row :103 - Processing item.
10-19-2022 @ 12:04:51 - Processing users.
10-19-2022 @ 12:04:51 - > &#8220;106&#8221;User imported successfully. ID:106
10-19-2022 @ 12:04:51 - > Finished importing user 106
10-19-2022 @ 12:04:51 - Row :103 - User imported successfully.
10-19-2022 @ 12:04:51 - Row :104 - Parsing item.
10-19-2022 @ 12:04:51 - Row :104 - Processing item.
10-19-2022 @ 12:04:51 - Processing users.
10-19-2022 @ 12:04:51 - > &#8220;107&#8221;User imported successfully. ID:107
10-19-2022 @ 12:04:51 - > Finished importing user 107
10-19-2022 @ 12:04:51 - Row :104 - User imported successfully.
10-19-2022 @ 12:04:51 - Row :105 - Parsing item.
10-19-2022 @ 12:04:51 - Row :105 - Processing item.
10-19-2022 @ 12:04:51 - Processing users.
10-19-2022 @ 12:04:51 - > &#8220;108&#8221;User imported successfully. ID:108
10-19-2022 @ 12:04:51 - > Finished importing user 108
10-19-2022 @ 12:04:51 - Row :105 - User imported successfully.
10-19-2022 @ 12:04:51 - Row :106 - Parsing item.
10-19-2022 @ 12:04:51 - Row :106 - Processing item.
10-19-2022 @ 12:04:51 - Processing users.
10-19-2022 @ 12:04:51 - > &#8220;109&#8221;User imported successfully. ID:109
10-19-2022 @ 12:04:51 - > Finished importing user 109
10-19-2022 @ 12:04:51 - Row :106 - User imported successfully.
10-19-2022 @ 12:04:51 - Row :107 - Parsing item.
10-19-2022 @ 12:04:51 - Row :107 - Processing item.
10-19-2022 @ 12:04:51 - Processing users.
10-19-2022 @ 12:04:51 - > &#8220;110&#8221;User imported successfully. ID:110
10-19-2022 @ 12:04:51 - > Finished importing user 110
10-19-2022 @ 12:04:51 - Row :107 - User imported successfully.
10-19-2022 @ 12:04:51 - Row :108 - Parsing item.
10-19-2022 @ 12:04:51 - Row :108 - Processing item.
10-19-2022 @ 12:04:51 - Processing users.
10-19-2022 @ 12:04:51 - > &#8220;111&#8221;User imported successfully. ID:111
10-19-2022 @ 12:04:51 - > Finished importing user 111
10-19-2022 @ 12:04:51 - Row :108 - User imported successfully.
10-19-2022 @ 12:04:51 - Row :109 - Parsing item.
10-19-2022 @ 12:04:51 - Row :109 - Processing item.
10-19-2022 @ 12:04:51 - Processing users.
10-19-2022 @ 12:04:51 - > &#8220;112&#8221;User imported successfully. ID:112
10-19-2022 @ 12:04:51 - > Finished importing user 112
10-19-2022 @ 12:04:51 - Row :109 - User imported successfully.
10-19-2022 @ 12:04:51 - Row :110 - Parsing item.
10-19-2022 @ 12:04:51 - Row :110 - Processing item.
10-19-2022 @ 12:04:51 - Processing users.
10-19-2022 @ 12:04:51 - > &#8220;113&#8221;User imported successfully. ID:113
10-19-2022 @ 12:04:51 - > Finished importing user 113
10-19-2022 @ 12:04:51 - Row :110 - User imported successfully.
10-19-2022 @ 12:04:51 - Row :111 - Parsing item.
10-19-2022 @ 12:04:51 - Row :111 - Processing item.
10-19-2022 @ 12:04:51 - Processing users.
10-19-2022 @ 12:04:52 - > &#8220;114&#8221;User imported successfully. ID:114
10-19-2022 @ 12:04:52 - > Finished importing user 114
10-19-2022 @ 12:04:52 - Row :111 - User imported successfully.
10-19-2022 @ 12:04:52 - Row :112 - Parsing item.
10-19-2022 @ 12:04:52 - Row :112 - Processing item.
10-19-2022 @ 12:04:52 - Processing users.
10-19-2022 @ 12:04:52 - > &#8220;115&#8221;User imported successfully. ID:115
10-19-2022 @ 12:04:52 - > Finished importing user 115
10-19-2022 @ 12:04:52 - Row :112 - User imported successfully.
10-19-2022 @ 12:04:52 - Row :113 - Parsing item.
10-19-2022 @ 12:04:52 - Row :113 - Processing item.
10-19-2022 @ 12:04:52 - Processing users.
10-19-2022 @ 12:04:52 - > &#8220;116&#8221;User imported successfully. ID:116
10-19-2022 @ 12:04:52 - > Finished importing user 116
10-19-2022 @ 12:04:52 - Row :113 - User imported successfully.
10-19-2022 @ 12:04:52 - Row :114 - Parsing item.
10-19-2022 @ 12:04:52 - Row :114 - Processing item.
10-19-2022 @ 12:04:52 - Processing users.
10-19-2022 @ 12:04:52 - > &#8220;117&#8221;User imported successfully. ID:117
10-19-2022 @ 12:04:52 - > Finished importing user 117
10-19-2022 @ 12:04:52 - Row :114 - User imported successfully.
10-19-2022 @ 12:04:52 - Row :115 - Parsing item.
10-19-2022 @ 12:04:52 - Row :115 - Processing item.
10-19-2022 @ 12:04:52 - Processing users.
10-19-2022 @ 12:04:52 - > &#8220;118&#8221;User imported successfully. ID:118
10-19-2022 @ 12:04:52 - > Finished importing user 118
10-19-2022 @ 12:04:52 - Row :115 - User imported successfully.
10-19-2022 @ 12:04:52 - Row :116 - Parsing item.
10-19-2022 @ 12:04:52 - Row :116 - Processing item.
10-19-2022 @ 12:04:52 - Processing users.
10-19-2022 @ 12:04:52 - > &#8220;119&#8221;User imported successfully. ID:119
10-19-2022 @ 12:04:52 - > Finished importing user 119
10-19-2022 @ 12:04:52 - Row :116 - User imported successfully.
10-19-2022 @ 12:04:52 - Row :117 - Parsing item.
10-19-2022 @ 12:04:52 - Row :117 - Processing item.
10-19-2022 @ 12:04:52 - Processing users.
10-19-2022 @ 12:04:52 - > &#8220;120&#8221;User imported successfully. ID:120
10-19-2022 @ 12:04:52 - > Finished importing user 120
10-19-2022 @ 12:04:52 - Row :117 - User imported successfully.
10-19-2022 @ 12:04:52 - Row :118 - Parsing item.
10-19-2022 @ 12:04:52 - Row :118 - Processing item.
10-19-2022 @ 12:04:52 - Processing users.
10-19-2022 @ 12:04:52 - > &#8220;121&#8221;User imported successfully. ID:121
10-19-2022 @ 12:04:52 - > Finished importing user 121
10-19-2022 @ 12:04:52 - Row :118 - User imported successfully.
10-19-2022 @ 12:04:52 - Row :119 - Parsing item.
10-19-2022 @ 12:04:52 - Row :119 - Processing item.
10-19-2022 @ 12:04:52 - Processing users.
10-19-2022 @ 12:04:52 - > &#8220;122&#8221;User imported successfully. ID:122
10-19-2022 @ 12:04:52 - > Finished importing user 122
10-19-2022 @ 12:04:52 - Row :119 - User imported successfully.
10-19-2022 @ 12:04:52 - Row :120 - Parsing item.
10-19-2022 @ 12:04:52 - Row :120 - Processing item.
10-19-2022 @ 12:04:52 - Processing users.
10-19-2022 @ 12:04:52 - > &#8220;123&#8221;User imported successfully. ID:123
10-19-2022 @ 12:04:52 - > Finished importing user 123
10-19-2022 @ 12:04:52 - Row :120 - User imported successfully.
10-19-2022 @ 12:04:53 - Preparing for import.
10-19-2022 @ 12:04:53 - Row :121 - Parsing item.
10-19-2022 @ 12:04:53 - Row :121 - Processing item.
10-19-2022 @ 12:04:53 - Processing users.
10-19-2022 @ 12:04:53 - > &#8220;124&#8221;User imported successfully. ID:124
10-19-2022 @ 12:04:53 - > Finished importing user 124
10-19-2022 @ 12:04:53 - Row :121 - User imported successfully.
10-19-2022 @ 12:04:53 - Row :122 - Parsing item.
10-19-2022 @ 12:04:53 - Row :122 - Processing item.
10-19-2022 @ 12:04:53 - Processing users.
10-19-2022 @ 12:04:53 - > &#8220;125&#8221;User imported successfully. ID:125
10-19-2022 @ 12:04:53 - > Finished importing user 125
10-19-2022 @ 12:04:53 - Row :122 - User imported successfully.
10-19-2022 @ 12:04:53 - Row :123 - Parsing item.
10-19-2022 @ 12:04:53 - Row :123 - Parsing failed. Reason: User with same Email already exists. Email: vijayaggar@gmail.com
10-19-2022 @ 12:04:53 - Row :124 - Parsing item.
10-19-2022 @ 12:04:53 - Row :124 - Processing item.
10-19-2022 @ 12:04:53 - Processing users.
10-19-2022 @ 12:04:54 - > &#8220;126&#8221;User imported successfully. ID:126
10-19-2022 @ 12:04:54 - > Finished importing user 126
10-19-2022 @ 12:04:54 - Row :124 - User imported successfully.
10-19-2022 @ 12:04:54 - Row :125 - Parsing item.
10-19-2022 @ 12:04:54 - Row :125 - Processing item.
10-19-2022 @ 12:04:54 - Processing users.
10-19-2022 @ 12:04:54 - > &#8220;127&#8221;User imported successfully. ID:127
10-19-2022 @ 12:04:54 - > Finished importing user 127
10-19-2022 @ 12:04:54 - Row :125 - User imported successfully.
10-19-2022 @ 12:04:54 - Row :126 - Parsing item.
10-19-2022 @ 12:04:54 - Row :126 - Processing item.
10-19-2022 @ 12:04:54 - Processing users.
10-19-2022 @ 12:04:54 - > &#8220;128&#8221;User imported successfully. ID:128
10-19-2022 @ 12:04:54 - > Finished importing user 128
10-19-2022 @ 12:04:54 - Row :126 - User imported successfully.
10-19-2022 @ 12:04:54 - Row :127 - Parsing item.
10-19-2022 @ 12:04:54 - Row :127 - Processing item.
10-19-2022 @ 12:04:54 - Processing users.
10-19-2022 @ 12:04:54 - > &#8220;129&#8221;User imported successfully. ID:129
10-19-2022 @ 12:04:54 - > Finished importing user 129
10-19-2022 @ 12:04:54 - Row :127 - User imported successfully.
10-19-2022 @ 12:04:54 - Row :128 - Parsing item.
10-19-2022 @ 12:04:54 - Row :128 - Processing item.
10-19-2022 @ 12:04:54 - Processing users.
10-19-2022 @ 12:04:54 - > &#8220;130&#8221;User imported successfully. ID:130
10-19-2022 @ 12:04:54 - > Finished importing user 130
10-19-2022 @ 12:04:54 - Row :128 - User imported successfully.
10-19-2022 @ 12:04:54 - Row :129 - Parsing item.
10-19-2022 @ 12:04:54 - Row :129 - Processing item.
10-19-2022 @ 12:04:54 - Processing users.
10-19-2022 @ 12:04:54 - > &#8220;131&#8221;User imported successfully. ID:131
10-19-2022 @ 12:04:54 - > Finished importing user 131
10-19-2022 @ 12:04:54 - Row :129 - User imported successfully.
10-19-2022 @ 12:04:54 - Row :130 - Parsing item.
10-19-2022 @ 12:04:54 - Row :130 - Processing item.
10-19-2022 @ 12:04:54 - Processing users.
10-19-2022 @ 12:04:54 - > &#8220;132&#8221;User imported successfully. ID:132
10-19-2022 @ 12:04:54 - > Finished importing user 132
10-19-2022 @ 12:04:54 - Row :130 - User imported successfully.
10-19-2022 @ 12:04:54 - Row :131 - Parsing item.
10-19-2022 @ 12:04:54 - Row :131 - Processing item.
10-19-2022 @ 12:04:54 - Processing users.
10-19-2022 @ 12:04:54 - > &#8220;133&#8221;User imported successfully. ID:133
10-19-2022 @ 12:04:54 - > Finished importing user 133
10-19-2022 @ 12:04:54 - Row :131 - User imported successfully.
10-19-2022 @ 12:04:54 - Row :132 - Parsing item.
10-19-2022 @ 12:04:54 - Row :132 - Processing item.
10-19-2022 @ 12:04:54 - Processing users.
10-19-2022 @ 12:04:54 - > &#8220;134&#8221;User imported successfully. ID:134
10-19-2022 @ 12:04:54 - > Finished importing user 134
10-19-2022 @ 12:04:54 - Row :132 - User imported successfully.
10-19-2022 @ 12:04:54 - Row :133 - Parsing item.
10-19-2022 @ 12:04:54 - Row :133 - Processing item.
10-19-2022 @ 12:04:54 - Processing users.
10-19-2022 @ 12:04:54 - > &#8220;135&#8221;User imported successfully. ID:135
10-19-2022 @ 12:04:54 - > Finished importing user 135
10-19-2022 @ 12:04:54 - Row :133 - User imported successfully.
10-19-2022 @ 12:04:54 - Row :134 - Parsing item.
10-19-2022 @ 12:04:54 - Row :134 - Processing item.
10-19-2022 @ 12:04:54 - Processing users.
10-19-2022 @ 12:04:55 - > &#8220;136&#8221;User imported successfully. ID:136
10-19-2022 @ 12:04:55 - > Finished importing user 136
10-19-2022 @ 12:04:55 - Row :134 - User imported successfully.
10-19-2022 @ 12:04:55 - Row :135 - Parsing item.
10-19-2022 @ 12:04:55 - Row :135 - Processing item.
10-19-2022 @ 12:04:55 - Processing users.
10-19-2022 @ 12:04:55 - > &#8220;137&#8221;User imported successfully. ID:137
10-19-2022 @ 12:04:55 - > Finished importing user 137
10-19-2022 @ 12:04:55 - Row :135 - User imported successfully.
10-19-2022 @ 12:04:55 - Row :136 - Parsing item.
10-19-2022 @ 12:04:55 - Row :136 - Processing item.
10-19-2022 @ 12:04:55 - Processing users.
10-19-2022 @ 12:04:55 - > &#8220;138&#8221;User imported successfully. ID:138
10-19-2022 @ 12:04:55 - > Finished importing user 138
10-19-2022 @ 12:04:55 - Row :136 - User imported successfully.
10-19-2022 @ 12:04:55 - Row :137 - Parsing item.
10-19-2022 @ 12:04:55 - Row :137 - Processing item.
10-19-2022 @ 12:04:55 - Processing users.
10-19-2022 @ 12:04:55 - > &#8220;139&#8221;User imported successfully. ID:139
10-19-2022 @ 12:04:55 - > Finished importing user 139
10-19-2022 @ 12:04:55 - Row :137 - User imported successfully.
10-19-2022 @ 12:04:55 - Row :138 - Parsing item.
10-19-2022 @ 12:04:55 - Row :138 - Processing item.
10-19-2022 @ 12:04:55 - Processing users.
10-19-2022 @ 12:04:55 - > &#8220;140&#8221;User imported successfully. ID:140
10-19-2022 @ 12:04:55 - > Finished importing user 140
10-19-2022 @ 12:04:55 - Row :138 - User imported successfully.
10-19-2022 @ 12:04:55 - Row :139 - Parsing item.
10-19-2022 @ 12:04:55 - Row :139 - Processing item.
10-19-2022 @ 12:04:55 - Processing users.
10-19-2022 @ 12:04:55 - > &#8220;141&#8221;User imported successfully. ID:141
10-19-2022 @ 12:04:55 - > Finished importing user 141
10-19-2022 @ 12:04:55 - Row :139 - User imported successfully.
10-19-2022 @ 12:04:55 - Row :140 - Parsing item.
10-19-2022 @ 12:04:55 - Row :140 - Processing item.
10-19-2022 @ 12:04:55 - Processing users.
10-19-2022 @ 12:04:55 - > &#8220;142&#8221;User imported successfully. ID:142
10-19-2022 @ 12:04:55 - > Finished importing user 142
10-19-2022 @ 12:04:55 - Row :140 - User imported successfully.
10-19-2022 @ 12:04:55 - Row :141 - Parsing item.
10-19-2022 @ 12:04:55 - Row :141 - Processing item.
10-19-2022 @ 12:04:55 - Processing users.
10-19-2022 @ 12:04:55 - > &#8220;143&#8221;User imported successfully. ID:143
10-19-2022 @ 12:04:55 - > Finished importing user 143
10-19-2022 @ 12:04:55 - Row :141 - User imported successfully.
10-19-2022 @ 12:04:55 - Row :142 - Parsing item.
10-19-2022 @ 12:04:55 - Row :142 - Processing item.
10-19-2022 @ 12:04:55 - Processing users.
10-19-2022 @ 12:04:55 - > &#8220;144&#8221;User imported successfully. ID:144
10-19-2022 @ 12:04:55 - > Finished importing user 144
10-19-2022 @ 12:04:55 - Row :142 - User imported successfully.
10-19-2022 @ 12:04:55 - Row :143 - Parsing item.
10-19-2022 @ 12:04:55 - Row :143 - Processing item.
10-19-2022 @ 12:04:55 - Processing users.
10-19-2022 @ 12:04:55 - > &#8220;145&#8221;User imported successfully. ID:145
10-19-2022 @ 12:04:55 - > Finished importing user 145
10-19-2022 @ 12:04:55 - Row :143 - User imported successfully.
10-19-2022 @ 12:04:55 - Row :144 - Parsing item.
10-19-2022 @ 12:04:55 - Row :144 - Processing item.
10-19-2022 @ 12:04:55 - Processing users.
10-19-2022 @ 12:04:55 - > &#8220;146&#8221;User imported successfully. ID:146
10-19-2022 @ 12:04:55 - > Finished importing user 146
10-19-2022 @ 12:04:55 - Row :144 - User imported successfully.
10-19-2022 @ 12:04:55 - Row :145 - Parsing item.
10-19-2022 @ 12:04:55 - Row :145 - Processing item.
10-19-2022 @ 12:04:55 - Processing users.
10-19-2022 @ 12:04:56 - > &#8220;147&#8221;User imported successfully. ID:147
10-19-2022 @ 12:04:56 - > Finished importing user 147
10-19-2022 @ 12:04:56 - Row :145 - User imported successfully.
10-19-2022 @ 12:04:56 - Row :146 - Parsing item.
10-19-2022 @ 12:04:56 - Row :146 - Processing item.
10-19-2022 @ 12:04:56 - Processing users.
10-19-2022 @ 12:04:56 - > &#8220;148&#8221;User imported successfully. ID:148
10-19-2022 @ 12:04:56 - > Finished importing user 148
10-19-2022 @ 12:04:56 - Row :146 - User imported successfully.
10-19-2022 @ 12:04:56 - Row :147 - Parsing item.
10-19-2022 @ 12:04:56 - Row :147 - Processing item.
10-19-2022 @ 12:04:56 - Processing users.
10-19-2022 @ 12:04:56 - > &#8220;149&#8221;User imported successfully. ID:149
10-19-2022 @ 12:04:56 - > Finished importing user 149
10-19-2022 @ 12:04:56 - Row :147 - User imported successfully.
10-19-2022 @ 12:04:56 - Row :148 - Parsing item.
10-19-2022 @ 12:04:56 - Row :148 - Processing item.
10-19-2022 @ 12:04:56 - Processing users.
10-19-2022 @ 12:04:56 - > &#8220;150&#8221;User imported successfully. ID:150
10-19-2022 @ 12:04:56 - > Finished importing user 150
10-19-2022 @ 12:04:56 - Row :148 - User imported successfully.
10-19-2022 @ 12:04:56 - Row :149 - Parsing item.
10-19-2022 @ 12:04:56 - Row :149 - Processing item.
10-19-2022 @ 12:04:56 - Processing users.
10-19-2022 @ 12:04:56 - > &#8220;151&#8221;User imported successfully. ID:151
10-19-2022 @ 12:04:56 - > Finished importing user 151
10-19-2022 @ 12:04:56 - Row :149 - User imported successfully.
10-19-2022 @ 12:04:56 - Row :150 - Parsing item.
10-19-2022 @ 12:04:56 - Row :150 - Processing item.
10-19-2022 @ 12:04:56 - Processing users.
10-19-2022 @ 12:04:56 - > &#8220;152&#8221;User imported successfully. ID:152
10-19-2022 @ 12:04:56 - > Finished importing user 152
10-19-2022 @ 12:04:56 - Row :150 - User imported successfully.
10-19-2022 @ 12:04:57 - Preparing for import.
10-19-2022 @ 12:04:57 - Row :151 - Parsing item.
10-19-2022 @ 12:04:57 - Row :151 - Processing item.
10-19-2022 @ 12:04:57 - Processing users.
10-19-2022 @ 12:04:57 - > &#8220;153&#8221;User imported successfully. ID:153
10-19-2022 @ 12:04:57 - > Finished importing user 153
10-19-2022 @ 12:04:57 - Row :151 - User imported successfully.
10-19-2022 @ 12:04:57 - Row :152 - Parsing item.
10-19-2022 @ 12:04:57 - Row :152 - Processing item.
10-19-2022 @ 12:04:57 - Processing users.
10-19-2022 @ 12:04:57 - > &#8220;154&#8221;User imported successfully. ID:154
10-19-2022 @ 12:04:57 - > Finished importing user 154
10-19-2022 @ 12:04:57 - Row :152 - User imported successfully.
10-19-2022 @ 12:04:57 - Row :153 - Parsing item.
10-19-2022 @ 12:04:57 - Row :153 - Processing item.
10-19-2022 @ 12:04:57 - Processing users.
10-19-2022 @ 12:04:58 - > &#8220;155&#8221;User imported successfully. ID:155
10-19-2022 @ 12:04:58 - > Finished importing user 155
10-19-2022 @ 12:04:58 - Row :153 - User imported successfully.
10-19-2022 @ 12:04:58 - Row :154 - Parsing item.
10-19-2022 @ 12:04:58 - Row :154 - Processing item.
10-19-2022 @ 12:04:58 - Processing users.
10-19-2022 @ 12:04:58 - > &#8220;156&#8221;User imported successfully. ID:156
10-19-2022 @ 12:04:58 - > Finished importing user 156
10-19-2022 @ 12:04:58 - Row :154 - User imported successfully.
10-19-2022 @ 12:04:58 - Row :155 - Parsing item.
10-19-2022 @ 12:04:58 - Row :155 - Processing item.
10-19-2022 @ 12:04:58 - Processing users.
10-19-2022 @ 12:04:58 - > &#8220;157&#8221;User imported successfully. ID:157
10-19-2022 @ 12:04:58 - > Finished importing user 157
10-19-2022 @ 12:04:58 - Row :155 - User imported successfully.
10-19-2022 @ 12:04:58 - Row :156 - Parsing item.
10-19-2022 @ 12:04:58 - Row :156 - Processing item.
10-19-2022 @ 12:04:58 - Processing users.
10-19-2022 @ 12:04:58 - > &#8220;158&#8221;User imported successfully. ID:158
10-19-2022 @ 12:04:58 - > Finished importing user 158
10-19-2022 @ 12:04:58 - Row :156 - User imported successfully.
10-19-2022 @ 12:04:58 - Row :157 - Parsing item.
10-19-2022 @ 12:04:58 - Row :157 - Processing item.
10-19-2022 @ 12:04:58 - Processing users.
10-19-2022 @ 12:04:58 - > &#8220;159&#8221;User imported successfully. ID:159
10-19-2022 @ 12:04:58 - > Finished importing user 159
10-19-2022 @ 12:04:58 - Row :157 - User imported successfully.
10-19-2022 @ 12:04:58 - Row :158 - Parsing item.
10-19-2022 @ 12:04:58 - Row :158 - Processing item.
10-19-2022 @ 12:04:58 - Processing users.
10-19-2022 @ 12:04:58 - > &#8220;160&#8221;User imported successfully. ID:160
10-19-2022 @ 12:04:58 - > Finished importing user 160
10-19-2022 @ 12:04:58 - Row :158 - User imported successfully.
10-19-2022 @ 12:04:58 - Row :159 - Parsing item.
10-19-2022 @ 12:04:58 - Row :159 - Processing item.
10-19-2022 @ 12:04:58 - Processing users.
10-19-2022 @ 12:04:58 - > &#8220;161&#8221;User imported successfully. ID:161
10-19-2022 @ 12:04:58 - > Finished importing user 161
10-19-2022 @ 12:04:58 - Row :159 - User imported successfully.
10-19-2022 @ 12:04:58 - Row :160 - Parsing item.
10-19-2022 @ 12:04:58 - Row :160 - Processing item.
10-19-2022 @ 12:04:58 - Processing users.
10-19-2022 @ 12:04:58 - > &#8220;162&#8221;User imported successfully. ID:162
10-19-2022 @ 12:04:58 - > Finished importing user 162
10-19-2022 @ 12:04:58 - Row :160 - User imported successfully.
10-19-2022 @ 12:04:58 - Row :161 - Parsing item.
10-19-2022 @ 12:04:58 - Row :161 - Processing item.
10-19-2022 @ 12:04:58 - Processing users.
10-19-2022 @ 12:04:59 - > &#8220;163&#8221;User imported successfully. ID:163
10-19-2022 @ 12:04:59 - > Finished importing user 163
10-19-2022 @ 12:04:59 - Row :161 - User imported successfully.
10-19-2022 @ 12:04:59 - Row :162 - Parsing item.
10-19-2022 @ 12:04:59 - Row :162 - Processing item.
10-19-2022 @ 12:04:59 - Processing users.
10-19-2022 @ 12:04:59 - > &#8220;164&#8221;User imported successfully. ID:164
10-19-2022 @ 12:04:59 - > Finished importing user 164
10-19-2022 @ 12:04:59 - Row :162 - User imported successfully.
10-19-2022 @ 12:04:59 - Row :163 - Parsing item.
10-19-2022 @ 12:04:59 - Row :163 - Processing item.
10-19-2022 @ 12:04:59 - Processing users.
10-19-2022 @ 12:04:59 - > &#8220;165&#8221;User imported successfully. ID:165
10-19-2022 @ 12:04:59 - > Finished importing user 165
10-19-2022 @ 12:04:59 - Row :163 - User imported successfully.
10-19-2022 @ 12:04:59 - Row :164 - Parsing item.
10-19-2022 @ 12:04:59 - Row :164 - Processing item.
10-19-2022 @ 12:04:59 - Processing users.
10-19-2022 @ 12:04:59 - > &#8220;166&#8221;User imported successfully. ID:166
10-19-2022 @ 12:04:59 - > Finished importing user 166
10-19-2022 @ 12:04:59 - Row :164 - User imported successfully.
10-19-2022 @ 12:04:59 - Row :165 - Parsing item.
10-19-2022 @ 12:04:59 - Row :165 - Processing item.
10-19-2022 @ 12:04:59 - Processing users.
10-19-2022 @ 12:04:59 - > &#8220;167&#8221;User imported successfully. ID:167
10-19-2022 @ 12:04:59 - > Finished importing user 167
10-19-2022 @ 12:04:59 - Row :165 - User imported successfully.
10-19-2022 @ 12:04:59 - Row :166 - Parsing item.
10-19-2022 @ 12:04:59 - Row :166 - Processing item.
10-19-2022 @ 12:04:59 - Processing users.
10-19-2022 @ 12:04:59 - > &#8220;168&#8221;User imported successfully. ID:168
10-19-2022 @ 12:04:59 - > Finished importing user 168
10-19-2022 @ 12:04:59 - Row :166 - User imported successfully.
10-19-2022 @ 12:04:59 - Row :167 - Parsing item.
10-19-2022 @ 12:04:59 - Row :167 - Processing item.
10-19-2022 @ 12:04:59 - Processing users.
10-19-2022 @ 12:04:59 - > &#8220;169&#8221;User imported successfully. ID:169
10-19-2022 @ 12:04:59 - > Finished importing user 169
10-19-2022 @ 12:04:59 - Row :167 - User imported successfully.
10-19-2022 @ 12:04:59 - Row :168 - Parsing item.
10-19-2022 @ 12:04:59 - Row :168 - Processing item.
10-19-2022 @ 12:04:59 - Processing users.
10-19-2022 @ 12:04:59 - > &#8220;170&#8221;User imported successfully. ID:170
10-19-2022 @ 12:04:59 - > Finished importing user 170
10-19-2022 @ 12:04:59 - Row :168 - User imported successfully.
10-19-2022 @ 12:04:59 - Row :169 - Parsing item.
10-19-2022 @ 12:04:59 - Row :169 - Processing item.
10-19-2022 @ 12:04:59 - Processing users.
10-19-2022 @ 12:05:00 - > &#8220;171&#8221;User imported successfully. ID:171
10-19-2022 @ 12:05:00 - > Finished importing user 171
10-19-2022 @ 12:05:00 - Row :169 - User imported successfully.
10-19-2022 @ 12:05:00 - Row :170 - Parsing item.
10-19-2022 @ 12:05:00 - Row :170 - Processing item.
10-19-2022 @ 12:05:00 - Processing users.
10-19-2022 @ 12:05:00 - > &#8220;172&#8221;User imported successfully. ID:172
10-19-2022 @ 12:05:00 - > Finished importing user 172
10-19-2022 @ 12:05:00 - Row :170 - User imported successfully.
10-19-2022 @ 12:05:00 - Row :171 - Parsing item.
10-19-2022 @ 12:05:00 - Row :171 - Processing item.
10-19-2022 @ 12:05:00 - Processing users.
10-19-2022 @ 12:05:00 - > &#8220;173&#8221;User imported successfully. ID:173
10-19-2022 @ 12:05:00 - > Finished importing user 173
10-19-2022 @ 12:05:00 - Row :171 - User imported successfully.
10-19-2022 @ 12:05:00 - Row :172 - Parsing item.
10-19-2022 @ 12:05:00 - Row :172 - Processing item.
10-19-2022 @ 12:05:00 - Processing users.
10-19-2022 @ 12:05:00 - > &#8220;174&#8221;User imported successfully. ID:174
10-19-2022 @ 12:05:00 - > Finished importing user 174
10-19-2022 @ 12:05:00 - Row :172 - User imported successfully.
10-19-2022 @ 12:05:00 - Row :173 - Parsing item.
10-19-2022 @ 12:05:00 - Row :173 - Processing item.
10-19-2022 @ 12:05:00 - Processing users.
10-19-2022 @ 12:05:00 - > &#8220;175&#8221;User imported successfully. ID:175
10-19-2022 @ 12:05:00 - > Finished importing user 175
10-19-2022 @ 12:05:00 - Row :173 - User imported successfully.
10-19-2022 @ 12:05:00 - Row :174 - Parsing item.
10-19-2022 @ 12:05:00 - Row :174 - Processing item.
10-19-2022 @ 12:05:00 - Processing users.
10-19-2022 @ 12:05:00 - > &#8220;176&#8221;User imported successfully. ID:176
10-19-2022 @ 12:05:00 - > Finished importing user 176
10-19-2022 @ 12:05:00 - Row :174 - User imported successfully.
10-19-2022 @ 12:05:00 - Row :175 - Parsing item.
10-19-2022 @ 12:05:00 - Row :175 - Processing item.
10-19-2022 @ 12:05:00 - Processing users.
10-19-2022 @ 12:05:00 - > &#8220;177&#8221;User imported successfully. ID:177
10-19-2022 @ 12:05:00 - > Finished importing user 177
10-19-2022 @ 12:05:00 - Row :175 - User imported successfully.
10-19-2022 @ 12:05:00 - Row :176 - Parsing item.
10-19-2022 @ 12:05:00 - Row :176 - Processing item.
10-19-2022 @ 12:05:00 - Processing users.
10-19-2022 @ 12:05:01 - > &#8220;178&#8221;User imported successfully. ID:178
10-19-2022 @ 12:05:01 - > Finished importing user 178
10-19-2022 @ 12:05:01 - Row :176 - User imported successfully.
10-19-2022 @ 12:05:01 - Row :177 - Parsing item.
10-19-2022 @ 12:05:01 - Row :177 - Processing item.
10-19-2022 @ 12:05:01 - Processing users.
10-19-2022 @ 12:05:01 - > &#8220;179&#8221;User imported successfully. ID:179
10-19-2022 @ 12:05:01 - > Finished importing user 179
10-19-2022 @ 12:05:01 - Row :177 - User imported successfully.
10-19-2022 @ 12:05:01 - Row :178 - Parsing item.
10-19-2022 @ 12:05:01 - Row :178 - Processing item.
10-19-2022 @ 12:05:01 - Processing users.
10-19-2022 @ 12:05:01 - > &#8220;180&#8221;User imported successfully. ID:180
10-19-2022 @ 12:05:01 - > Finished importing user 180
10-19-2022 @ 12:05:01 - Row :178 - User imported successfully.
10-19-2022 @ 12:05:01 - Row :179 - Parsing item.
10-19-2022 @ 12:05:01 - Row :179 - Processing item.
10-19-2022 @ 12:05:01 - Processing users.
10-19-2022 @ 12:05:01 - > &#8220;181&#8221;User imported successfully. ID:181
10-19-2022 @ 12:05:01 - > Finished importing user 181
10-19-2022 @ 12:05:01 - Row :179 - User imported successfully.
10-19-2022 @ 12:05:01 - Row :180 - Parsing item.
10-19-2022 @ 12:05:01 - Row :180 - Processing item.
10-19-2022 @ 12:05:01 - Processing users.
10-19-2022 @ 12:05:01 - > &#8220;182&#8221;User imported successfully. ID:182
10-19-2022 @ 12:05:01 - > Finished importing user 182
10-19-2022 @ 12:05:01 - Row :180 - User imported successfully.
10-19-2022 @ 12:05:02 - Preparing for import.
10-19-2022 @ 12:05:02 - Row :181 - Parsing item.
10-19-2022 @ 12:05:02 - Row :181 - Processing item.
10-19-2022 @ 12:05:02 - Processing users.
10-19-2022 @ 12:05:02 - > &#8220;183&#8221;User imported successfully. ID:183
10-19-2022 @ 12:05:02 - > Finished importing user 183
10-19-2022 @ 12:05:02 - Row :181 - User imported successfully.
10-19-2022 @ 12:05:02 - Row :182 - Parsing item.
10-19-2022 @ 12:05:02 - Row :182 - Processing item.
10-19-2022 @ 12:05:02 - Processing users.
10-19-2022 @ 12:05:02 - > &#8220;184&#8221;User imported successfully. ID:184
10-19-2022 @ 12:05:02 - > Finished importing user 184
10-19-2022 @ 12:05:02 - Row :182 - User imported successfully.
10-19-2022 @ 12:05:02 - Row :183 - Parsing item.
10-19-2022 @ 12:05:02 - Row :183 - Processing item.
10-19-2022 @ 12:05:02 - Processing users.
10-19-2022 @ 12:05:03 - > &#8220;185&#8221;User imported successfully. ID:185
10-19-2022 @ 12:05:03 - > Finished importing user 185
10-19-2022 @ 12:05:03 - Row :183 - User imported successfully.
10-19-2022 @ 12:05:03 - Row :184 - Parsing item.
10-19-2022 @ 12:05:03 - Row :184 - Processing item.
10-19-2022 @ 12:05:03 - Processing users.
10-19-2022 @ 12:05:03 - > &#8220;186&#8221;User imported successfully. ID:186
10-19-2022 @ 12:05:03 - > Finished importing user 186
10-19-2022 @ 12:05:03 - Row :184 - User imported successfully.
10-19-2022 @ 12:05:03 - Row :185 - Parsing item.
10-19-2022 @ 12:05:03 - Row :185 - Processing item.
10-19-2022 @ 12:05:03 - Processing users.
10-19-2022 @ 12:05:03 - > &#8220;187&#8221;User imported successfully. ID:187
10-19-2022 @ 12:05:03 - > Finished importing user 187
10-19-2022 @ 12:05:03 - Row :185 - User imported successfully.
10-19-2022 @ 12:05:03 - Row :186 - Parsing item.
10-19-2022 @ 12:05:03 - Row :186 - Processing item.
10-19-2022 @ 12:05:03 - Processing users.
10-19-2022 @ 12:05:03 - > &#8220;188&#8221;User imported successfully. ID:188
10-19-2022 @ 12:05:03 - > Finished importing user 188
10-19-2022 @ 12:05:03 - Row :186 - User imported successfully.
10-19-2022 @ 12:05:03 - Row :187 - Parsing item.
10-19-2022 @ 12:05:03 - Row :187 - Processing item.
10-19-2022 @ 12:05:03 - Processing users.
10-19-2022 @ 12:05:03 - > &#8220;189&#8221;User imported successfully. ID:189
10-19-2022 @ 12:05:03 - > Finished importing user 189
10-19-2022 @ 12:05:03 - Row :187 - User imported successfully.
10-19-2022 @ 12:05:03 - Row :188 - Parsing item.
10-19-2022 @ 12:05:03 - Row :188 - Processing item.
10-19-2022 @ 12:05:03 - Processing users.
10-19-2022 @ 12:05:03 - > &#8220;190&#8221;User imported successfully. ID:190
10-19-2022 @ 12:05:03 - > Finished importing user 190
10-19-2022 @ 12:05:03 - Row :188 - User imported successfully.
10-19-2022 @ 12:05:03 - Row :189 - Parsing item.
10-19-2022 @ 12:05:03 - Row :189 - Processing item.
10-19-2022 @ 12:05:03 - Processing users.
10-19-2022 @ 12:05:03 - > &#8220;191&#8221;User imported successfully. ID:191
10-19-2022 @ 12:05:03 - > Finished importing user 191
10-19-2022 @ 12:05:03 - Row :189 - User imported successfully.
10-19-2022 @ 12:05:03 - Row :190 - Parsing item.
10-19-2022 @ 12:05:03 - Row :190 - Processing item.
10-19-2022 @ 12:05:03 - Processing users.
10-19-2022 @ 12:05:04 - > &#8220;192&#8221;User imported successfully. ID:192
10-19-2022 @ 12:05:04 - > Finished importing user 192
10-19-2022 @ 12:05:04 - Row :190 - User imported successfully.
10-19-2022 @ 12:05:04 - Row :191 - Parsing item.
10-19-2022 @ 12:05:04 - Row :191 - Processing item.
10-19-2022 @ 12:05:04 - Processing users.
10-19-2022 @ 12:05:04 - > &#8220;193&#8221;User imported successfully. ID:193
10-19-2022 @ 12:05:04 - > Finished importing user 193
10-19-2022 @ 12:05:04 - Row :191 - User imported successfully.
10-19-2022 @ 12:05:04 - Row :192 - Parsing item.
10-19-2022 @ 12:05:04 - Row :192 - Processing item.
10-19-2022 @ 12:05:04 - Processing users.
10-19-2022 @ 12:05:04 - > &#8220;194&#8221;User imported successfully. ID:194
10-19-2022 @ 12:05:04 - > Finished importing user 194
10-19-2022 @ 12:05:04 - Row :192 - User imported successfully.
10-19-2022 @ 12:05:04 - Row :193 - Parsing item.
10-19-2022 @ 12:05:04 - Row :193 - Processing item.
10-19-2022 @ 12:05:04 - Processing users.
10-19-2022 @ 12:05:04 - > &#8220;195&#8221;User imported successfully. ID:195
10-19-2022 @ 12:05:04 - > Finished importing user 195
10-19-2022 @ 12:05:04 - Row :193 - User imported successfully.
10-19-2022 @ 12:05:04 - Row :194 - Parsing item.
10-19-2022 @ 12:05:04 - Row :194 - Processing item.
10-19-2022 @ 12:05:04 - Processing users.
10-19-2022 @ 12:05:04 - > &#8220;196&#8221;User imported successfully. ID:196
10-19-2022 @ 12:05:04 - > Finished importing user 196
10-19-2022 @ 12:05:04 - Row :194 - User imported successfully.
10-19-2022 @ 12:05:04 - Row :195 - Parsing item.
10-19-2022 @ 12:05:04 - Row :195 - Processing item.
10-19-2022 @ 12:05:04 - Processing users.
10-19-2022 @ 12:05:04 - > &#8220;197&#8221;User imported successfully. ID:197
10-19-2022 @ 12:05:04 - > Finished importing user 197
10-19-2022 @ 12:05:04 - Row :195 - User imported successfully.
10-19-2022 @ 12:05:04 - Row :196 - Parsing item.
10-19-2022 @ 12:05:04 - Row :196 - Processing item.
10-19-2022 @ 12:05:04 - Processing users.
10-19-2022 @ 12:05:04 - > &#8220;198&#8221;User imported successfully. ID:198
10-19-2022 @ 12:05:04 - > Finished importing user 198
10-19-2022 @ 12:05:04 - Row :196 - User imported successfully.
10-19-2022 @ 12:05:04 - Row :197 - Parsing item.
10-19-2022 @ 12:05:04 - Row :197 - Processing item.
10-19-2022 @ 12:05:04 - Processing users.
10-19-2022 @ 12:05:04 - > &#8220;199&#8221;User imported successfully. ID:199
10-19-2022 @ 12:05:04 - > Finished importing user 199
10-19-2022 @ 12:05:04 - Row :197 - User imported successfully.
10-19-2022 @ 12:05:04 - Row :198 - Parsing item.
10-19-2022 @ 12:05:04 - Row :198 - Processing item.
10-19-2022 @ 12:05:04 - Processing users.
10-19-2022 @ 12:05:05 - > &#8220;200&#8221;User imported successfully. ID:200
10-19-2022 @ 12:05:05 - > Finished importing user 200
10-19-2022 @ 12:05:05 - Row :198 - User imported successfully.
10-19-2022 @ 12:05:05 - Row :199 - Parsing item.
10-19-2022 @ 12:05:05 - Row :199 - Processing item.
10-19-2022 @ 12:05:05 - Processing users.
10-19-2022 @ 12:05:05 - > &#8220;201&#8221;User imported successfully. ID:201
10-19-2022 @ 12:05:05 - > Finished importing user 201
10-19-2022 @ 12:05:05 - Row :199 - User imported successfully.
10-19-2022 @ 12:05:05 - Row :200 - Parsing item.
10-19-2022 @ 12:05:05 - Row :200 - Processing item.
10-19-2022 @ 12:05:05 - Processing users.
10-19-2022 @ 12:05:05 - > &#8220;202&#8221;User imported successfully. ID:202
10-19-2022 @ 12:05:05 - > Finished importing user 202
10-19-2022 @ 12:05:05 - Row :200 - User imported successfully.
10-19-2022 @ 12:05:05 - Row :201 - Parsing item.
10-19-2022 @ 12:05:05 - Row :201 - Processing item.
10-19-2022 @ 12:05:05 - Processing users.
10-19-2022 @ 12:05:05 - > &#8220;203&#8221;User imported successfully. ID:203
10-19-2022 @ 12:05:05 - > Finished importing user 203
10-19-2022 @ 12:05:05 - Row :201 - User imported successfully.
10-19-2022 @ 12:05:05 - Row :202 - Parsing item.
10-19-2022 @ 12:05:05 - Row :202 - Processing item.
10-19-2022 @ 12:05:05 - Processing users.
10-19-2022 @ 12:05:05 - > &#8220;204&#8221;User imported successfully. ID:204
10-19-2022 @ 12:05:05 - > Finished importing user 204
10-19-2022 @ 12:05:05 - Row :202 - User imported successfully.
10-19-2022 @ 12:05:05 - Row :203 - Parsing item.
10-19-2022 @ 12:05:05 - Row :203 - Processing item.
10-19-2022 @ 12:05:05 - Processing users.
10-19-2022 @ 12:05:05 - > &#8220;205&#8221;User imported successfully. ID:205
10-19-2022 @ 12:05:05 - > Finished importing user 205
10-19-2022 @ 12:05:05 - Row :203 - User imported successfully.
10-19-2022 @ 12:05:05 - Row :204 - Parsing item.
10-19-2022 @ 12:05:05 - Row :204 - Processing item.
10-19-2022 @ 12:05:05 - Processing users.
10-19-2022 @ 12:05:05 - > &#8220;206&#8221;User imported successfully. ID:206
10-19-2022 @ 12:05:05 - > Finished importing user 206
10-19-2022 @ 12:05:05 - Row :204 - User imported successfully.
10-19-2022 @ 12:05:05 - Row :205 - Parsing item.
10-19-2022 @ 12:05:05 - Row :205 - Processing item.
10-19-2022 @ 12:05:05 - Processing users.
10-19-2022 @ 12:05:05 - > &#8220;207&#8221;User imported successfully. ID:207
10-19-2022 @ 12:05:05 - > Finished importing user 207
10-19-2022 @ 12:05:05 - Row :205 - User imported successfully.
10-19-2022 @ 12:05:05 - Row :206 - Parsing item.
10-19-2022 @ 12:05:05 - Row :206 - Processing item.
10-19-2022 @ 12:05:05 - Processing users.
10-19-2022 @ 12:05:06 - > &#8220;208&#8221;User imported successfully. ID:208
10-19-2022 @ 12:05:06 - > Finished importing user 208
10-19-2022 @ 12:05:06 - Row :206 - User imported successfully.
10-19-2022 @ 12:05:06 - Row :207 - Parsing item.
10-19-2022 @ 12:05:06 - Row :207 - Processing item.
10-19-2022 @ 12:05:06 - Processing users.
10-19-2022 @ 12:05:06 - > &#8220;209&#8221;User imported successfully. ID:209
10-19-2022 @ 12:05:06 - > Finished importing user 209
10-19-2022 @ 12:05:06 - Row :207 - User imported successfully.
10-19-2022 @ 12:05:06 - Row :208 - Parsing item.
10-19-2022 @ 12:05:06 - Row :208 - Processing item.
10-19-2022 @ 12:05:06 - Processing users.
10-19-2022 @ 12:05:06 - > &#8220;210&#8221;User imported successfully. ID:210
10-19-2022 @ 12:05:06 - > Finished importing user 210
10-19-2022 @ 12:05:06 - Row :208 - User imported successfully.
10-19-2022 @ 12:05:06 - Row :209 - Parsing item.
10-19-2022 @ 12:05:06 - Row :209 - Processing item.
10-19-2022 @ 12:05:06 - Processing users.
10-19-2022 @ 12:05:06 - > &#8220;211&#8221;User imported successfully. ID:211
10-19-2022 @ 12:05:06 - > Finished importing user 211
10-19-2022 @ 12:05:06 - Row :209 - User imported successfully.
10-19-2022 @ 12:05:06 - Row :210 - Parsing item.
10-19-2022 @ 12:05:06 - Row :210 - Processing item.
10-19-2022 @ 12:05:06 - Processing users.
10-19-2022 @ 12:05:06 - > &#8220;212&#8221;User imported successfully. ID:212
10-19-2022 @ 12:05:06 - > Finished importing user 212
10-19-2022 @ 12:05:06 - Row :210 - User imported successfully.
10-19-2022 @ 12:05:07 - Preparing for import.
10-19-2022 @ 12:05:07 - Row :211 - Parsing item.
10-19-2022 @ 12:05:07 - Row :211 - Processing item.
10-19-2022 @ 12:05:07 - Processing users.
10-19-2022 @ 12:05:07 - > &#8220;213&#8221;User imported successfully. ID:213
10-19-2022 @ 12:05:07 - > Finished importing user 213
10-19-2022 @ 12:05:07 - Row :211 - User imported successfully.
10-19-2022 @ 12:05:07 - Row :212 - Parsing item.
10-19-2022 @ 12:05:07 - Row :212 - Processing item.
10-19-2022 @ 12:05:07 - Processing users.
10-19-2022 @ 12:05:07 - > &#8220;214&#8221;User imported successfully. ID:214
10-19-2022 @ 12:05:07 - > Finished importing user 214
10-19-2022 @ 12:05:07 - Row :212 - User imported successfully.
10-19-2022 @ 12:05:07 - Row :213 - Parsing item.
10-19-2022 @ 12:05:07 - Row :213 - Processing item.
10-19-2022 @ 12:05:07 - Processing users.
10-19-2022 @ 12:05:07 - > &#8220;215&#8221;User imported successfully. ID:215
10-19-2022 @ 12:05:07 - > Finished importing user 215
10-19-2022 @ 12:05:07 - Row :213 - User imported successfully.
10-19-2022 @ 12:05:07 - Row :214 - Parsing item.
10-19-2022 @ 12:05:07 - Row :214 - Processing item.
10-19-2022 @ 12:05:07 - Processing users.
10-19-2022 @ 12:05:07 - > &#8220;216&#8221;User imported successfully. ID:216
10-19-2022 @ 12:05:07 - > Finished importing user 216
10-19-2022 @ 12:05:07 - Row :214 - User imported successfully.
10-19-2022 @ 12:05:07 - Row :215 - Parsing item.
10-19-2022 @ 12:05:07 - Row :215 - Processing item.
10-19-2022 @ 12:05:07 - Processing users.
10-19-2022 @ 12:05:08 - > &#8220;217&#8221;User imported successfully. ID:217
10-19-2022 @ 12:05:08 - > Finished importing user 217
10-19-2022 @ 12:05:08 - Row :215 - User imported successfully.
10-19-2022 @ 12:05:08 - Row :216 - Parsing item.
10-19-2022 @ 12:05:08 - Row :216 - Processing item.
10-19-2022 @ 12:05:08 - Processing users.
10-19-2022 @ 12:05:08 - > &#8220;218&#8221;User imported successfully. ID:218
10-19-2022 @ 12:05:08 - > Finished importing user 218
10-19-2022 @ 12:05:08 - Row :216 - User imported successfully.
10-19-2022 @ 12:05:08 - Row :217 - Parsing item.
10-19-2022 @ 12:05:08 - Row :217 - Processing item.
10-19-2022 @ 12:05:08 - Processing users.
10-19-2022 @ 12:05:08 - > &#8220;219&#8221;User imported successfully. ID:219
10-19-2022 @ 12:05:08 - > Finished importing user 219
10-19-2022 @ 12:05:08 - Row :217 - User imported successfully.
10-19-2022 @ 12:05:08 - Row :218 - Parsing item.
10-19-2022 @ 12:05:08 - Row :218 - Processing item.
10-19-2022 @ 12:05:08 - Processing users.
10-19-2022 @ 12:05:08 - > &#8220;220&#8221;User imported successfully. ID:220
10-19-2022 @ 12:05:08 - > Finished importing user 220
10-19-2022 @ 12:05:08 - Row :218 - User imported successfully.
10-19-2022 @ 12:05:08 - Row :219 - Parsing item.
10-19-2022 @ 12:05:08 - Row :219 - Processing item.
10-19-2022 @ 12:05:08 - Processing users.
10-19-2022 @ 12:05:08 - > &#8220;221&#8221;User imported successfully. ID:221
10-19-2022 @ 12:05:08 - > Finished importing user 221
10-19-2022 @ 12:05:08 - Row :219 - User imported successfully.
10-19-2022 @ 12:05:08 - Row :220 - Parsing item.
10-19-2022 @ 12:05:08 - Row :220 - Processing item.
10-19-2022 @ 12:05:08 - Processing users.
10-19-2022 @ 12:05:08 - > &#8220;222&#8221;User imported successfully. ID:222
10-19-2022 @ 12:05:08 - > Finished importing user 222
10-19-2022 @ 12:05:08 - Row :220 - User imported successfully.
10-19-2022 @ 12:05:08 - Row :221 - Parsing item.
10-19-2022 @ 12:05:08 - Row :221 - Processing item.
10-19-2022 @ 12:05:08 - Processing users.
10-19-2022 @ 12:05:08 - > &#8220;223&#8221;User imported successfully. ID:223
10-19-2022 @ 12:05:08 - > Finished importing user 223
10-19-2022 @ 12:05:08 - Row :221 - User imported successfully.
10-19-2022 @ 12:05:08 - Row :222 - Parsing item.
10-19-2022 @ 12:05:08 - Row :222 - Processing item.
10-19-2022 @ 12:05:08 - Processing users.
10-19-2022 @ 12:05:08 - > &#8220;224&#8221;User imported successfully. ID:224
10-19-2022 @ 12:05:08 - > Finished importing user 224
10-19-2022 @ 12:05:08 - Row :222 - User imported successfully.
10-19-2022 @ 12:05:08 - Row :223 - Parsing item.
10-19-2022 @ 12:05:08 - Row :223 - Processing item.
10-19-2022 @ 12:05:08 - Processing users.
10-19-2022 @ 12:05:08 - > &#8220;225&#8221;User imported successfully. ID:225
10-19-2022 @ 12:05:08 - > Finished importing user 225
10-19-2022 @ 12:05:08 - Row :223 - User imported successfully.
10-19-2022 @ 12:05:08 - Row :224 - Parsing item.
10-19-2022 @ 12:05:08 - Row :224 - Processing item.
10-19-2022 @ 12:05:08 - Processing users.
10-19-2022 @ 12:05:08 - > &#8220;226&#8221;User imported successfully. ID:226
10-19-2022 @ 12:05:08 - > Finished importing user 226
10-19-2022 @ 12:05:08 - Row :224 - User imported successfully.
10-19-2022 @ 12:05:08 - Row :225 - Parsing item.
10-19-2022 @ 12:05:08 - Row :225 - Processing item.
10-19-2022 @ 12:05:08 - Processing users.
10-19-2022 @ 12:05:09 - > &#8220;227&#8221;User imported successfully. ID:227
10-19-2022 @ 12:05:09 - > Finished importing user 227
10-19-2022 @ 12:05:09 - Row :225 - User imported successfully.
10-19-2022 @ 12:05:09 - Row :226 - Parsing item.
10-19-2022 @ 12:05:09 - Row :226 - Processing item.
10-19-2022 @ 12:05:09 - Processing users.
10-19-2022 @ 12:05:09 - > &#8220;228&#8221;User imported successfully. ID:228
10-19-2022 @ 12:05:09 - > Finished importing user 228
10-19-2022 @ 12:05:09 - Row :226 - User imported successfully.
10-19-2022 @ 12:05:09 - Row :227 - Parsing item.
10-19-2022 @ 12:05:09 - Row :227 - Processing item.
10-19-2022 @ 12:05:09 - Processing users.
10-19-2022 @ 12:05:09 - > &#8220;229&#8221;User imported successfully. ID:229
10-19-2022 @ 12:05:09 - > Finished importing user 229
10-19-2022 @ 12:05:09 - Row :227 - User imported successfully.
10-19-2022 @ 12:05:09 - Row :228 - Parsing item.
10-19-2022 @ 12:05:09 - Row :228 - Processing item.
10-19-2022 @ 12:05:09 - Processing users.
10-19-2022 @ 12:05:09 - > &#8220;230&#8221;User imported successfully. ID:230
10-19-2022 @ 12:05:09 - > Finished importing user 230
10-19-2022 @ 12:05:09 - Row :228 - User imported successfully.
10-19-2022 @ 12:05:09 - Row :229 - Parsing item.
10-19-2022 @ 12:05:09 - Row :229 - Processing item.
10-19-2022 @ 12:05:09 - Processing users.
10-19-2022 @ 12:05:09 - > &#8220;231&#8221;User imported successfully. ID:231
10-19-2022 @ 12:05:09 - > Finished importing user 231
10-19-2022 @ 12:05:09 - Row :229 - User imported successfully.
10-19-2022 @ 12:05:09 - Row :230 - Parsing item.
10-19-2022 @ 12:05:09 - Row :230 - Processing item.
10-19-2022 @ 12:05:09 - Processing users.
10-19-2022 @ 12:05:09 - > &#8220;232&#8221;User imported successfully. ID:232
10-19-2022 @ 12:05:09 - > Finished importing user 232
10-19-2022 @ 12:05:09 - Row :230 - User imported successfully.
10-19-2022 @ 12:05:09 - Row :231 - Parsing item.
10-19-2022 @ 12:05:09 - Row :231 - Processing item.
10-19-2022 @ 12:05:09 - Processing users.
10-19-2022 @ 12:05:09 - > &#8220;233&#8221;User imported successfully. ID:233
10-19-2022 @ 12:05:09 - > Finished importing user 233
10-19-2022 @ 12:05:09 - Row :231 - User imported successfully.
10-19-2022 @ 12:05:09 - Row :232 - Parsing item.
10-19-2022 @ 12:05:09 - Row :232 - Processing item.
10-19-2022 @ 12:05:09 - Processing users.
10-19-2022 @ 12:05:09 - > &#8220;234&#8221;User imported successfully. ID:234
10-19-2022 @ 12:05:09 - > Finished importing user 234
10-19-2022 @ 12:05:09 - Row :232 - User imported successfully.
10-19-2022 @ 12:05:09 - ---[ Import ended at 2022-10-19 12:05:09]---
